Using pre-set license
Built from '2022.3/staging' branch; Version is '2022.3.19f1 (244b723c30a6) revision 2378610'; Using compiler version '192829333'; Build Type 'Release'
OS: 'Windows 10  (10.0.19045) 64bit Professional' Language: 'es' Physical Memory: 16164 MB
BatchMode: 1, IsHumanControllingUs: 0, StartBugReporterOnCrash: 0, Is64bit: 1, IsPro: 1

COMMAND LINE ARGUMENTS:
C:\Program Files\Unity\Hub\Editor\2022.3.19f1\Editor\Unity.exe
-adb2
-batchMode
-noUpm
-name
AssetImportWorker7
-projectPath
D:/GitHub/PinchoBros2D/PinchoBros2D
-logFile
Logs/AssetImportWorker7.log
-srvPort
50428
Successfully changed project path to: D:/GitHub/PinchoBros2D/PinchoBros2D
D:/GitHub/PinchoBros2D/PinchoBros2D
[UnityMemory] Configuration Parameters - Can be set up in boot.config
    "memorysetup-bucket-allocator-granularity=16"
    "memorysetup-bucket-allocator-bucket-count=8"
    "memorysetup-bucket-allocator-block-size=33554432"
    "memorysetup-bucket-allocator-block-count=8"
    "memorysetup-main-allocator-block-size=16777216"
    "memorysetup-thread-allocator-block-size=16777216"
    "memorysetup-gfx-main-allocator-block-size=16777216"
    "memorysetup-gfx-thread-allocator-block-size=16777216"
    "memorysetup-cache-allocator-block-size=4194304"
    "memorysetup-typetree-allocator-block-size=2097152"
    "memorysetup-profiler-bucket-allocator-granularity=16"
    "memorysetup-profiler-bucket-allocator-bucket-count=8"
    "memorysetup-profiler-bucket-allocator-block-size=33554432"
    "memorysetup-profiler-bucket-allocator-block-count=8"
    "memorysetup-profiler-allocator-block-size=16777216"
    "memorysetup-profiler-editor-allocator-block-size=1048576"
    "memorysetup-temp-allocator-size-main=16777216"
    "memorysetup-job-temp-allocator-block-size=2097152"
    "memorysetup-job-temp-allocator-block-size-background=1048576"
    "memorysetup-job-temp-allocator-reduction-small-platforms=262144"
    "memorysetup-allocator-temp-initial-block-size-main=262144"
    "memorysetup-allocator-temp-initial-block-size-worker=262144"
    "memorysetup-temp-allocator-size-background-worker=32768"
    "memorysetup-temp-allocator-size-job-worker=262144"
    "memorysetup-temp-allocator-size-preload-manager=33554432"
    "memorysetup-temp-allocator-size-nav-mesh-worker=65536"
    "memorysetup-temp-allocator-size-audio-worker=65536"
    "memorysetup-temp-allocator-size-cloud-worker=32768"
    "memorysetup-temp-allocator-size-gi-baking-worker=262144"
    "memorysetup-temp-allocator-size-gfx=262144"
Player connection [21860] Host "[IP] 172.17.17.165 [Port] 0 [Flags] 2 [Guid] 625653053 [EditorId] 625653053 [Version] 1048832 [Id] WindowsEditor(7,DESKTOP-CD42DPL) [Debug] 1 [PackageName] WindowsEditor [ProjectName] Editor" joined multi-casting on [225.0.0.222:54997]...

Player connection [21860] Host "[IP] 172.17.17.165 [Port] 0 [Flags] 2 [Guid] 625653053 [EditorId] 625653053 [Version] 1048832 [Id] WindowsEditor(7,DESKTOP-CD42DPL) [Debug] 1 [PackageName] WindowsEditor [ProjectName] Editor" joined alternative multi-casting on [225.0.0.222:34997]...

[Physics::Module] Initialized MultithreadedJobDispatcher with 11 workers.
Refreshing native plugins compatible for Editor in 6.95 ms, found 4 plugins.
Preloading 0 native plugins for Editor in 0.00 ms.
Initialize engine version: 2022.3.19f1 (244b723c30a6)
[Subsystems] Discovering subsystems at path C:/Program Files/Unity/Hub/Editor/2022.3.19f1/Editor/Data/Resources/UnitySubsystems
[Subsystems] Discovering subsystems at path D:/GitHub/PinchoBros2D/PinchoBros2D/Assets
GfxDevice: creating device client; threaded=0; jobified=0
Direct3D:
    Version:  Direct3D 11.0 [level 11.1]
    Renderer: NVIDIA GeForce RTX 3060 Ti (ID=0x2489)
    Vendor:   NVIDIA
    VRAM:     8024 MB
    Driver:   32.0.15.6070
Initialize mono
Mono path[0] = 'C:/Program Files/Unity/Hub/Editor/2022.3.19f1/Editor/Data/Managed'
Mono path[1] = 'C:/Program Files/Unity/Hub/Editor/2022.3.19f1/Editor/Data/MonoBleedingEdge/lib/mono/unityjit-win32'
Mono config path = 'C:/Program Files/Unity/Hub/Editor/2022.3.19f1/Editor/Data/MonoBleedingEdge/etc'
Using monoOptions --debugger-agent=transport=dt_socket,embedding=1,server=y,suspend=n,address=127.0.0.1:56952
Begin MonoManager ReloadAssembly
Registering precompiled unity dll's ...
Register platform support module: C:/Program Files/Unity/Hub/Editor/2022.3.19f1/Editor/Data/PlaybackEngines/WebGLSupport/UnityEditor.WebGL.Extensions.dll
Register platform support module: C:/Program Files/Unity/Hub/Editor/2022.3.19f1/Editor/Data/PlaybackEngines/AndroidPlayer/UnityEditor.Android.Extensions.dll
Register platform support module: C:/Program Files/Unity/Hub/Editor/2022.3.19f1/Editor/Data/PlaybackEngines/WindowsStandaloneSupport/UnityEditor.WindowsStandalone.Extensions.dll
Register platform support module: C:/Program Files/Unity/Hub/Editor/2022.3.19f1/Editor/Data/PlaybackEngines/MetroSupport/UnityEditor.UWP.Extensions.dll
Registered in 0.016021 seconds.
- Loaded All Assemblies, in  0.459 seconds
Native extension for UWP target not found
Native extension for WindowsStandalone target not found
Native extension for Android target not found
Android Extension - Scanning For ADB Devices 207 ms
Native extension for WebGL target not found
Mono: successfully reloaded assembly
- Finished resetting the current domain, in  0.609 seconds
Domain Reload Profiling: 1066ms
	BeginReloadAssembly (125ms)
		ExecutionOrderSort (0ms)
		DisableScriptedObjects (0ms)
		BackupInstance (0ms)
		ReleaseScriptingObjects (0ms)
		CreateAndSetChildDomain (1ms)
	RebuildCommonClasses (44ms)
	RebuildNativeTypeToScriptingClass (13ms)
	initialDomainReloadingComplete (79ms)
	LoadAllAssembliesAndSetupDomain (197ms)
		LoadAssemblies (123ms)
		RebuildTransferFunctionScriptingTraits (0ms)
		AnalyzeDomain (194ms)
			TypeCache.Refresh (192ms)
				TypeCache.ScanAssembly (174ms)
			ScanForSourceGeneratedMonoScriptInfo (0ms)
			ResolveRequiredComponents (1ms)
	FinalizeReload (609ms)
		ReleaseScriptCaches (0ms)
		RebuildScriptCaches (0ms)
		SetupLoadedEditorAssemblies (539ms)
			LogAssemblyErrors (0ms)
			InitializePlatformSupportModulesInManaged (339ms)
			SetLoadedEditorAssemblies (4ms)
			RefreshPlugins (0ms)
			BeforeProcessingInitializeOnLoad (2ms)
			ProcessInitializeOnLoadAttributes (137ms)
			ProcessInitializeOnLoadMethodAttributes (56ms)
			AfterProcessingInitializeOnLoad (0ms)
			EditorAssembliesLoaded (0ms)
		ExecutionOrderSort2 (0ms)
		AwakeInstancesAfterBackupRestoration (0ms)
========================================================================
Worker process is ready to serve import requests
Begin MonoManager ReloadAssembly
- Loaded All Assemblies, in  0.782 seconds
Refreshing native plugins compatible for Editor in 3.88 ms, found 4 plugins.
Native extension for UWP target not found
Native extension for WindowsStandalone target not found
Native extension for Android target not found
Native extension for WebGL target not found
Package Manager log level set to [2]
[Package Manager] Server::EnsureServerProcessIsRunning -- launch failed, reason: Unity was launched with the -noUpm command-line argument
[Package Manager] UpmClient::Send -- Unable to send message (not connected to UPM process).
[Package Manager] Cannot connect to Unity Package Manager local server
Mono: successfully reloaded assembly
- Finished resetting the current domain, in  0.794 seconds
Domain Reload Profiling: 1574ms
	BeginReloadAssembly (178ms)
		ExecutionOrderSort (0ms)
		DisableScriptedObjects (7ms)
		BackupInstance (0ms)
		ReleaseScriptingObjects (0ms)
		CreateAndSetChildDomain (30ms)
	RebuildCommonClasses (43ms)
	RebuildNativeTypeToScriptingClass (13ms)
	initialDomainReloadingComplete (53ms)
	LoadAllAssembliesAndSetupDomain (491ms)
		LoadAssemblies (352ms)
		RebuildTransferFunctionScriptingTraits (0ms)
		AnalyzeDomain (240ms)
			TypeCache.Refresh (204ms)
				TypeCache.ScanAssembly (179ms)
			ScanForSourceGeneratedMonoScriptInfo (28ms)
			ResolveRequiredComponents (6ms)
	FinalizeReload (795ms)
		ReleaseScriptCaches (0ms)
		RebuildScriptCaches (0ms)
		SetupLoadedEditorAssemblies (593ms)
			LogAssemblyErrors (0ms)
			InitializePlatformSupportModulesInManaged (36ms)
			SetLoadedEditorAssemblies (4ms)
			RefreshPlugins (0ms)
			BeforeProcessingInitializeOnLoad (83ms)
			ProcessInitializeOnLoadAttributes (414ms)
			ProcessInitializeOnLoadMethodAttributes (45ms)
			AfterProcessingInitializeOnLoad (11ms)
			EditorAssembliesLoaded (0ms)
		ExecutionOrderSort2 (0ms)
		AwakeInstancesAfterBackupRestoration (6ms)
Launched and connected shader compiler UnityShaderCompiler.exe after 0.03 seconds
Refreshing native plugins compatible for Editor in 2.54 ms, found 4 plugins.
Preloading 0 native plugins for Editor in 0.00 ms.
Unloading 4206 Unused Serialized files (Serialized files now loaded: 0)
Unloading 77 unused Assets / (135.9 KB). Loaded Objects now: 4671.
Memory consumption went from 154.2 MB to 154.1 MB.
Total: 3.517700 ms (FindLiveObjects: 0.339200 ms CreateObjectMapping: 0.316600 ms MarkObjects: 2.697500 ms  DeleteObjects: 0.163400 ms)

AssetImportParameters requested are different than current active one (requested -> active):
  custom:container-demuxer-ogg: 62fdf1f143b41e24485cea50d1cbac27 -> 
  custom:video-decoder-ogg-theora: a1e56fd34408186e4bbccfd4996cb3dc -> 
  custom:framework-win-MediaFoundation: 216162199b28c13a410421893ffa2e32 -> 
  custom:CustomObjectIndexerAttribute: 6d391050e5a25f67b0a2c618074f2cd9 -> 
  custom:container-demuxer-webm: 4f35f7cbe854078d1ac9338744f61a02 -> 
  custom:container-muxer-webm: aa71ff27fc2769a1b78a27578f13a17b -> 
  custom:video-decoder-webm-vp8: 9c59270c3fd7afecdb556c50c9e8de78 -> 
  custom:SearchIndexIgnoredProperties: e643bd26f0fe6173181afceb89e7c659 -> 
  custom:AudioImporter_EditorPlatform: d09bf68614088b80899f8185d706f6e7 -> 
  custom:video-encoder-webm-vp8: eb34c28f22e8b96e1ab97ce403110664 -> 
  custom:audio-decoder-ogg-vorbis: bf7c407c2cedff20999df2af8eb42d56 -> 
  custom:audio-encoder-webm-vorbis: bf7c407c2cedff20999df2af8eb42d56 -> 
========================================================================
Received Import Request.
  Time since last request: 6288.784421 seconds.
  path: Assets/Imagenes/Texturas de mapa/agua abajo_0.asset
  artifactKey: Guid(1dbb1657be99cc44d95f5605522d12ad) Importer(815301076,1909f56bfc062723c751e8b465ee728b)
Start importing Assets/Imagenes/Texturas de mapa/agua abajo_0.asset using Guid(1dbb1657be99cc44d95f5605522d12ad) Importer(815301076,1909f56bfc062723c751e8b465ee728b)  -> (artifact id: 'a279537ecaf9fb190e8f26a3e518ac98') in 0.054346 seconds
Number of updated asset objects reloaded before import = 0
Number of asset objects unloaded after import = 3
========================================================================
Received Import Request.
  Time since last request: 6.932785 seconds.
  path: Assets/Imagenes/Texturas de mapa/suelo arriba_1.asset
  artifactKey: Guid(2d694dc2b4afc1f45bbfa83cf2ddbb23) Importer(815301076,1909f56bfc062723c751e8b465ee728b)
Start importing Assets/Imagenes/Texturas de mapa/suelo arriba_1.asset using Guid(2d694dc2b4afc1f45bbfa83cf2ddbb23) Importer(815301076,1909f56bfc062723c751e8b465ee728b)  -> (artifact id: 'a0df684a2f3ba2aa36c774e5e3aebf8f') in 0.011636 seconds
Number of updated asset objects reloaded before import = 0
Number of asset objects unloaded after import = 3
========================================================================
Received Import Request.
  Time since last request: 925.632427 seconds.
  path: Assets/Imagenes/Fondos/fondo 1/Fondo 1/agua abajo_1_1.asset
  artifactKey: Guid(19e5fcacdfa2e3a4cb80b5162aecffa1) Importer(815301076,1909f56bfc062723c751e8b465ee728b)
Start importing Assets/Imagenes/Fondos/fondo 1/Fondo 1/agua abajo_1_1.asset using Guid(19e5fcacdfa2e3a4cb80b5162aecffa1) Importer(815301076,1909f56bfc062723c751e8b465ee728b)  -> (artifact id: 'fedb2a5fa1e7e3d6be453748d0a92c08') in 0.016495 seconds
Number of updated asset objects reloaded before import = 0
Number of asset objects unloaded after import = 3
========================================================================
Received Import Request.
  Time since last request: 0.000018 seconds.
  path: Assets/Imagenes/Fondos/fondo 1/Fondo 1/plataforma_2.asset
  artifactKey: Guid(bd8a19dbca2e8c14588c6dedf41c2fc4) Importer(815301076,1909f56bfc062723c751e8b465ee728b)
Start importing Assets/Imagenes/Fondos/fondo 1/Fondo 1/plataforma_2.asset using Guid(bd8a19dbca2e8c14588c6dedf41c2fc4) Importer(815301076,1909f56bfc062723c751e8b465ee728b)  -> (artifact id: '2287c255bcc0076a1eb279072e415b50') in 0.011348 seconds
Number of updated asset objects reloaded before import = 0
Number of asset objects unloaded after import = 3
========================================================================
Received Import Request.
  Time since last request: 0.000020 seconds.
  path: Assets/Imagenes/Fondos/fondo 1/Fondo 1/suelo arriba 1_0.asset
  artifactKey: Guid(e6e6ad37cbc043b48bc12792464e109f) Importer(815301076,1909f56bfc062723c751e8b465ee728b)
Start importing Assets/Imagenes/Fondos/fondo 1/Fondo 1/suelo arriba 1_0.asset using Guid(e6e6ad37cbc043b48bc12792464e109f) Importer(815301076,1909f56bfc062723c751e8b465ee728b)  -> (artifact id: '5429df3098f2e178d24c9827cbdf6064') in 0.008604 seconds
Number of updated asset objects reloaded before import = 0
Number of asset objects unloaded after import = 3
========================================================================
Received Import Request.
  Time since last request: 0.000034 seconds.
  path: Assets/Imagenes/Fondos/fondo 1/Fondo 1/agua arriba_1_2.asset
  artifactKey: Guid(5690216276fc9004ca91cb7cd09370c2) Importer(815301076,1909f56bfc062723c751e8b465ee728b)
Start importing Assets/Imagenes/Fondos/fondo 1/Fondo 1/agua arriba_1_2.asset using Guid(5690216276fc9004ca91cb7cd09370c2) Importer(815301076,1909f56bfc062723c751e8b465ee728b)  -> (artifact id: 'f66e7f999e5ae93b89c3bfa48eb52823') in 0.011163 seconds
Number of updated asset objects reloaded before import = 0
Number of asset objects unloaded after import = 3
========================================================================
Received Import Request.
  Time since last request: 0.000020 seconds.
  path: Assets/Imagenes/Fondos/fondo 1/Fondo 1/suelo abajo 1_0.asset
  artifactKey: Guid(8fe9a883da44f4e4b9ec637cb169e30f) Importer(815301076,1909f56bfc062723c751e8b465ee728b)
Start importing Assets/Imagenes/Fondos/fondo 1/Fondo 1/suelo abajo 1_0.asset using Guid(8fe9a883da44f4e4b9ec637cb169e30f) Importer(815301076,1909f56bfc062723c751e8b465ee728b)  -> (artifact id: 'fb823dbd99041c84170b071e4db67465') in 0.010238 seconds
Number of updated asset objects reloaded before import = 0
Number of asset objects unloaded after import = 3
========================================================================
Received Import Request.
  Time since last request: 0.000014 seconds.
  path: Assets/Imagenes/Fondos/fondo 1/Fondo 1/agua abajo_1_2.asset
  artifactKey: Guid(af2c1401c19223e4f896e6ba8800bb38) Importer(815301076,1909f56bfc062723c751e8b465ee728b)
Start importing Assets/Imagenes/Fondos/fondo 1/Fondo 1/agua abajo_1_2.asset using Guid(af2c1401c19223e4f896e6ba8800bb38) Importer(815301076,1909f56bfc062723c751e8b465ee728b)  -> (artifact id: '6e22be38051f9bfcd8dcf45fc3e10bf1') in 0.007903 seconds
Number of updated asset objects reloaded before import = 0
Number of asset objects unloaded after import = 3
========================================================================
Received Import Request.
  Time since last request: 0.000017 seconds.
  path: Assets/Imagenes/Fondos/fondo 1/Fondo 1/plataforma_1.asset
  artifactKey: Guid(4a7f994dbec4c1345872b80c101f978f) Importer(815301076,1909f56bfc062723c751e8b465ee728b)
Start importing Assets/Imagenes/Fondos/fondo 1/Fondo 1/plataforma_1.asset using Guid(4a7f994dbec4c1345872b80c101f978f) Importer(815301076,1909f56bfc062723c751e8b465ee728b)  -> (artifact id: 'ae60f2fd1f29249f8886ae7f48111f82') in 0.010827 seconds
Number of updated asset objects reloaded before import = 0
Number of asset objects unloaded after import = 3
========================================================================
Received Import Request.
  Time since last request: 281.566321 seconds.
  path: Assets/Imagenes/Paletas/Tileset/tileset_32.asset
  artifactKey: Guid(6e5269bfadb3312438bc3e5b0e876c06) Importer(815301076,1909f56bfc062723c751e8b465ee728b)
Start importing Assets/Imagenes/Paletas/Tileset/tileset_32.asset using Guid(6e5269bfadb3312438bc3e5b0e876c06) Importer(815301076,1909f56bfc062723c751e8b465ee728b)  -> (artifact id: '194ef84458b67aa8b6ba073e7eab5e5d') in 0.002174 seconds
Number of updated asset objects reloaded before import = 0
Number of asset objects unloaded after import = 1
========================================================================
Received Import Request.
  Time since last request: 0.000027 seconds.
  path: Assets/Imagenes/Paletas/Tileset/tileset_35.asset
  artifactKey: Guid(4d2f445386a10364f9cb8997efcc7109) Importer(815301076,1909f56bfc062723c751e8b465ee728b)
Start importing Assets/Imagenes/Paletas/Tileset/tileset_35.asset using Guid(4d2f445386a10364f9cb8997efcc7109) Importer(815301076,1909f56bfc062723c751e8b465ee728b)  -> (artifact id: '68d7f125a85981356c4c7c46f2c55703') in 0.001561 seconds
Number of updated asset objects reloaded before import = 0
Number of asset objects unloaded after import = 1
========================================================================
Received Import Request.
  Time since last request: 0.000024 seconds.
  path: Assets/Imagenes/Paletas/Tileset/tileset_37.asset
  artifactKey: Guid(327d82686756caf42b73eddf4e67163a) Importer(815301076,1909f56bfc062723c751e8b465ee728b)
Start importing Assets/Imagenes/Paletas/Tileset/tileset_37.asset using Guid(327d82686756caf42b73eddf4e67163a) Importer(815301076,1909f56bfc062723c751e8b465ee728b)  -> (artifact id: 'f6f242d212b978f8bfe7ccc451606608') in 0.001817 seconds
Number of updated asset objects reloaded before import = 0
Number of asset objects unloaded after import = 1
========================================================================
Received Import Request.
  Time since last request: 0.002190 seconds.
  path: Assets/Imagenes/Paletas/Tileset/tileset_38.asset
  artifactKey: Guid(0ed87fb31162c124395a6e5eacb79b4c) Importer(815301076,1909f56bfc062723c751e8b465ee728b)
Start importing Assets/Imagenes/Paletas/Tileset/tileset_38.asset using Guid(0ed87fb31162c124395a6e5eacb79b4c) Importer(815301076,1909f56bfc062723c751e8b465ee728b)  -> (artifact id: '800c69fb0d4f59f8ae62f49b8709d8cf') in 0.001730 seconds
Number of updated asset objects reloaded before import = 0
Number of asset objects unloaded after import = 1
========================================================================
Received Import Request.
  Time since last request: 0.000012 seconds.
  path: Assets/Imagenes/Paletas/Tileset/tileset_41.asset
  artifactKey: Guid(aecb98b36dca4ae499576b2132b7c582) Importer(815301076,1909f56bfc062723c751e8b465ee728b)
Start importing Assets/Imagenes/Paletas/Tileset/tileset_41.asset using Guid(aecb98b36dca4ae499576b2132b7c582) Importer(815301076,1909f56bfc062723c751e8b465ee728b)  -> (artifact id: '882e4ccd05c0e6b5478426edd271635c') in 0.001936 seconds
Number of updated asset objects reloaded before import = 0
Number of asset objects unloaded after import = 1
========================================================================
Received Import Request.
  Time since last request: 0.000022 seconds.
  path: Assets/Imagenes/Paletas/Tileset/tileset_52.asset
  artifactKey: Guid(5b9de54899ddea14087a85daa5aad47b) Importer(815301076,1909f56bfc062723c751e8b465ee728b)
Start importing Assets/Imagenes/Paletas/Tileset/tileset_52.asset using Guid(5b9de54899ddea14087a85daa5aad47b) Importer(815301076,1909f56bfc062723c751e8b465ee728b)  -> (artifact id: '9cda6c309c5fee471bead4718e5c0547') in 0.002190 seconds
Number of updated asset objects reloaded before import = 0
Number of asset objects unloaded after import = 1
========================================================================
Received Import Request.
  Time since last request: 0.000014 seconds.
  path: Assets/Imagenes/Paletas/Tileset/tileset_50.asset
  artifactKey: Guid(ecd31e0c89c2de9479af40d9a85d7798) Importer(815301076,1909f56bfc062723c751e8b465ee728b)
Start importing Assets/Imagenes/Paletas/Tileset/tileset_50.asset using Guid(ecd31e0c89c2de9479af40d9a85d7798) Importer(815301076,1909f56bfc062723c751e8b465ee728b)  -> (artifact id: 'fd1df8d99c70ae3a9be7472f32698d9d') in 0.002600 seconds
Number of updated asset objects reloaded before import = 0
Number of asset objects unloaded after import = 1
========================================================================
Received Import Request.
  Time since last request: 0.000020 seconds.
  path: Assets/Imagenes/Paletas/Tileset/tileset_47.asset
  artifactKey: Guid(fc744ad5005f20440aeda23e31f9cddb) Importer(815301076,1909f56bfc062723c751e8b465ee728b)
Start importing Assets/Imagenes/Paletas/Tileset/tileset_47.asset using Guid(fc744ad5005f20440aeda23e31f9cddb) Importer(815301076,1909f56bfc062723c751e8b465ee728b)  -> (artifact id: '7ab2889c6f1fcb2d62bb636df2cb2ede') in 0.004064 seconds
Number of updated asset objects reloaded before import = 0
Number of asset objects unloaded after import = 1
========================================================================
Received Import Request.
  Time since last request: 0.000020 seconds.
  path: Assets/Imagenes/Paletas/Tileset/tileset_42.asset
  artifactKey: Guid(f4baef240324b8243b183e022f47bdfe) Importer(815301076,1909f56bfc062723c751e8b465ee728b)
Start importing Assets/Imagenes/Paletas/Tileset/tileset_42.asset using Guid(f4baef240324b8243b183e022f47bdfe) Importer(815301076,1909f56bfc062723c751e8b465ee728b)  -> (artifact id: '53cc9568ae0ddb4fec336f4f7c3c6c25') in 0.001784 seconds
Number of updated asset objects reloaded before import = 0
Number of asset objects unloaded after import = 1
========================================================================
Received Import Request.
  Time since last request: 0.000016 seconds.
  path: Assets/Imagenes/Paletas/Tileset/tileset_49.asset
  artifactKey: Guid(b9d3a705739a8be42ba821de01fe450a) Importer(815301076,1909f56bfc062723c751e8b465ee728b)
Start importing Assets/Imagenes/Paletas/Tileset/tileset_49.asset using Guid(b9d3a705739a8be42ba821de01fe450a) Importer(815301076,1909f56bfc062723c751e8b465ee728b)  -> (artifact id: '38bc7f9ad2531ada9c9b5d8af2f8b33e') in 0.001645 seconds
Number of updated asset objects reloaded before import = 0
Number of asset objects unloaded after import = 1
========================================================================
Received Import Request.
  Time since last request: 0.000016 seconds.
  path: Assets/Imagenes/Paletas/Tileset/tileset_45.asset
  artifactKey: Guid(8e032d8c33f4d9d449623ed9fbfccdbc) Importer(815301076,1909f56bfc062723c751e8b465ee728b)
Start importing Assets/Imagenes/Paletas/Tileset/tileset_45.asset using Guid(8e032d8c33f4d9d449623ed9fbfccdbc) Importer(815301076,1909f56bfc062723c751e8b465ee728b)  -> (artifact id: '88bcf196e4cbbb00fcc7e6b45fe77b2b') in 0.001809 seconds
Number of updated asset objects reloaded before import = 0
Number of asset objects unloaded after import = 1
========================================================================
Received Import Request.
  Time since last request: 0.144844 seconds.
  path: Assets/Imagenes/Paletas/Tileset/tileset_55.asset
  artifactKey: Guid(2f46a677f1d64fc4e915ba1df3bb3a49) Importer(815301076,1909f56bfc062723c751e8b465ee728b)
Start importing Assets/Imagenes/Paletas/Tileset/tileset_55.asset using Guid(2f46a677f1d64fc4e915ba1df3bb3a49) Importer(815301076,1909f56bfc062723c751e8b465ee728b)  -> (artifact id: 'afc034e6a3f94ef1653636c7e69da546') in 0.001818 seconds
Number of updated asset objects reloaded before import = 0
Number of asset objects unloaded after import = 1
========================================================================
Received Import Request.
  Time since last request: 0.000011 seconds.
  path: Assets/Imagenes/Paletas/Tileset/tileset_57.asset
  artifactKey: Guid(42364aff693023b43a6089e6eabfad97) Importer(815301076,1909f56bfc062723c751e8b465ee728b)
Start importing Assets/Imagenes/Paletas/Tileset/tileset_57.asset using Guid(42364aff693023b43a6089e6eabfad97) Importer(815301076,1909f56bfc062723c751e8b465ee728b)  -> (artifact id: '79df253bf95257c0ebd0f6f3b5659104') in 0.001848 seconds
Number of updated asset objects reloaded before import = 0
Number of asset objects unloaded after import = 1
========================================================================
Received Import Request.
  Time since last request: 0.021894 seconds.
  path: Assets/Imagenes/Paletas/Tileset/tileset_59.asset
  artifactKey: Guid(fb3f9d3b2c2e01d46859aae748692923) Importer(815301076,1909f56bfc062723c751e8b465ee728b)
Start importing Assets/Imagenes/Paletas/Tileset/tileset_59.asset using Guid(fb3f9d3b2c2e01d46859aae748692923) Importer(815301076,1909f56bfc062723c751e8b465ee728b)  -> (artifact id: 'ec09c7cddae5444f1d2e75666e3950ca') in 0.001608 seconds
Number of updated asset objects reloaded before import = 0
Number of asset objects unloaded after import = 1
========================================================================
Received Import Request.
  Time since last request: 0.010356 seconds.
  path: Assets/Imagenes/Paletas/Tileset/tileset_61.asset
  artifactKey: Guid(5a3cbe61f71559d439b122f1468babd6) Importer(815301076,1909f56bfc062723c751e8b465ee728b)
Start importing Assets/Imagenes/Paletas/Tileset/tileset_61.asset using Guid(5a3cbe61f71559d439b122f1468babd6) Importer(815301076,1909f56bfc062723c751e8b465ee728b)  -> (artifact id: '7cbeb853e6ead324f777fe9633875e75') in 0.001608 seconds
Number of updated asset objects reloaded before import = 0
Number of asset objects unloaded after import = 1
========================================================================
Received Import Request.
  Time since last request: 0.000020 seconds.
  path: Assets/Imagenes/Paletas/Tileset/tileset_62.asset
  artifactKey: Guid(8a013f81299c04c4f93043a3e72a7a27) Importer(815301076,1909f56bfc062723c751e8b465ee728b)
Start importing Assets/Imagenes/Paletas/Tileset/tileset_62.asset using Guid(8a013f81299c04c4f93043a3e72a7a27) Importer(815301076,1909f56bfc062723c751e8b465ee728b)  -> (artifact id: '277fe69602a93304172c2390aedc9ad3') in 0.001822 seconds
Number of updated asset objects reloaded before import = 0
Number of asset objects unloaded after import = 1
========================================================================
Received Import Request.
  Time since last request: 0.000013 seconds.
  path: Assets/Imagenes/Paletas/Tileset/tileset_64.asset
  artifactKey: Guid(043c50fba3305fb4497c27debeae6229) Importer(815301076,1909f56bfc062723c751e8b465ee728b)
Start importing Assets/Imagenes/Paletas/Tileset/tileset_64.asset using Guid(043c50fba3305fb4497c27debeae6229) Importer(815301076,1909f56bfc062723c751e8b465ee728b)  -> (artifact id: 'bb5ef6f3ef195c7c6ba7b87f4011bb22') in 0.001745 seconds
Number of updated asset objects reloaded before import = 0
Number of asset objects unloaded after import = 1
========================================================================
Received Import Request.
  Time since last request: 0.265975 seconds.
  path: Assets/Imagenes/Paletas/Tileset/tileset_68.asset
  artifactKey: Guid(102f744a2cbac7d40a310d9aad96b59d) Importer(815301076,1909f56bfc062723c751e8b465ee728b)
Start importing Assets/Imagenes/Paletas/Tileset/tileset_68.asset using Guid(102f744a2cbac7d40a310d9aad96b59d) Importer(815301076,1909f56bfc062723c751e8b465ee728b)  -> (artifact id: '7373ee5e2ba6bfd191236cff6db407e3') in 0.004026 seconds
Number of updated asset objects reloaded before import = 0
Number of asset objects unloaded after import = 1
========================================================================
Received Import Request.
  Time since last request: 0.011420 seconds.
  path: Assets/Imagenes/Paletas/Tileset/tileset_71.asset
  artifactKey: Guid(a8c3dcbe39df3dd49ba507b08049c60a) Importer(815301076,1909f56bfc062723c751e8b465ee728b)
Start importing Assets/Imagenes/Paletas/Tileset/tileset_71.asset using Guid(a8c3dcbe39df3dd49ba507b08049c60a) Importer(815301076,1909f56bfc062723c751e8b465ee728b)  -> (artifact id: '90cc774e6ed2ae2bd1bbe5bb435006c6') in 0.001977 seconds
Number of updated asset objects reloaded before import = 0
Number of asset objects unloaded after import = 1
========================================================================
Received Import Request.
  Time since last request: 0.000012 seconds.
  path: Assets/Imagenes/Paletas/Tileset/tileset_73.asset
  artifactKey: Guid(72cab472d71322a4dbe1dac0c9325511) Importer(815301076,1909f56bfc062723c751e8b465ee728b)
Start importing Assets/Imagenes/Paletas/Tileset/tileset_73.asset using Guid(72cab472d71322a4dbe1dac0c9325511) Importer(815301076,1909f56bfc062723c751e8b465ee728b)  -> (artifact id: 'de324f1fe876d9cc19eedeeb7bb9458a') in 0.001838 seconds
Number of updated asset objects reloaded before import = 0
Number of asset objects unloaded after import = 1
========================================================================
Received Import Request.
  Time since last request: 0.015579 seconds.
  path: Assets/Imagenes/Paletas/Tileset/tileset_75.asset
  artifactKey: Guid(51f34e58c58e86d459d7cc970c489bf5) Importer(815301076,1909f56bfc062723c751e8b465ee728b)
Start importing Assets/Imagenes/Paletas/Tileset/tileset_75.asset using Guid(51f34e58c58e86d459d7cc970c489bf5) Importer(815301076,1909f56bfc062723c751e8b465ee728b)  -> (artifact id: 'bd63cffcc8273e4260dc73b098e6c163') in 0.001735 seconds
Number of updated asset objects reloaded before import = 0
Number of asset objects unloaded after import = 1
========================================================================
Received Import Request.
  Time since last request: 0.000011 seconds.
  path: Assets/Imagenes/Paletas/Tileset/tileset_77.asset
  artifactKey: Guid(7b6ad42f15111f74d9c51351a96a51e9) Importer(815301076,1909f56bfc062723c751e8b465ee728b)
Start importing Assets/Imagenes/Paletas/Tileset/tileset_77.asset using Guid(7b6ad42f15111f74d9c51351a96a51e9) Importer(815301076,1909f56bfc062723c751e8b465ee728b)  -> (artifact id: 'eb17080deab0ff96070570937836f830') in 0.001605 seconds
Number of updated asset objects reloaded before import = 0
Number of asset objects unloaded after import = 1
========================================================================
Received Import Request.
  Time since last request: 0.000012 seconds.
  path: Assets/Imagenes/Paletas/Tileset/tileset_79.asset
  artifactKey: Guid(005c28de7058f044d872f16b65b404b5) Importer(815301076,1909f56bfc062723c751e8b465ee728b)
Start importing Assets/Imagenes/Paletas/Tileset/tileset_79.asset using Guid(005c28de7058f044d872f16b65b404b5) Importer(815301076,1909f56bfc062723c751e8b465ee728b)  -> (artifact id: 'a95edf074897523d40229f489a89e3a7') in 0.001663 seconds
Number of updated asset objects reloaded before import = 0
Number of asset objects unloaded after import = 1
========================================================================
Received Import Request.
  Time since last request: 0.000012 seconds.
  path: Assets/Imagenes/Paletas/Tileset/tileset_81.asset
  artifactKey: Guid(27122d8a9ccdad84daea8bfe76a04d66) Importer(815301076,1909f56bfc062723c751e8b465ee728b)
Start importing Assets/Imagenes/Paletas/Tileset/tileset_81.asset using Guid(27122d8a9ccdad84daea8bfe76a04d66) Importer(815301076,1909f56bfc062723c751e8b465ee728b)  -> (artifact id: 'e4f7ccd313e997c6f3f3a764cceece6f') in 0.001883 seconds
Number of updated asset objects reloaded before import = 0
Number of asset objects unloaded after import = 1
========================================================================
Received Import Request.
  Time since last request: 0.011836 seconds.
  path: Assets/Imagenes/Paletas/Tileset/tileset_83.asset
  artifactKey: Guid(95099d742e6b24a4382c822011e8f973) Importer(815301076,1909f56bfc062723c751e8b465ee728b)
Start importing Assets/Imagenes/Paletas/Tileset/tileset_83.asset using Guid(95099d742e6b24a4382c822011e8f973) Importer(815301076,1909f56bfc062723c751e8b465ee728b)  -> (artifact id: '629f3417cc5eecb75b31274df914c2d4') in 0.001892 seconds
Number of updated asset objects reloaded before import = 0
Number of asset objects unloaded after import = 1
========================================================================
Received Import Request.
  Time since last request: 0.000012 seconds.
  path: Assets/Imagenes/Paletas/Tileset/tileset_85.asset
  artifactKey: Guid(36de3e1c033a3bb4cbb89f8df9a8a1d9) Importer(815301076,1909f56bfc062723c751e8b465ee728b)
Start importing Assets/Imagenes/Paletas/Tileset/tileset_85.asset using Guid(36de3e1c033a3bb4cbb89f8df9a8a1d9) Importer(815301076,1909f56bfc062723c751e8b465ee728b)  -> (artifact id: '4cb973af421e8efdf0d539596eb8198a') in 0.001931 seconds
Number of updated asset objects reloaded before import = 0
Number of asset objects unloaded after import = 1
========================================================================
Received Import Request.
  Time since last request: 0.223477 seconds.
  path: Assets/Imagenes/Paletas/Tileset/tileset_87.asset
  artifactKey: Guid(7cd17d358b6a04d4c8abf76590e11b64) Importer(815301076,1909f56bfc062723c751e8b465ee728b)
Start importing Assets/Imagenes/Paletas/Tileset/tileset_87.asset using Guid(7cd17d358b6a04d4c8abf76590e11b64) Importer(815301076,1909f56bfc062723c751e8b465ee728b)  -> (artifact id: 'f499f365c3c13513de0bb9207dfbadce') in 0.001884 seconds
Number of updated asset objects reloaded before import = 0
Number of asset objects unloaded after import = 1
========================================================================
Received Import Request.
  Time since last request: 0.044861 seconds.
  path: Assets/Imagenes/Paletas/Tileset/tileset_91.asset
  artifactKey: Guid(ebf0b491da991984dbf538df4e095120) Importer(815301076,1909f56bfc062723c751e8b465ee728b)
Start importing Assets/Imagenes/Paletas/Tileset/tileset_91.asset using Guid(ebf0b491da991984dbf538df4e095120) Importer(815301076,1909f56bfc062723c751e8b465ee728b)  -> (artifact id: '7c52a1f955f49754d81bb1a2fb4c99d7') in 0.001788 seconds
Number of updated asset objects reloaded before import = 0
Number of asset objects unloaded after import = 1
========================================================================
Received Import Request.
  Time since last request: 0.000011 seconds.
  path: Assets/Imagenes/Paletas/Tileset/tileset_93.asset
  artifactKey: Guid(e17edbef205304e4689a531f52970fa4) Importer(815301076,1909f56bfc062723c751e8b465ee728b)
Start importing Assets/Imagenes/Paletas/Tileset/tileset_93.asset using Guid(e17edbef205304e4689a531f52970fa4) Importer(815301076,1909f56bfc062723c751e8b465ee728b)  -> (artifact id: 'a9c7b2f4ddb4842b6b973ef93858ac50') in 0.001617 seconds
Number of updated asset objects reloaded before import = 0
Number of asset objects unloaded after import = 1
========================================================================
Received Import Request.
  Time since last request: 0.000012 seconds.
  path: Assets/Imagenes/Paletas/Tileset/tileset_95.asset
  artifactKey: Guid(de380f08d43d6c84c9c5428135f0b917) Importer(815301076,1909f56bfc062723c751e8b465ee728b)
Start importing Assets/Imagenes/Paletas/Tileset/tileset_95.asset using Guid(de380f08d43d6c84c9c5428135f0b917) Importer(815301076,1909f56bfc062723c751e8b465ee728b)  -> (artifact id: 'cc9c5094c5b04e341899fecf509d2fdb') in 0.001489 seconds
Number of updated asset objects reloaded before import = 0
Number of asset objects unloaded after import = 1
========================================================================
Received Import Request.
  Time since last request: 0.000009 seconds.
  path: Assets/Imagenes/Paletas/Tileset/tileset_97.asset
  artifactKey: Guid(0ba72a06aab68684fa4fea5ae870558c) Importer(815301076,1909f56bfc062723c751e8b465ee728b)
Start importing Assets/Imagenes/Paletas/Tileset/tileset_97.asset using Guid(0ba72a06aab68684fa4fea5ae870558c) Importer(815301076,1909f56bfc062723c751e8b465ee728b)  -> (artifact id: 'baf8df72f327b43cb92fef5503e651d3') in 0.001709 seconds
Number of updated asset objects reloaded before import = 0
Number of asset objects unloaded after import = 1
========================================================================
Received Import Request.
  Time since last request: 0.000012 seconds.
  path: Assets/Imagenes/Paletas/Tileset/tileset_98.asset
  artifactKey: Guid(e101af530a791a949a643b9b48dbe0e4) Importer(815301076,1909f56bfc062723c751e8b465ee728b)
Start importing Assets/Imagenes/Paletas/Tileset/tileset_98.asset using Guid(e101af530a791a949a643b9b48dbe0e4) Importer(815301076,1909f56bfc062723c751e8b465ee728b)  -> (artifact id: 'fc6c948fb6a4d17633ddf87eedaeae48') in 0.001378 seconds
Number of updated asset objects reloaded before import = 0
Number of asset objects unloaded after import = 1
========================================================================
Received Import Request.
  Time since last request: 0.005813 seconds.
  path: Assets/Imagenes/Paletas/Tileset/tileset_101.asset
  artifactKey: Guid(eb1a20d9de13f84489c908ef578eb8b2) Importer(815301076,1909f56bfc062723c751e8b465ee728b)
Start importing Assets/Imagenes/Paletas/Tileset/tileset_101.asset using Guid(eb1a20d9de13f84489c908ef578eb8b2) Importer(815301076,1909f56bfc062723c751e8b465ee728b)  -> (artifact id: '2c92ef275356cba0da62d212b26ed4aa') in 0.001795 seconds
Number of updated asset objects reloaded before import = 0
Number of asset objects unloaded after import = 1
========================================================================
Received Import Request.
  Time since last request: 0.242968 seconds.
  path: Assets/Imagenes/Paletas/Tileset/tileset_103.asset
  artifactKey: Guid(ce3e37894a4bef04bb6e0dd73eef5bf7) Importer(815301076,1909f56bfc062723c751e8b465ee728b)
Start importing Assets/Imagenes/Paletas/Tileset/tileset_103.asset using Guid(ce3e37894a4bef04bb6e0dd73eef5bf7) Importer(815301076,1909f56bfc062723c751e8b465ee728b)  -> (artifact id: 'f888ad1c11696a1ecc299a5eefc854a2') in 0.001852 seconds
Number of updated asset objects reloaded before import = 0
Number of asset objects unloaded after import = 1
========================================================================
Received Import Request.
  Time since last request: 0.000016 seconds.
  path: Assets/Imagenes/Paletas/Tileset/tileset_105.asset
  artifactKey: Guid(098d0712ca343bc459966e993bb18798) Importer(815301076,1909f56bfc062723c751e8b465ee728b)
Start importing Assets/Imagenes/Paletas/Tileset/tileset_105.asset using Guid(098d0712ca343bc459966e993bb18798) Importer(815301076,1909f56bfc062723c751e8b465ee728b)  -> (artifact id: '3952980c7e4b3f6a329fdd3ab2e479ed') in 0.001979 seconds
Number of updated asset objects reloaded before import = 0
Number of asset objects unloaded after import = 1
========================================================================
Received Import Request.
  Time since last request: 0.010462 seconds.
  path: Assets/Imagenes/Paletas/Tileset/tileset_107.asset
  artifactKey: Guid(dc5ccd759b78a984eb2da40fa009bbac) Importer(815301076,1909f56bfc062723c751e8b465ee728b)
Start importing Assets/Imagenes/Paletas/Tileset/tileset_107.asset using Guid(dc5ccd759b78a984eb2da40fa009bbac) Importer(815301076,1909f56bfc062723c751e8b465ee728b)  -> (artifact id: '3bce7d86a22f7f490b62ccbc66a5971f') in 0.002165 seconds
Number of updated asset objects reloaded before import = 0
Number of asset objects unloaded after import = 1
========================================================================
Received Import Request.
  Time since last request: 0.000012 seconds.
  path: Assets/Imagenes/Paletas/Tileset/tileset_109.asset
  artifactKey: Guid(d296ee11542a9ee4c94ca35cc5de7af9) Importer(815301076,1909f56bfc062723c751e8b465ee728b)
Start importing Assets/Imagenes/Paletas/Tileset/tileset_109.asset using Guid(d296ee11542a9ee4c94ca35cc5de7af9) Importer(815301076,1909f56bfc062723c751e8b465ee728b)  -> (artifact id: '9e2d8c042ca9e33c373d285a885473b4') in 0.001950 seconds
Number of updated asset objects reloaded before import = 0
Number of asset objects unloaded after import = 1
========================================================================
Received Import Request.
  Time since last request: 0.000027 seconds.
  path: Assets/Imagenes/Paletas/Tileset/tileset_111.asset
  artifactKey: Guid(06d789a88c4360a45bf53e83f224ffb5) Importer(815301076,1909f56bfc062723c751e8b465ee728b)
Start importing Assets/Imagenes/Paletas/Tileset/tileset_111.asset using Guid(06d789a88c4360a45bf53e83f224ffb5) Importer(815301076,1909f56bfc062723c751e8b465ee728b)  -> (artifact id: '546713c8a6988f64f51766afd27b5dc3') in 0.003085 seconds
Number of updated asset objects reloaded before import = 0
Number of asset objects unloaded after import = 1
========================================================================
Received Import Request.
  Time since last request: 0.000020 seconds.
  path: Assets/Imagenes/Paletas/Tileset/tileset_113.asset
  artifactKey: Guid(34bd81e1cbb5de34eb0b925a30d83cbe) Importer(815301076,1909f56bfc062723c751e8b465ee728b)
Start importing Assets/Imagenes/Paletas/Tileset/tileset_113.asset using Guid(34bd81e1cbb5de34eb0b925a30d83cbe) Importer(815301076,1909f56bfc062723c751e8b465ee728b)  -> (artifact id: '2c882a199f263fdfaf7a481df54120ab') in 0.002114 seconds
Number of updated asset objects reloaded before import = 0
Number of asset objects unloaded after import = 1
========================================================================
Received Import Request.
  Time since last request: 0.003509 seconds.
  path: Assets/Imagenes/Paletas/Tileset/tileset_114.asset
  artifactKey: Guid(7d073cef00ca2534881a7bb2d13e988e) Importer(815301076,1909f56bfc062723c751e8b465ee728b)
Start importing Assets/Imagenes/Paletas/Tileset/tileset_114.asset using Guid(7d073cef00ca2534881a7bb2d13e988e) Importer(815301076,1909f56bfc062723c751e8b465ee728b)  -> (artifact id: 'b1d854e65be96b19a12c40daa7b2863f') in 0.001746 seconds
Number of updated asset objects reloaded before import = 0
Number of asset objects unloaded after import = 1
========================================================================
Received Import Request.
  Time since last request: 0.000017 seconds.
  path: Assets/Imagenes/Paletas/Tileset/tileset_116.asset
  artifactKey: Guid(7d1d36a485942d847aba0c33bfc8b876) Importer(815301076,1909f56bfc062723c751e8b465ee728b)
Start importing Assets/Imagenes/Paletas/Tileset/tileset_116.asset using Guid(7d1d36a485942d847aba0c33bfc8b876) Importer(815301076,1909f56bfc062723c751e8b465ee728b)  -> (artifact id: '669774d7e4a225eb5d6ea0e579213eea') in 0.001917 seconds
Number of updated asset objects reloaded before import = 0
Number of asset objects unloaded after import = 1
========================================================================
Received Import Request.
  Time since last request: 0.000018 seconds.
  path: Assets/Imagenes/Paletas/Tileset/tileset_115.asset
  artifactKey: Guid(aee02a896be3a404790be2c0cfde883e) Importer(815301076,1909f56bfc062723c751e8b465ee728b)
Start importing Assets/Imagenes/Paletas/Tileset/tileset_115.asset using Guid(aee02a896be3a404790be2c0cfde883e) Importer(815301076,1909f56bfc062723c751e8b465ee728b)  -> (artifact id: 'a06dbad12c820a608e9020731262df1f') in 0.004568 seconds
Number of updated asset objects reloaded before import = 0
Number of asset objects unloaded after import = 1
========================================================================
Received Import Request.
  Time since last request: 0.238467 seconds.
  path: Assets/Imagenes/Paletas/Tileset/tileset_119.asset
  artifactKey: Guid(a5975cd7a255fa540b66d4bdf459a9f5) Importer(815301076,1909f56bfc062723c751e8b465ee728b)
Start importing Assets/Imagenes/Paletas/Tileset/tileset_119.asset using Guid(a5975cd7a255fa540b66d4bdf459a9f5) Importer(815301076,1909f56bfc062723c751e8b465ee728b)  -> (artifact id: '25eeb512020146b9b4b8c9f7c89a47c6') in 0.001875 seconds
Number of updated asset objects reloaded before import = 0
Number of asset objects unloaded after import = 1
========================================================================
Received Import Request.
  Time since last request: 0.000014 seconds.
  path: Assets/Imagenes/Paletas/Tileset/tileset_120.asset
  artifactKey: Guid(396e1ed5fdc14f748ac7bfb8d091d5f5) Importer(815301076,1909f56bfc062723c751e8b465ee728b)
Start importing Assets/Imagenes/Paletas/Tileset/tileset_120.asset using Guid(396e1ed5fdc14f748ac7bfb8d091d5f5) Importer(815301076,1909f56bfc062723c751e8b465ee728b)  -> (artifact id: 'd46917e18aee99a9b79687eacce38072') in 0.001974 seconds
Number of updated asset objects reloaded before import = 0
Number of asset objects unloaded after import = 1
========================================================================
Received Import Request.
  Time since last request: 0.010392 seconds.
  path: Assets/Imagenes/Paletas/Tileset/tileset_124.asset
  artifactKey: Guid(e17272bd9e9435b49ac24d7204412e2e) Importer(815301076,1909f56bfc062723c751e8b465ee728b)
Start importing Assets/Imagenes/Paletas/Tileset/tileset_124.asset using Guid(e17272bd9e9435b49ac24d7204412e2e) Importer(815301076,1909f56bfc062723c751e8b465ee728b)  -> (artifact id: 'ef8c92ab546117f1d791b6b483ed7a94') in 0.001887 seconds
Number of updated asset objects reloaded before import = 0
Number of asset objects unloaded after import = 1
========================================================================
Received Import Request.
  Time since last request: 0.024340 seconds.
  path: Assets/Imagenes/Paletas/Tileset/tileset_127.asset
  artifactKey: Guid(17558e1d79c8e1147ba6bca2ded2df20) Importer(815301076,1909f56bfc062723c751e8b465ee728b)
Start importing Assets/Imagenes/Paletas/Tileset/tileset_127.asset using Guid(17558e1d79c8e1147ba6bca2ded2df20) Importer(815301076,1909f56bfc062723c751e8b465ee728b)  -> (artifact id: '0807dc317e6052c66cb19e45d61c3b01') in 0.002142 seconds
Number of updated asset objects reloaded before import = 0
Number of asset objects unloaded after import = 1
========================================================================
Received Import Request.
  Time since last request: 58.173232 seconds.
  path: Assets/Imagenes/Paletas/Terrain (16x16)_29.asset
  artifactKey: Guid(fd86e6b42edb54045bfc69333f7add66) Importer(815301076,1909f56bfc062723c751e8b465ee728b)
Start importing Assets/Imagenes/Paletas/Terrain (16x16)_29.asset using Guid(fd86e6b42edb54045bfc69333f7add66) Importer(815301076,1909f56bfc062723c751e8b465ee728b)  -> (artifact id: '7988aeaf102289d9f09e697d777667b7') in 0.001773 seconds
Number of updated asset objects reloaded before import = 0
Number of asset objects unloaded after import = 1
========================================================================
Received Import Request.
  Time since last request: 0.000028 seconds.
  path: Assets/Imagenes/Paletas/Terrain (16x16)_30.asset
  artifactKey: Guid(22aa3f30beee7d0499866b4137999bcc) Importer(815301076,1909f56bfc062723c751e8b465ee728b)
Start importing Assets/Imagenes/Paletas/Terrain (16x16)_30.asset using Guid(22aa3f30beee7d0499866b4137999bcc) Importer(815301076,1909f56bfc062723c751e8b465ee728b)  -> (artifact id: 'c0bed86b4ace7a998c8bac5f00d171de') in 0.001794 seconds
Number of updated asset objects reloaded before import = 0
Number of asset objects unloaded after import = 1
========================================================================
Received Import Request.
  Time since last request: 0.000011 seconds.
  path: Assets/Imagenes/Paletas/Terrain (16x16)_31.asset
  artifactKey: Guid(06f90e180414183489e94f944bf06a9a) Importer(815301076,1909f56bfc062723c751e8b465ee728b)
Start importing Assets/Imagenes/Paletas/Terrain (16x16)_31.asset using Guid(06f90e180414183489e94f944bf06a9a) Importer(815301076,1909f56bfc062723c751e8b465ee728b)  -> (artifact id: '9ca5a0c4dd0a7c4afa96a0d7f4e9ba44') in 0.001527 seconds
Number of updated asset objects reloaded before import = 0
Number of asset objects unloaded after import = 1
========================================================================
Received Import Request.
  Time since last request: 0.000012 seconds.
  path: Assets/Imagenes/Paletas/Terrain (16x16)_35.asset
  artifactKey: Guid(6122fa1db06838141bc986ee53ed8ed8) Importer(815301076,1909f56bfc062723c751e8b465ee728b)
Start importing Assets/Imagenes/Paletas/Terrain (16x16)_35.asset using Guid(6122fa1db06838141bc986ee53ed8ed8) Importer(815301076,1909f56bfc062723c751e8b465ee728b)  -> (artifact id: '6ed5be5ca3b95aeee0987c02beac9d02') in 0.001379 seconds
Number of updated asset objects reloaded before import = 0
Number of asset objects unloaded after import = 1
========================================================================
Received Import Request.
  Time since last request: 0.000011 seconds.
  path: Assets/Imagenes/Paletas/Terrain (16x16)_36.asset
  artifactKey: Guid(4a9b306210c951e4da1587e2ff504970) Importer(815301076,1909f56bfc062723c751e8b465ee728b)
Start importing Assets/Imagenes/Paletas/Terrain (16x16)_36.asset using Guid(4a9b306210c951e4da1587e2ff504970) Importer(815301076,1909f56bfc062723c751e8b465ee728b)  -> (artifact id: 'b8f2e6793740378cf39b0fb7f8582d1a') in 0.001633 seconds
Number of updated asset objects reloaded before import = 0
Number of asset objects unloaded after import = 1
========================================================================
Received Import Request.
  Time since last request: 0.009694 seconds.
  path: Assets/Imagenes/Paletas/Terrain (16x16)_40.asset
  artifactKey: Guid(922790e77918db340835896532df28bf) Importer(815301076,1909f56bfc062723c751e8b465ee728b)
Start importing Assets/Imagenes/Paletas/Terrain (16x16)_40.asset using Guid(922790e77918db340835896532df28bf) Importer(815301076,1909f56bfc062723c751e8b465ee728b)  -> (artifact id: 'c2df87cf65035f015b783e05ad46259c') in 0.001823 seconds
Number of updated asset objects reloaded before import = 0
Number of asset objects unloaded after import = 1
========================================================================
Received Import Request.
  Time since last request: 0.000016 seconds.
  path: Assets/Imagenes/Paletas/Terrain (16x16)_42.asset
  artifactKey: Guid(bc8791c87f0a18f4dadb32c3905d3b5d) Importer(815301076,1909f56bfc062723c751e8b465ee728b)
Start importing Assets/Imagenes/Paletas/Terrain (16x16)_42.asset using Guid(bc8791c87f0a18f4dadb32c3905d3b5d) Importer(815301076,1909f56bfc062723c751e8b465ee728b)  -> (artifact id: 'd76ade8fffceadeaeb404aa37ab0f544') in 0.001730 seconds
Number of updated asset objects reloaded before import = 0
Number of asset objects unloaded after import = 1
========================================================================
Received Import Request.
  Time since last request: 0.007712 seconds.
  path: Assets/Imagenes/Paletas/Terrain (16x16)_48.asset
  artifactKey: Guid(f1aa669ca5e55614c927335febbaecd8) Importer(815301076,1909f56bfc062723c751e8b465ee728b)
Start importing Assets/Imagenes/Paletas/Terrain (16x16)_48.asset using Guid(f1aa669ca5e55614c927335febbaecd8) Importer(815301076,1909f56bfc062723c751e8b465ee728b)  -> (artifact id: 'f78d800bb790ffe25705e2a11d5f3e73') in 0.002003 seconds
Number of updated asset objects reloaded before import = 0
Number of asset objects unloaded after import = 1
========================================================================
Received Import Request.
  Time since last request: 0.783543 seconds.
  path: Assets/Imagenes/Paletas/Terrain (16x16)_53.asset
  artifactKey: Guid(d5d1de9afbee0ab4fb16e0fed6b716bc) Importer(815301076,1909f56bfc062723c751e8b465ee728b)
Start importing Assets/Imagenes/Paletas/Terrain (16x16)_53.asset using Guid(d5d1de9afbee0ab4fb16e0fed6b716bc) Importer(815301076,1909f56bfc062723c751e8b465ee728b)  -> (artifact id: 'e59af93813b4abd58677bd014110366f') in 0.002084 seconds
Number of updated asset objects reloaded before import = 0
Number of asset objects unloaded after import = 1
========================================================================
Received Import Request.
  Time since last request: 0.422094 seconds.
  path: Assets/Imagenes/Paletas/Terrain (16x16)_56.asset
  artifactKey: Guid(fb30c170e93bbad438dd3d90b2bad6a6) Importer(815301076,1909f56bfc062723c751e8b465ee728b)
Start importing Assets/Imagenes/Paletas/Terrain (16x16)_56.asset using Guid(fb30c170e93bbad438dd3d90b2bad6a6) Importer(815301076,1909f56bfc062723c751e8b465ee728b)  -> (artifact id: '288e31dbdc8edfa54588547def0af0eb') in 0.001972 seconds
Number of updated asset objects reloaded before import = 0
Number of asset objects unloaded after import = 1
========================================================================
Received Import Request.
  Time since last request: 0.044144 seconds.
  path: Assets/Imagenes/Paletas/Terrain (16x16)_60.asset
  artifactKey: Guid(b4ce00eeafb183743970bdfffbc1e784) Importer(815301076,1909f56bfc062723c751e8b465ee728b)
Start importing Assets/Imagenes/Paletas/Terrain (16x16)_60.asset using Guid(b4ce00eeafb183743970bdfffbc1e784) Importer(815301076,1909f56bfc062723c751e8b465ee728b)  -> (artifact id: '25c761a3365cc160f5c449e2f31a93be') in 0.001956 seconds
Number of updated asset objects reloaded before import = 0
Number of asset objects unloaded after import = 1
========================================================================
Received Import Request.
  Time since last request: 0.024904 seconds.
  path: Assets/Imagenes/Paletas/Terrain (16x16)_64.asset
  artifactKey: Guid(bc4602d632f2b994194e78f8f0439677) Importer(815301076,1909f56bfc062723c751e8b465ee728b)
Start importing Assets/Imagenes/Paletas/Terrain (16x16)_64.asset using Guid(bc4602d632f2b994194e78f8f0439677) Importer(815301076,1909f56bfc062723c751e8b465ee728b)  -> (artifact id: '67c5a4f95e3a974cbac47f6fc2a90152') in 0.002084 seconds
Number of updated asset objects reloaded before import = 0
Number of asset objects unloaded after import = 1
========================================================================
Received Import Request.
  Time since last request: 0.480926 seconds.
  path: Assets/Imagenes/Paletas/Terrain (16x16)_68.asset
  artifactKey: Guid(d5b7fddd0f236b945aaf03fe77eb0495) Importer(815301076,1909f56bfc062723c751e8b465ee728b)
Start importing Assets/Imagenes/Paletas/Terrain (16x16)_68.asset using Guid(d5b7fddd0f236b945aaf03fe77eb0495) Importer(815301076,1909f56bfc062723c751e8b465ee728b)  -> (artifact id: 'f7bc2f5f90c561fd358ff258307cde0b') in 0.002163 seconds
Number of updated asset objects reloaded before import = 0
Number of asset objects unloaded after import = 1
========================================================================
Received Import Request.
  Time since last request: 0.030191 seconds.
  path: Assets/Imagenes/Paletas/Terrain (16x16)_72.asset
  artifactKey: Guid(5ebae6ea3d421694dbcfeb0ef7fcef30) Importer(815301076,1909f56bfc062723c751e8b465ee728b)
Start importing Assets/Imagenes/Paletas/Terrain (16x16)_72.asset using Guid(5ebae6ea3d421694dbcfeb0ef7fcef30) Importer(815301076,1909f56bfc062723c751e8b465ee728b)  -> (artifact id: '4ea91ae35e05bd20153fa1b23b57261e') in 0.004029 seconds
Number of updated asset objects reloaded before import = 0
Number of asset objects unloaded after import = 1
========================================================================
Received Import Request.
  Time since last request: 0.013035 seconds.
  path: Assets/Imagenes/Paletas/Terrain (16x16)_76.asset
  artifactKey: Guid(402aa28d9ad355042ac4d2c47f5f2995) Importer(815301076,1909f56bfc062723c751e8b465ee728b)
Start importing Assets/Imagenes/Paletas/Terrain (16x16)_76.asset using Guid(402aa28d9ad355042ac4d2c47f5f2995) Importer(815301076,1909f56bfc062723c751e8b465ee728b)  -> (artifact id: '7d2c7c2d0b18c1a58fa84967c92deae2') in 0.003236 seconds
Number of updated asset objects reloaded before import = 0
Number of asset objects unloaded after import = 1
========================================================================
Received Import Request.
  Time since last request: 0.021199 seconds.
  path: Assets/Imagenes/Paletas/Terrain (16x16)_80.asset
  artifactKey: Guid(c1f65ece25e8f6442ba0a45ec26e0079) Importer(815301076,1909f56bfc062723c751e8b465ee728b)
Start importing Assets/Imagenes/Paletas/Terrain (16x16)_80.asset using Guid(c1f65ece25e8f6442ba0a45ec26e0079) Importer(815301076,1909f56bfc062723c751e8b465ee728b)  -> (artifact id: '00d4a35951e7112b8c99243fabdb37fd') in 0.002034 seconds
Number of updated asset objects reloaded before import = 0
Number of asset objects unloaded after import = 1
========================================================================
Received Import Request.
  Time since last request: 0.012016 seconds.
  path: Assets/Imagenes/Paletas/Terrain (16x16)_84.asset
  artifactKey: Guid(2e5cf5a7d727be14fbe7b61ba1d0fbcb) Importer(815301076,1909f56bfc062723c751e8b465ee728b)
Start importing Assets/Imagenes/Paletas/Terrain (16x16)_84.asset using Guid(2e5cf5a7d727be14fbe7b61ba1d0fbcb) Importer(815301076,1909f56bfc062723c751e8b465ee728b)  -> (artifact id: 'e3372d693808a76d6d283ff23bc86b1c') in 0.001982 seconds
Number of updated asset objects reloaded before import = 0
Number of asset objects unloaded after import = 1
========================================================================
Received Import Request.
  Time since last request: 0.316953 seconds.
  path: Assets/Imagenes/Paletas/Terrain (16x16)_88.asset
  artifactKey: Guid(ba443c67563f5874d89421c6609fa524) Importer(815301076,1909f56bfc062723c751e8b465ee728b)
Start importing Assets/Imagenes/Paletas/Terrain (16x16)_88.asset using Guid(ba443c67563f5874d89421c6609fa524) Importer(815301076,1909f56bfc062723c751e8b465ee728b)  -> (artifact id: '62e142c40116259a8db46f01d84cfd31') in 0.002016 seconds
Number of updated asset objects reloaded before import = 0
Number of asset objects unloaded after import = 1
========================================================================
Received Import Request.
  Time since last request: 0.021972 seconds.
  path: Assets/Imagenes/Paletas/Terrain (16x16)_92.asset
  artifactKey: Guid(d1cb0c72a4a05a943bc4c582d77de2e3) Importer(815301076,1909f56bfc062723c751e8b465ee728b)
Start importing Assets/Imagenes/Paletas/Terrain (16x16)_92.asset using Guid(d1cb0c72a4a05a943bc4c582d77de2e3) Importer(815301076,1909f56bfc062723c751e8b465ee728b)  -> (artifact id: 'ebc3dff4a3a7df606343ad3a66e82884') in 0.002190 seconds
Number of updated asset objects reloaded before import = 0
Number of asset objects unloaded after import = 1
========================================================================
Received Import Request.
  Time since last request: 0.102338 seconds.
  path: Assets/Imagenes/Paletas/Terrain (16x16)_105.asset
  artifactKey: Guid(9486c3756cfaf2c4491a5b277492d679) Importer(815301076,1909f56bfc062723c751e8b465ee728b)
Start importing Assets/Imagenes/Paletas/Terrain (16x16)_105.asset using Guid(9486c3756cfaf2c4491a5b277492d679) Importer(815301076,1909f56bfc062723c751e8b465ee728b)  -> (artifact id: 'c7ce61c34479087928838b1f9d8000f8') in 0.001722 seconds
Number of updated asset objects reloaded before import = 0
Number of asset objects unloaded after import = 1
========================================================================
Received Import Request.
  Time since last request: 1.352260 seconds.
  path: Assets/Imagenes/Paletas/Terrain (16x16)_23.asset
  artifactKey: Guid(79e6e35e3f60a1d48a9fbb1e20d10f08) Importer(815301076,1909f56bfc062723c751e8b465ee728b)
Start importing Assets/Imagenes/Paletas/Terrain (16x16)_23.asset using Guid(79e6e35e3f60a1d48a9fbb1e20d10f08) Importer(815301076,1909f56bfc062723c751e8b465ee728b)  -> (artifact id: 'cac49d7e8d723059e302d9d884ea17ee') in 0.003863 seconds
Number of updated asset objects reloaded before import = 0
Number of asset objects unloaded after import = 1
========================================================================
Received Import Request.
  Time since last request: 0.484974 seconds.
  path: Assets/Imagenes/Paletas/Terrain (16x16)_19.asset
  artifactKey: Guid(591713840e025e14595902560df0dcb1) Importer(815301076,1909f56bfc062723c751e8b465ee728b)
Start importing Assets/Imagenes/Paletas/Terrain (16x16)_19.asset using Guid(591713840e025e14595902560df0dcb1) Importer(815301076,1909f56bfc062723c751e8b465ee728b)  -> (artifact id: '1332d60d9a85e6b5f2301d6642acedcc') in 0.001782 seconds
Number of updated asset objects reloaded before import = 0
Number of asset objects unloaded after import = 1
========================================================================
Received Import Request.
  Time since last request: 0.054221 seconds.
  path: Assets/Imagenes/Paletas/Terrain (16x16)_16.asset
  artifactKey: Guid(03b077d34c7c2724b82b54c7f968ca19) Importer(815301076,1909f56bfc062723c751e8b465ee728b)
Start importing Assets/Imagenes/Paletas/Terrain (16x16)_16.asset using Guid(03b077d34c7c2724b82b54c7f968ca19) Importer(815301076,1909f56bfc062723c751e8b465ee728b)  -> (artifact id: '3526bacf6744173ef15ee9c3de02e347') in 0.003211 seconds
Number of updated asset objects reloaded before import = 0
Number of asset objects unloaded after import = 1
========================================================================
Received Import Request.
  Time since last request: 0.122183 seconds.
  path: Assets/Imagenes/Paletas/Terrain (16x16)_3.asset
  artifactKey: Guid(e7786560c6cd828479be5c56522221b9) Importer(815301076,1909f56bfc062723c751e8b465ee728b)
Start importing Assets/Imagenes/Paletas/Terrain (16x16)_3.asset using Guid(e7786560c6cd828479be5c56522221b9) Importer(815301076,1909f56bfc062723c751e8b465ee728b)  -> (artifact id: '2a8130a0081483a0adecc7fc43452f08') in 0.002148 seconds
Number of updated asset objects reloaded before import = 0
Number of asset objects unloaded after import = 1
========================================================================
Received Import Request.
  Time since last request: 0.315899 seconds.
  path: Assets/Imagenes/Paletas/Terrain (16x16) 1.asset
  artifactKey: Guid(97ba80e0c01ff1d49a75972783f4541e) Importer(815301076,1909f56bfc062723c751e8b465ee728b)
Start importing Assets/Imagenes/Paletas/Terrain (16x16) 1.asset using Guid(97ba80e0c01ff1d49a75972783f4541e) Importer(815301076,1909f56bfc062723c751e8b465ee728b)  -> (artifact id: '12d9ca1feb0e5bea610361dfd51c0e1f') in 0.001809 seconds
Number of updated asset objects reloaded before import = 0
Number of asset objects unloaded after import = 1
========================================================================
Received Import Request.
  Time since last request: 0.015793 seconds.
  path: Assets/Imagenes/Paletas/Sprites_36.asset
  artifactKey: Guid(5e63a8a22398fa1498639f332d540423) Importer(815301076,1909f56bfc062723c751e8b465ee728b)
Start importing Assets/Imagenes/Paletas/Sprites_36.asset using Guid(5e63a8a22398fa1498639f332d540423) Importer(815301076,1909f56bfc062723c751e8b465ee728b)  -> (artifact id: 'fe50f77fffc7425e019ed3181cffe349') in 0.004173 seconds
Number of updated asset objects reloaded before import = 0
Number of asset objects unloaded after import = 3
========================================================================
Received Import Request.
  Time since last request: 0.034381 seconds.
  path: Assets/Imagenes/Paletas/Sprites_32.asset
  artifactKey: Guid(36e94a9f87c16964e81f77e4f3dc1ce6) Importer(815301076,1909f56bfc062723c751e8b465ee728b)
Start importing Assets/Imagenes/Paletas/Sprites_32.asset using Guid(36e94a9f87c16964e81f77e4f3dc1ce6) Importer(815301076,1909f56bfc062723c751e8b465ee728b)  -> (artifact id: '347c4067e1dbd70ddd3b67900d2c7635') in 0.005124 seconds
Number of updated asset objects reloaded before import = 0
Number of asset objects unloaded after import = 3
========================================================================
Received Import Request.
  Time since last request: 0.015891 seconds.
  path: Assets/Imagenes/Paletas/Sprites_27.asset
  artifactKey: Guid(f5040c9c829bfb44a8c16c16a73a951a) Importer(815301076,1909f56bfc062723c751e8b465ee728b)
Start importing Assets/Imagenes/Paletas/Sprites_27.asset using Guid(f5040c9c829bfb44a8c16c16a73a951a) Importer(815301076,1909f56bfc062723c751e8b465ee728b)  -> (artifact id: '0a30576bddbc9363bdb099fe3ff32c94') in 0.005728 seconds
Number of updated asset objects reloaded before import = 0
Number of asset objects unloaded after import = 3
========================================================================
Received Import Request.
  Time since last request: 0.274579 seconds.
  path: Assets/Imagenes/Paletas/Sprites_23.asset
  artifactKey: Guid(8d4060e07b77cc34a9d609405ac10ad3) Importer(815301076,1909f56bfc062723c751e8b465ee728b)
Start importing Assets/Imagenes/Paletas/Sprites_23.asset using Guid(8d4060e07b77cc34a9d609405ac10ad3) Importer(815301076,1909f56bfc062723c751e8b465ee728b)  -> (artifact id: '28fb34d71d49255e795c1c9dee598f9f') in 0.005211 seconds
Number of updated asset objects reloaded before import = 0
Number of asset objects unloaded after import = 3
========================================================================
Received Import Request.
  Time since last request: 0.049800 seconds.
  path: Assets/Imagenes/Paletas/Sprites_19.asset
  artifactKey: Guid(dd51e29bc54f3eb439d4c60b8338027e) Importer(815301076,1909f56bfc062723c751e8b465ee728b)
Start importing Assets/Imagenes/Paletas/Sprites_19.asset using Guid(dd51e29bc54f3eb439d4c60b8338027e) Importer(815301076,1909f56bfc062723c751e8b465ee728b)  -> (artifact id: '3c12ef7d3dbf7e91879247b492e1533f') in 0.003722 seconds
Number of updated asset objects reloaded before import = 0
Number of asset objects unloaded after import = 3
========================================================================
Received Import Request.
  Time since last request: 27.199230 seconds.
  path: Assets/Imagenes/Paletas/Terrain (16x16)_110.asset
  artifactKey: Guid(a00de7c827c30c2479268f26cc78b8ce) Importer(815301076,1909f56bfc062723c751e8b465ee728b)
Start importing Assets/Imagenes/Paletas/Terrain (16x16)_110.asset using Guid(a00de7c827c30c2479268f26cc78b8ce) Importer(815301076,1909f56bfc062723c751e8b465ee728b)  -> (artifact id: '7dfe06838fe51a04b03b26a5582856a2') in 0.003642 seconds
Number of updated asset objects reloaded before import = 0
Number of asset objects unloaded after import = 1
========================================================================
Received Import Request.
  Time since last request: 0.024352 seconds.
  path: Assets/Imagenes/Paletas/Terrain (16x16)_114.asset
  artifactKey: Guid(a3975eea4b24ad54090128797a3fe799) Importer(815301076,1909f56bfc062723c751e8b465ee728b)
Start importing Assets/Imagenes/Paletas/Terrain (16x16)_114.asset using Guid(a3975eea4b24ad54090128797a3fe799) Importer(815301076,1909f56bfc062723c751e8b465ee728b)  -> (artifact id: 'c3bb48c45f43fd53b9c227ee7f54c9d7') in 0.002177 seconds
Number of updated asset objects reloaded before import = 0
Number of asset objects unloaded after import = 1
========================================================================
Received Import Request.
  Time since last request: 0.558253 seconds.
  path: Assets/Imagenes/Paletas/Terrain (16x16)_118.asset
  artifactKey: Guid(88bbcf8224f7c174d94203cd12ba4796) Importer(815301076,1909f56bfc062723c751e8b465ee728b)
Start importing Assets/Imagenes/Paletas/Terrain (16x16)_118.asset using Guid(88bbcf8224f7c174d94203cd12ba4796) Importer(815301076,1909f56bfc062723c751e8b465ee728b)  -> (artifact id: 'befe4f23ba2eabdd88e8c792394a7a5a') in 0.004023 seconds
Number of updated asset objects reloaded before import = 0
Number of asset objects unloaded after import = 1
========================================================================
Received Import Request.
  Time since last request: 0.032275 seconds.
  path: Assets/Imagenes/Paletas/Terrain (16x16)_122.asset
  artifactKey: Guid(af359a4b02434e345aab27ed1199fd89) Importer(815301076,1909f56bfc062723c751e8b465ee728b)
Start importing Assets/Imagenes/Paletas/Terrain (16x16)_122.asset using Guid(af359a4b02434e345aab27ed1199fd89) Importer(815301076,1909f56bfc062723c751e8b465ee728b)  -> (artifact id: 'c7d7c42525a45affce34a605c1c05239') in 0.001960 seconds
Number of updated asset objects reloaded before import = 0
Number of asset objects unloaded after import = 1
========================================================================
Received Import Request.
  Time since last request: 0.895461 seconds.
  path: Assets/Imagenes/Paletas/Terrain (16x16)_126.asset
  artifactKey: Guid(78529081bd215b04f802b5e16e9c2eff) Importer(815301076,1909f56bfc062723c751e8b465ee728b)
Start importing Assets/Imagenes/Paletas/Terrain (16x16)_126.asset using Guid(78529081bd215b04f802b5e16e9c2eff) Importer(815301076,1909f56bfc062723c751e8b465ee728b)  -> (artifact id: 'b1ccc746b776a686ad6e28ebf7f53eb0') in 0.001998 seconds
Number of updated asset objects reloaded before import = 0
Number of asset objects unloaded after import = 1
========================================================================
Received Import Request.
  Time since last request: 0.028656 seconds.
  path: Assets/Imagenes/Paletas/Terrain (16x16)_130.asset
  artifactKey: Guid(ec305a243ba823644ab12e85e6c94146) Importer(815301076,1909f56bfc062723c751e8b465ee728b)
Start importing Assets/Imagenes/Paletas/Terrain (16x16)_130.asset using Guid(ec305a243ba823644ab12e85e6c94146) Importer(815301076,1909f56bfc062723c751e8b465ee728b)  -> (artifact id: '234ad46498184e534099b30232c8a5f7') in 0.001657 seconds
Number of updated asset objects reloaded before import = 0
Number of asset objects unloaded after import = 1
========================================================================
Received Import Request.
  Time since last request: 0.446844 seconds.
  path: Assets/Imagenes/Paletas/Terrain (16x16)_134.asset
  artifactKey: Guid(f173ff48d92f54546a361343d2f62f09) Importer(815301076,1909f56bfc062723c751e8b465ee728b)
Start importing Assets/Imagenes/Paletas/Terrain (16x16)_134.asset using Guid(f173ff48d92f54546a361343d2f62f09) Importer(815301076,1909f56bfc062723c751e8b465ee728b)  -> (artifact id: '831aa85b6cdda24a00578467f3c13dbc') in 0.004310 seconds
Number of updated asset objects reloaded before import = 0
Number of asset objects unloaded after import = 1
========================================================================
Received Import Request.
  Time since last request: 0.050460 seconds.
  path: Assets/Imagenes/Paletas/Terrain (16x16)_138.asset
  artifactKey: Guid(1d1acac10ba0b6f4ea29cf3cf265341b) Importer(815301076,1909f56bfc062723c751e8b465ee728b)
Start importing Assets/Imagenes/Paletas/Terrain (16x16)_138.asset using Guid(1d1acac10ba0b6f4ea29cf3cf265341b) Importer(815301076,1909f56bfc062723c751e8b465ee728b)  -> (artifact id: 'b68fdacb3abd0cc4f0b9c2472fdc81b4') in 0.001682 seconds
Number of updated asset objects reloaded before import = 0
Number of asset objects unloaded after import = 1
========================================================================
Received Import Request.
  Time since last request: 0.025349 seconds.
  path: Assets/Imagenes/Paletas/Terrain (16x16)_142.asset
  artifactKey: Guid(c7406f50dd66d0243a2554c5775ed110) Importer(815301076,1909f56bfc062723c751e8b465ee728b)
Start importing Assets/Imagenes/Paletas/Terrain (16x16)_142.asset using Guid(c7406f50dd66d0243a2554c5775ed110) Importer(815301076,1909f56bfc062723c751e8b465ee728b)  -> (artifact id: 'dd8b1dcce479671f948f17dbfad5fc90') in 0.002081 seconds
Number of updated asset objects reloaded before import = 0
Number of asset objects unloaded after import = 1
========================================================================
Received Import Request.
  Time since last request: 0.696001 seconds.
  path: Assets/Imagenes/Paletas/Valla.asset
  artifactKey: Guid(749448abf67ded94b99b1a0c62a73c91) Importer(815301076,1909f56bfc062723c751e8b465ee728b)
Start importing Assets/Imagenes/Paletas/Valla.asset using Guid(749448abf67ded94b99b1a0c62a73c91) Importer(815301076,1909f56bfc062723c751e8b465ee728b)  -> (artifact id: '4d499704579de50c04c84c3842c3d80b') in 0.004610 seconds
Number of updated asset objects reloaded before import = 0
Number of asset objects unloaded after import = 3
========================================================================
Received Import Request.
  Time since last request: 6.121237 seconds.
  path: Assets/Imagenes/Paletas/Sprites_15.asset
  artifactKey: Guid(aa19cadb8512eac4ca9f234db1e75f81) Importer(815301076,1909f56bfc062723c751e8b465ee728b)
Start importing Assets/Imagenes/Paletas/Sprites_15.asset using Guid(aa19cadb8512eac4ca9f234db1e75f81) Importer(815301076,1909f56bfc062723c751e8b465ee728b)  -> (artifact id: '1a0e34aab79021061cb19998242cd8f4') in 0.006160 seconds
Number of updated asset objects reloaded before import = 0
Number of asset objects unloaded after import = 3
========================================================================
Received Import Request.
  Time since last request: 0.013075 seconds.
  path: Assets/Imagenes/Paletas/Sprites_11.asset
  artifactKey: Guid(3f86886a3e5e57b46951a8717969219f) Importer(815301076,1909f56bfc062723c751e8b465ee728b)
Start importing Assets/Imagenes/Paletas/Sprites_11.asset using Guid(3f86886a3e5e57b46951a8717969219f) Importer(815301076,1909f56bfc062723c751e8b465ee728b)  -> (artifact id: 'cf0f31e073b7cf7319a8502ec48a7563') in 0.003415 seconds
Number of updated asset objects reloaded before import = 0
Number of asset objects unloaded after import = 3
========================================================================
Received Import Request.
  Time since last request: 0.247118 seconds.
  path: Assets/Imagenes/Paletas/Sprites_7.asset
  artifactKey: Guid(e10f82e2bbe4d3a46b5becae35ed44cb) Importer(815301076,1909f56bfc062723c751e8b465ee728b)
Start importing Assets/Imagenes/Paletas/Sprites_7.asset using Guid(e10f82e2bbe4d3a46b5becae35ed44cb) Importer(815301076,1909f56bfc062723c751e8b465ee728b)  -> (artifact id: '8c7375f8a3f40bc17da62ba6de71b2c6') in 0.003702 seconds
Number of updated asset objects reloaded before import = 0
Number of asset objects unloaded after import = 3
========================================================================
Received Import Request.
  Time since last request: 0.019819 seconds.
  path: Assets/Imagenes/Paletas/Sprites_3.asset
  artifactKey: Guid(b086f1cc5adb5f54c833dd3662f062d2) Importer(815301076,1909f56bfc062723c751e8b465ee728b)
Start importing Assets/Imagenes/Paletas/Sprites_3.asset using Guid(b086f1cc5adb5f54c833dd3662f062d2) Importer(815301076,1909f56bfc062723c751e8b465ee728b)  -> (artifact id: 'db723e01e972c975108835657783c568') in 0.003552 seconds
Number of updated asset objects reloaded before import = 0
Number of asset objects unloaded after import = 3
========================================================================
Received Import Request.
  Time since last request: 0.251351 seconds.
  path: Assets/Imagenes/Paletas/Sprites_0.asset
  artifactKey: Guid(d7bbabd972535974c8bc2df24500bf3b) Importer(815301076,1909f56bfc062723c751e8b465ee728b)
Start importing Assets/Imagenes/Paletas/Sprites_0.asset using Guid(d7bbabd972535974c8bc2df24500bf3b) Importer(815301076,1909f56bfc062723c751e8b465ee728b)  -> (artifact id: '58fb1aea8ae9db5140d52bc57d6f9afd') in 0.004129 seconds
Number of updated asset objects reloaded before import = 0
Number of asset objects unloaded after import = 3
========================================================================
Received Import Request.
  Time since last request: 0.007973 seconds.
  path: Assets/Imagenes/Paletas/PastoCorto.asset
  artifactKey: Guid(caca2ebbe891543409f6e0c0f8cfb1d5) Importer(815301076,1909f56bfc062723c751e8b465ee728b)
Start importing Assets/Imagenes/Paletas/PastoCorto.asset using Guid(caca2ebbe891543409f6e0c0f8cfb1d5) Importer(815301076,1909f56bfc062723c751e8b465ee728b)  -> (artifact id: 'b8b2c32dda0aa189adacb1245f4f7001') in 0.003551 seconds
Number of updated asset objects reloaded before import = 0
Number of asset objects unloaded after import = 3
========================================================================
Received Import Request.
  Time since last request: 0.000014 seconds.
  path: Assets/Imagenes/Paletas/PuenteCorto.asset
  artifactKey: Guid(b65499aebcd2b564eb0e65cb060f11eb) Importer(815301076,1909f56bfc062723c751e8b465ee728b)
Start importing Assets/Imagenes/Paletas/PuenteCorto.asset using Guid(b65499aebcd2b564eb0e65cb060f11eb) Importer(815301076,1909f56bfc062723c751e8b465ee728b)  -> (artifact id: '37ce7b8dea28679fda1262fee2c69e4d') in 0.007805 seconds
Number of updated asset objects reloaded before import = 0
Number of asset objects unloaded after import = 3
========================================================================
Received Import Request.
  Time since last request: 0.000019 seconds.
  path: Assets/Imagenes/Paletas/Puente2.asset
  artifactKey: Guid(bd762b7764d4a45408213cd9942935d8) Importer(815301076,1909f56bfc062723c751e8b465ee728b)
Start importing Assets/Imagenes/Paletas/Puente2.asset using Guid(bd762b7764d4a45408213cd9942935d8) Importer(815301076,1909f56bfc062723c751e8b465ee728b)  -> (artifact id: '13e4656ea085a6b50e4ce90db28e57cf') in 0.003629 seconds
Number of updated asset objects reloaded before import = 0
Number of asset objects unloaded after import = 3
========================================================================
Received Import Request.
  Time since last request: 0.000017 seconds.
  path: Assets/Imagenes/Paletas/pera.asset
  artifactKey: Guid(8e74993e1db58e04aba4cae6eaa25172) Importer(815301076,1909f56bfc062723c751e8b465ee728b)
Start importing Assets/Imagenes/Paletas/pera.asset using Guid(8e74993e1db58e04aba4cae6eaa25172) Importer(815301076,1909f56bfc062723c751e8b465ee728b)  -> (artifact id: 'd21041ea4178ef773d8588dd6fa99b49') in 0.004172 seconds
Number of updated asset objects reloaded before import = 0
Number of asset objects unloaded after import = 3
========================================================================
Received Import Request.
  Time since last request: 0.025425 seconds.
  path: Assets/Imagenes/Paletas/Nature_props_01_38.asset
  artifactKey: Guid(8330989fe760eda4d8531a1a6d92b720) Importer(815301076,1909f56bfc062723c751e8b465ee728b)
Start importing Assets/Imagenes/Paletas/Nature_props_01_38.asset using Guid(8330989fe760eda4d8531a1a6d92b720) Importer(815301076,1909f56bfc062723c751e8b465ee728b)  -> (artifact id: 'd5cd6d33da7ad42ca1874d9bf0cdf401') in 0.003681 seconds
Number of updated asset objects reloaded before import = 0
Number of asset objects unloaded after import = 1
========================================================================
Received Import Request.
  Time since last request: 0.000117 seconds.
  path: Assets/Imagenes/Paletas/Paleta2.prefab
  artifactKey: Guid(2742aa2845fdf4b458bd74a1cab6a980) Importer(815301076,1909f56bfc062723c751e8b465ee728b)
Start importing Assets/Imagenes/Paletas/Paleta2.prefab using Guid(2742aa2845fdf4b458bd74a1cab6a980) Importer(815301076,1909f56bfc062723c751e8b465ee728b)  -> (artifact id: 'a45d27c3a319856359e940ddf628b3e3') in 0.148281 seconds
Number of updated asset objects reloaded before import = 0
Number of asset objects unloaded after import = 10
========================================================================
Received Import Request.
  Time since last request: 0.113923 seconds.
  path: Assets/Imagenes/Paletas/Nature_props_01_32.asset
  artifactKey: Guid(d817ecb57405f0f4f9c4ef52e5c75f8b) Importer(815301076,1909f56bfc062723c751e8b465ee728b)
Start importing Assets/Imagenes/Paletas/Nature_props_01_32.asset using Guid(d817ecb57405f0f4f9c4ef52e5c75f8b) Importer(815301076,1909f56bfc062723c751e8b465ee728b)  -> (artifact id: '38a2c87bf8d30f80fed20e7323453336') in 0.003231 seconds
Number of updated asset objects reloaded before import = 0
Number of asset objects unloaded after import = 1
========================================================================
Received Import Request.
  Time since last request: 0.019422 seconds.
  path: Assets/Imagenes/Paletas/Nature_props_01_28.asset
  artifactKey: Guid(8102dc12f15e7184592386579994f5ea) Importer(815301076,1909f56bfc062723c751e8b465ee728b)
Start importing Assets/Imagenes/Paletas/Nature_props_01_28.asset using Guid(8102dc12f15e7184592386579994f5ea) Importer(815301076,1909f56bfc062723c751e8b465ee728b)  -> (artifact id: '0eed9296f12c64f84abe9504f046118d') in 0.001842 seconds
Number of updated asset objects reloaded before import = 0
Number of asset objects unloaded after import = 1
========================================================================
Received Import Request.
  Time since last request: 9.875166 seconds.
  path: Assets/Imagenes/Paletas/Nature_props_01_24.asset
  artifactKey: Guid(91e74cbf4b49d5e4ea99df2732e2c6ff) Importer(815301076,1909f56bfc062723c751e8b465ee728b)
Start importing Assets/Imagenes/Paletas/Nature_props_01_24.asset using Guid(91e74cbf4b49d5e4ea99df2732e2c6ff) Importer(815301076,1909f56bfc062723c751e8b465ee728b)  -> (artifact id: '51a32177ff86d04a32b3b9eb2df43faf') in 0.001934 seconds
Number of updated asset objects reloaded before import = 0
Number of asset objects unloaded after import = 1
========================================================================
Received Import Request.
  Time since last request: 0.015849 seconds.
  path: Assets/Imagenes/Paletas/Nature_props_01_20.asset
  artifactKey: Guid(1d2319298de12ba4e8f1c1cbdc13c764) Importer(815301076,1909f56bfc062723c751e8b465ee728b)
Start importing Assets/Imagenes/Paletas/Nature_props_01_20.asset using Guid(1d2319298de12ba4e8f1c1cbdc13c764) Importer(815301076,1909f56bfc062723c751e8b465ee728b)  -> (artifact id: '8888589c0cc8078f9f064df3c8533b92') in 0.001842 seconds
Number of updated asset objects reloaded before import = 0
Number of asset objects unloaded after import = 1
========================================================================
Received Import Request.
  Time since last request: 0.063437 seconds.
  path: Assets/Imagenes/Paletas/Nature_props_01_16.asset
  artifactKey: Guid(60d429437fa15c043a5d8be3498367d5) Importer(815301076,1909f56bfc062723c751e8b465ee728b)
Start importing Assets/Imagenes/Paletas/Nature_props_01_16.asset using Guid(60d429437fa15c043a5d8be3498367d5) Importer(815301076,1909f56bfc062723c751e8b465ee728b)  -> (artifact id: '8f22ae10edb4e434da3313f97f7f7901') in 0.001799 seconds
Number of updated asset objects reloaded before import = 0
Number of asset objects unloaded after import = 1
========================================================================
Received Import Request.
  Time since last request: 0.063817 seconds.
  path: Assets/Imagenes/Paletas/Nature_props_01_12.asset
  artifactKey: Guid(6ae85c73160009547a07921a8117adaf) Importer(815301076,1909f56bfc062723c751e8b465ee728b)
Start importing Assets/Imagenes/Paletas/Nature_props_01_12.asset using Guid(6ae85c73160009547a07921a8117adaf) Importer(815301076,1909f56bfc062723c751e8b465ee728b)  -> (artifact id: 'cc136b0f537f80e3bf2678804f3ed4dd') in 0.001617 seconds
Number of updated asset objects reloaded before import = 0
Number of asset objects unloaded after import = 1
========================================================================
Received Import Request.
  Time since last request: 0.057506 seconds.
  path: Assets/Imagenes/Paletas/Nature_props_01_8.asset
  artifactKey: Guid(fe11e4621245333459f13c962eaf7c1f) Importer(815301076,1909f56bfc062723c751e8b465ee728b)
Start importing Assets/Imagenes/Paletas/Nature_props_01_8.asset using Guid(fe11e4621245333459f13c962eaf7c1f) Importer(815301076,1909f56bfc062723c751e8b465ee728b)  -> (artifact id: '3809405449d49949480d20b7f8382921') in 0.001870 seconds
Number of updated asset objects reloaded before import = 0
Number of asset objects unloaded after import = 1
========================================================================
Received Import Request.
  Time since last request: 0.464764 seconds.
  path: Assets/Imagenes/Paletas/nature_environment_01_124.asset
  artifactKey: Guid(25e69c8eaf61a3e4d970e4fd52ed756a) Importer(815301076,1909f56bfc062723c751e8b465ee728b)
Start importing Assets/Imagenes/Paletas/nature_environment_01_124.asset using Guid(25e69c8eaf61a3e4d970e4fd52ed756a) Importer(815301076,1909f56bfc062723c751e8b465ee728b)  -> (artifact id: '94a97cbcd215449f8b4a7c106c19ebc1') in 0.001952 seconds
Number of updated asset objects reloaded before import = 0
Number of asset objects unloaded after import = 1
========================================================================
Received Import Request.
  Time since last request: 0.406631 seconds.
  path: Assets/Imagenes/Paletas/nature_environment_01_116.asset
  artifactKey: Guid(182e6179964a2f0478c1a0555f6eb1f1) Importer(815301076,1909f56bfc062723c751e8b465ee728b)
Start importing Assets/Imagenes/Paletas/nature_environment_01_116.asset using Guid(182e6179964a2f0478c1a0555f6eb1f1) Importer(815301076,1909f56bfc062723c751e8b465ee728b)  -> (artifact id: 'a994a24250066adcb5b2e35b04076442') in 0.003848 seconds
Number of updated asset objects reloaded before import = 0
Number of asset objects unloaded after import = 1
========================================================================
Received Import Request.
  Time since last request: 0.019689 seconds.
  path: Assets/Imagenes/Paletas/nature_environment_01_112.asset
  artifactKey: Guid(06125164a03b8d543bdd6a74e0c4408c) Importer(815301076,1909f56bfc062723c751e8b465ee728b)
Start importing Assets/Imagenes/Paletas/nature_environment_01_112.asset using Guid(06125164a03b8d543bdd6a74e0c4408c) Importer(815301076,1909f56bfc062723c751e8b465ee728b)  -> (artifact id: '1feb05e03caa6d836c98ec2c3871a7bf') in 0.003333 seconds
Number of updated asset objects reloaded before import = 0
Number of asset objects unloaded after import = 1
========================================================================
Received Import Request.
  Time since last request: 0.021812 seconds.
  path: Assets/Imagenes/Paletas/nature_environment_01_108.asset
  artifactKey: Guid(b3f68731437a1c640a8de47abdfde2e2) Importer(815301076,1909f56bfc062723c751e8b465ee728b)
Start importing Assets/Imagenes/Paletas/nature_environment_01_108.asset using Guid(b3f68731437a1c640a8de47abdfde2e2) Importer(815301076,1909f56bfc062723c751e8b465ee728b)  -> (artifact id: '85f4dd329cd202dddbbcc294d776243e') in 0.001827 seconds
Number of updated asset objects reloaded before import = 0
Number of asset objects unloaded after import = 1
========================================================================
Received Import Request.
  Time since last request: 0.437597 seconds.
  path: Assets/Imagenes/Paletas/nature_environment_01_96.asset
  artifactKey: Guid(2ecaf040f7a0cf44cb2afc175cc0c208) Importer(815301076,1909f56bfc062723c751e8b465ee728b)
Start importing Assets/Imagenes/Paletas/nature_environment_01_96.asset using Guid(2ecaf040f7a0cf44cb2afc175cc0c208) Importer(815301076,1909f56bfc062723c751e8b465ee728b)  -> (artifact id: '8d08765e52e931f1c6eb551dcdc25c78') in 0.001901 seconds
Number of updated asset objects reloaded before import = 0
Number of asset objects unloaded after import = 1
========================================================================
Received Import Request.
  Time since last request: 0.013472 seconds.
  path: Assets/Imagenes/Paletas/nature_environment_01_93.asset
  artifactKey: Guid(6dec0ef0f2133194e9847bd67338c2a1) Importer(815301076,1909f56bfc062723c751e8b465ee728b)
Start importing Assets/Imagenes/Paletas/nature_environment_01_93.asset using Guid(6dec0ef0f2133194e9847bd67338c2a1) Importer(815301076,1909f56bfc062723c751e8b465ee728b)  -> (artifact id: '85d6c575e9cec0b9a55cf354b52a7eaf') in 0.001666 seconds
Number of updated asset objects reloaded before import = 0
Number of asset objects unloaded after import = 1
========================================================================
Received Import Request.
  Time since last request: 0.027696 seconds.
  path: Assets/Imagenes/Paletas/nature_environment_01_88.asset
  artifactKey: Guid(b0fcfb92781a0c942a5d4d9541e90e9a) Importer(815301076,1909f56bfc062723c751e8b465ee728b)
Start importing Assets/Imagenes/Paletas/nature_environment_01_88.asset using Guid(b0fcfb92781a0c942a5d4d9541e90e9a) Importer(815301076,1909f56bfc062723c751e8b465ee728b)  -> (artifact id: 'b0320535891bfc0ebd23d5c29cf48593') in 0.001774 seconds
Number of updated asset objects reloaded before import = 0
Number of asset objects unloaded after import = 1
========================================================================
Received Import Request.
  Time since last request: 0.023777 seconds.
  path: Assets/Imagenes/Paletas/nature_environment_01_84.asset
  artifactKey: Guid(ed1c05d66c3bfc142b8833416952aea1) Importer(815301076,1909f56bfc062723c751e8b465ee728b)
Start importing Assets/Imagenes/Paletas/nature_environment_01_84.asset using Guid(ed1c05d66c3bfc142b8833416952aea1) Importer(815301076,1909f56bfc062723c751e8b465ee728b)  -> (artifact id: 'd6499b90db0c1618bd5174d49e1edbae') in 0.001775 seconds
Number of updated asset objects reloaded before import = 0
Number of asset objects unloaded after import = 1
========================================================================
Received Import Request.
  Time since last request: 0.445719 seconds.
  path: Assets/Imagenes/Paletas/nature_environment_01_80.asset
  artifactKey: Guid(32e65d0eec9ac32468377b241f3b3578) Importer(815301076,1909f56bfc062723c751e8b465ee728b)
Start importing Assets/Imagenes/Paletas/nature_environment_01_80.asset using Guid(32e65d0eec9ac32468377b241f3b3578) Importer(815301076,1909f56bfc062723c751e8b465ee728b)  -> (artifact id: 'a4da5291107eb3b1d2aa67fdcb3cf076') in 0.002376 seconds
Number of updated asset objects reloaded before import = 0
Number of asset objects unloaded after import = 1
========================================================================
Received Import Request.
  Time since last request: 0.035104 seconds.
  path: Assets/Imagenes/Paletas/nature_environment_01_77.asset
  artifactKey: Guid(311fe02c277a7e440a92910abc3bc07e) Importer(815301076,1909f56bfc062723c751e8b465ee728b)
Start importing Assets/Imagenes/Paletas/nature_environment_01_77.asset using Guid(311fe02c277a7e440a92910abc3bc07e) Importer(815301076,1909f56bfc062723c751e8b465ee728b)  -> (artifact id: '8adfc21816de6a3c7c19684447b11c86') in 0.001636 seconds
Number of updated asset objects reloaded before import = 0
Number of asset objects unloaded after import = 1
========================================================================
Received Import Request.
  Time since last request: 194.972787 seconds.
  path: Assets/Imagenes/Paletas/Tronco.asset
  artifactKey: Guid(aa599de27c27aa9448aac792ef32b3ad) Importer(815301076,1909f56bfc062723c751e8b465ee728b)
Start importing Assets/Imagenes/Paletas/Tronco.asset using Guid(aa599de27c27aa9448aac792ef32b3ad) Importer(815301076,1909f56bfc062723c751e8b465ee728b)  -> (artifact id: 'e38140ab34553bed23f4ca12e546066e') in 0.001834 seconds
Number of updated asset objects reloaded before import = 0
Number of asset objects unloaded after import = 1
========================================================================
Received Import Request.
  Time since last request: 0.007652 seconds.
  path: Assets/Imagenes/Paletas/Valla.asset
  artifactKey: Guid(749448abf67ded94b99b1a0c62a73c91) Importer(815301076,1909f56bfc062723c751e8b465ee728b)
Start importing Assets/Imagenes/Paletas/Valla.asset using Guid(749448abf67ded94b99b1a0c62a73c91) Importer(815301076,1909f56bfc062723c751e8b465ee728b)  -> (artifact id: 'a3295de97b677f4de178493ebb1b85f0') in 0.001886 seconds
Number of updated asset objects reloaded before import = 0
Number of asset objects unloaded after import = 1
========================================================================
Received Import Request.
  Time since last request: 1336.054075 seconds.
  path: Assets/Imagenes/arboles/arbol lapacho.png
  artifactKey: Guid(342355febd776f542bb1240bb3329e23) Importer(815301076,1909f56bfc062723c751e8b465ee728b)
Start importing Assets/Imagenes/arboles/arbol lapacho.png using Guid(342355febd776f542bb1240bb3329e23) Importer(815301076,1909f56bfc062723c751e8b465ee728b)  -> (artifact id: '48d8f4ac5685f84d8844b40450e23c57') in 0.034275 seconds
Number of updated asset objects reloaded before import = 0
Number of asset objects unloaded after import = 3
========================================================================
Received Import Request.
  Time since last request: 0.007437 seconds.
  path: Assets/Imagenes/arboles/arbol omb.png
  artifactKey: Guid(25332b29045672d418ee978f4da12e2d) Importer(815301076,1909f56bfc062723c751e8b465ee728b)
Start importing Assets/Imagenes/arboles/arbol omb.png using Guid(25332b29045672d418ee978f4da12e2d) Importer(815301076,1909f56bfc062723c751e8b465ee728b)  -> (artifact id: '4a136d6be193cae254edd1574b240f6c') in 0.089671 seconds
Number of updated asset objects reloaded before import = 0
Number of asset objects unloaded after import = 3
========================================================================
Received Import Request.
  Time since last request: 449.457407 seconds.
  path: Assets/Imagenes/Fondos/fondo 1/Fondo 1/agua abajo_1_1.asset
  artifactKey: Guid(19e5fcacdfa2e3a4cb80b5162aecffa1) Importer(815301076,1909f56bfc062723c751e8b465ee728b)
Start importing Assets/Imagenes/Fondos/fondo 1/Fondo 1/agua abajo_1_1.asset using Guid(19e5fcacdfa2e3a4cb80b5162aecffa1) Importer(815301076,1909f56bfc062723c751e8b465ee728b)  -> (artifact id: '936a93990dd8fe44ff9be77f6f5ea9b3') in 0.013628 seconds
Number of updated asset objects reloaded before import = 0
Number of asset objects unloaded after import = 3
========================================================================
Received Import Request.
  Time since last request: 0.000014 seconds.
  path: Assets/Imagenes/Fondos/fondo 1/Fondo 1/suelo arriba 1_2.asset
  artifactKey: Guid(48e1d6b9d180c434bb3fb52502e137d3) Importer(815301076,1909f56bfc062723c751e8b465ee728b)
Start importing Assets/Imagenes/Fondos/fondo 1/Fondo 1/suelo arriba 1_2.asset using Guid(48e1d6b9d180c434bb3fb52502e137d3) Importer(815301076,1909f56bfc062723c751e8b465ee728b)  -> (artifact id: '3ac6bfe8248ce395198688fe9e99eb84') in 0.013760 seconds
Number of updated asset objects reloaded before import = 0
Number of asset objects unloaded after import = 3
========================================================================
Received Import Request.
  Time since last request: 0.000016 seconds.
  path: Assets/Imagenes/Fondos/fondo 1/Fondo 1/agua arriba_1_0.asset
  artifactKey: Guid(9c9328a07a6b78b4f91b940f020ac1c0) Importer(815301076,1909f56bfc062723c751e8b465ee728b)
Start importing Assets/Imagenes/Fondos/fondo 1/Fondo 1/agua arriba_1_0.asset using Guid(9c9328a07a6b78b4f91b940f020ac1c0) Importer(815301076,1909f56bfc062723c751e8b465ee728b)  -> (artifact id: 'b2406475e678ec693e00ed61f2112b9e') in 0.011936 seconds
Number of updated asset objects reloaded before import = 0
Number of asset objects unloaded after import = 3
========================================================================
Received Import Request.
  Time since last request: 0.000025 seconds.
  path: Assets/Imagenes/Fondos/fondo 1/Fondo 1/suelo abajo 1_1.asset
  artifactKey: Guid(c73d18ad02553d3419c4da59297235e8) Importer(815301076,1909f56bfc062723c751e8b465ee728b)
Start importing Assets/Imagenes/Fondos/fondo 1/Fondo 1/suelo abajo 1_1.asset using Guid(c73d18ad02553d3419c4da59297235e8) Importer(815301076,1909f56bfc062723c751e8b465ee728b)  -> (artifact id: '57073cc2d12bd7155fe018abbe2b3791') in 0.007591 seconds
Number of updated asset objects reloaded before import = 0
Number of asset objects unloaded after import = 3
========================================================================
Received Import Request.
  Time since last request: 0.000014 seconds.
  path: Assets/Imagenes/Fondos/fondo 1/Fondo 1/plataforma_0.asset
  artifactKey: Guid(805a4074b7ae9784d88c15c06e441669) Importer(815301076,1909f56bfc062723c751e8b465ee728b)
Start importing Assets/Imagenes/Fondos/fondo 1/Fondo 1/plataforma_0.asset using Guid(805a4074b7ae9784d88c15c06e441669) Importer(815301076,1909f56bfc062723c751e8b465ee728b)  -> (artifact id: 'e419bb1d1cfba33b65aa37e89818262f') in 0.012340 seconds
Number of updated asset objects reloaded before import = 0
Number of asset objects unloaded after import = 3
========================================================================
Received Import Request.
  Time since last request: 0.000025 seconds.
  path: Assets/Imagenes/Fondos/fondo 1/Fondo 1/agua arriba_1_1.asset
  artifactKey: Guid(a152bc2588a69dd4e9c58fb954609437) Importer(815301076,1909f56bfc062723c751e8b465ee728b)
Start importing Assets/Imagenes/Fondos/fondo 1/Fondo 1/agua arriba_1_1.asset using Guid(a152bc2588a69dd4e9c58fb954609437) Importer(815301076,1909f56bfc062723c751e8b465ee728b)  -> (artifact id: 'ff3811b8604d10fa6eab029754b84c39') in 0.012091 seconds
Number of updated asset objects reloaded before import = 0
Number of asset objects unloaded after import = 3
========================================================================
Received Import Request.
  Time since last request: 0.000022 seconds.
  path: Assets/Imagenes/Fondos/fondo 1/Fondo 1/agua abajo_1_2.asset
  artifactKey: Guid(af2c1401c19223e4f896e6ba8800bb38) Importer(815301076,1909f56bfc062723c751e8b465ee728b)
Start importing Assets/Imagenes/Fondos/fondo 1/Fondo 1/agua abajo_1_2.asset using Guid(af2c1401c19223e4f896e6ba8800bb38) Importer(815301076,1909f56bfc062723c751e8b465ee728b)  -> (artifact id: 'f87baee0de9ddb4b73a52e3709aeead3') in 0.010681 seconds
Number of updated asset objects reloaded before import = 0
Number of asset objects unloaded after import = 3
========================================================================
Received Import Request.
  Time since last request: 0.000022 seconds.
  path: Assets/Imagenes/Fondos/fondo 1/Fondo 1/plataforma_1.asset
  artifactKey: Guid(4a7f994dbec4c1345872b80c101f978f) Importer(815301076,1909f56bfc062723c751e8b465ee728b)
Start importing Assets/Imagenes/Fondos/fondo 1/Fondo 1/plataforma_1.asset using Guid(4a7f994dbec4c1345872b80c101f978f) Importer(815301076,1909f56bfc062723c751e8b465ee728b)  -> (artifact id: 'f6efff6f4a440d134f8201b312f75555') in 0.008072 seconds
Number of updated asset objects reloaded before import = 0
Number of asset objects unloaded after import = 3
Editor requested this worker to shutdown with reason: Scaling down because of idle timeout
TcpMessagingSession - receive error: operation aborted. errorcode: 995, details: La operacin de E/S se anul por una salida de subproceso o por una solicitud de aplicacin.
AssetImportWorker is now disconnected from the server
Process exiting
Exiting without the bug reporter. Application will terminate with return code 0