Using pre-set license
Built from '2022.3/staging' branch; Version is '2022.3.19f1 (244b723c30a6) revision 2378610'; Using compiler version '192829333'; Build Type 'Release'
OS: 'Windows 10  (10.0.19045) 64bit Professional' Language: 'es' Physical Memory: 16164 MB
BatchMode: 1, IsHumanControllingUs: 0, StartBugReporterOnCrash: 0, Is64bit: 1, IsPro: 1

COMMAND LINE ARGUMENTS:
C:\Program Files\Unity\Hub\Editor\2022.3.19f1\Editor\Unity.exe
-adb2
-batchMode
-noUpm
-name
AssetImportWorker6
-projectPath
D:/GitHub/PinchoBros2D/PinchoBros2D
-logFile
Logs/AssetImportWorker6.log
-srvPort
50428
Successfully changed project path to: D:/GitHub/PinchoBros2D/PinchoBros2D
D:/GitHub/PinchoBros2D/PinchoBros2D
[UnityMemory] Configuration Parameters - Can be set up in boot.config
    "memorysetup-bucket-allocator-granularity=16"
    "memorysetup-bucket-allocator-bucket-count=8"
    "memorysetup-bucket-allocator-block-size=33554432"
    "memorysetup-bucket-allocator-block-count=8"
    "memorysetup-main-allocator-block-size=16777216"
    "memorysetup-thread-allocator-block-size=16777216"
    "memorysetup-gfx-main-allocator-block-size=16777216"
    "memorysetup-gfx-thread-allocator-block-size=16777216"
    "memorysetup-cache-allocator-block-size=4194304"
    "memorysetup-typetree-allocator-block-size=2097152"
    "memorysetup-profiler-bucket-allocator-granularity=16"
    "memorysetup-profiler-bucket-allocator-bucket-count=8"
    "memorysetup-profiler-bucket-allocator-block-size=33554432"
    "memorysetup-profiler-bucket-allocator-block-count=8"
    "memorysetup-profiler-allocator-block-size=16777216"
    "memorysetup-profiler-editor-allocator-block-size=1048576"
    "memorysetup-temp-allocator-size-main=16777216"
    "memorysetup-job-temp-allocator-block-size=2097152"
    "memorysetup-job-temp-allocator-block-size-background=1048576"
    "memorysetup-job-temp-allocator-reduction-small-platforms=262144"
    "memorysetup-allocator-temp-initial-block-size-main=262144"
    "memorysetup-allocator-temp-initial-block-size-worker=262144"
    "memorysetup-temp-allocator-size-background-worker=32768"
    "memorysetup-temp-allocator-size-job-worker=262144"
    "memorysetup-temp-allocator-size-preload-manager=33554432"
    "memorysetup-temp-allocator-size-nav-mesh-worker=65536"
    "memorysetup-temp-allocator-size-audio-worker=65536"
    "memorysetup-temp-allocator-size-cloud-worker=32768"
    "memorysetup-temp-allocator-size-gi-baking-worker=262144"
    "memorysetup-temp-allocator-size-gfx=262144"
Player connection [13892] Host "[IP] 172.17.17.165 [Port] 0 [Flags] 2 [Guid] 2096325730 [EditorId] 2096325730 [Version] 1048832 [Id] WindowsEditor(7,DESKTOP-CD42DPL) [Debug] 1 [PackageName] WindowsEditor [ProjectName] Editor" joined multi-casting on [225.0.0.222:54997]...

Player connection [13892] Host "[IP] 172.17.17.165 [Port] 0 [Flags] 2 [Guid] 2096325730 [EditorId] 2096325730 [Version] 1048832 [Id] WindowsEditor(7,DESKTOP-CD42DPL) [Debug] 1 [PackageName] WindowsEditor [ProjectName] Editor" joined alternative multi-casting on [225.0.0.222:34997]...

[Physics::Module] Initialized MultithreadedJobDispatcher with 11 workers.
Refreshing native plugins compatible for Editor in 6.25 ms, found 4 plugins.
Preloading 0 native plugins for Editor in 0.00 ms.
Initialize engine version: 2022.3.19f1 (244b723c30a6)
[Subsystems] Discovering subsystems at path C:/Program Files/Unity/Hub/Editor/2022.3.19f1/Editor/Data/Resources/UnitySubsystems
[Subsystems] Discovering subsystems at path D:/GitHub/PinchoBros2D/PinchoBros2D/Assets
GfxDevice: creating device client; threaded=0; jobified=0
Direct3D:
    Version:  Direct3D 11.0 [level 11.1]
    Renderer: NVIDIA GeForce RTX 3060 Ti (ID=0x2489)
    Vendor:   NVIDIA
    VRAM:     8024 MB
    Driver:   32.0.15.6070
Initialize mono
Mono path[0] = 'C:/Program Files/Unity/Hub/Editor/2022.3.19f1/Editor/Data/Managed'
Mono path[1] = 'C:/Program Files/Unity/Hub/Editor/2022.3.19f1/Editor/Data/MonoBleedingEdge/lib/mono/unityjit-win32'
Mono config path = 'C:/Program Files/Unity/Hub/Editor/2022.3.19f1/Editor/Data/MonoBleedingEdge/etc'
Using monoOptions --debugger-agent=transport=dt_socket,embedding=1,server=y,suspend=n,address=127.0.0.1:56008
Begin MonoManager ReloadAssembly
Registering precompiled unity dll's ...
Register platform support module: C:/Program Files/Unity/Hub/Editor/2022.3.19f1/Editor/Data/PlaybackEngines/WebGLSupport/UnityEditor.WebGL.Extensions.dll
Register platform support module: C:/Program Files/Unity/Hub/Editor/2022.3.19f1/Editor/Data/PlaybackEngines/AndroidPlayer/UnityEditor.Android.Extensions.dll
Register platform support module: C:/Program Files/Unity/Hub/Editor/2022.3.19f1/Editor/Data/PlaybackEngines/WindowsStandaloneSupport/UnityEditor.WindowsStandalone.Extensions.dll
Register platform support module: C:/Program Files/Unity/Hub/Editor/2022.3.19f1/Editor/Data/PlaybackEngines/MetroSupport/UnityEditor.UWP.Extensions.dll
Registered in 0.013125 seconds.
- Loaded All Assemblies, in  0.346 seconds
Native extension for UWP target not found
Native extension for WindowsStandalone target not found
Native extension for Android target not found
Android Extension - Scanning For ADB Devices 165 ms
Native extension for WebGL target not found
Mono: successfully reloaded assembly
- Finished resetting the current domain, in  0.475 seconds
Domain Reload Profiling: 819ms
	BeginReloadAssembly (98ms)
		ExecutionOrderSort (0ms)
		DisableScriptedObjects (0ms)
		BackupInstance (0ms)
		ReleaseScriptingObjects (0ms)
		CreateAndSetChildDomain (1ms)
	RebuildCommonClasses (32ms)
	RebuildNativeTypeToScriptingClass (11ms)
	initialDomainReloadingComplete (62ms)
	LoadAllAssembliesAndSetupDomain (142ms)
		LoadAssemblies (97ms)
		RebuildTransferFunctionScriptingTraits (0ms)
		AnalyzeDomain (139ms)
			TypeCache.Refresh (138ms)
				TypeCache.ScanAssembly (125ms)
			ScanForSourceGeneratedMonoScriptInfo (0ms)
			ResolveRequiredComponents (0ms)
	FinalizeReload (475ms)
		ReleaseScriptCaches (0ms)
		RebuildScriptCaches (0ms)
		SetupLoadedEditorAssemblies (420ms)
			LogAssemblyErrors (0ms)
			InitializePlatformSupportModulesInManaged (267ms)
			SetLoadedEditorAssemblies (4ms)
			RefreshPlugins (0ms)
			BeforeProcessingInitializeOnLoad (2ms)
			ProcessInitializeOnLoadAttributes (106ms)
			ProcessInitializeOnLoadMethodAttributes (41ms)
			AfterProcessingInitializeOnLoad (0ms)
			EditorAssembliesLoaded (0ms)
		ExecutionOrderSort2 (0ms)
		AwakeInstancesAfterBackupRestoration (0ms)
========================================================================
Worker process is ready to serve import requests
Begin MonoManager ReloadAssembly
- Loaded All Assemblies, in  0.591 seconds
Refreshing native plugins compatible for Editor in 2.32 ms, found 4 plugins.
Native extension for UWP target not found
Native extension for WindowsStandalone target not found
Native extension for Android target not found
Native extension for WebGL target not found
Package Manager log level set to [2]
[Package Manager] Server::EnsureServerProcessIsRunning -- launch failed, reason: Unity was launched with the -noUpm command-line argument
[Package Manager] UpmClient::Send -- Unable to send message (not connected to UPM process).
[Package Manager] Cannot connect to Unity Package Manager local server
Mono: successfully reloaded assembly
- Finished resetting the current domain, in  0.651 seconds
Domain Reload Profiling: 1240ms
	BeginReloadAssembly (132ms)
		ExecutionOrderSort (0ms)
		DisableScriptedObjects (5ms)
		BackupInstance (0ms)
		ReleaseScriptingObjects (0ms)
		CreateAndSetChildDomain (19ms)
	RebuildCommonClasses (33ms)
	RebuildNativeTypeToScriptingClass (11ms)
	initialDomainReloadingComplete (40ms)
	LoadAllAssembliesAndSetupDomain (373ms)
		LoadAssemblies (270ms)
		RebuildTransferFunctionScriptingTraits (0ms)
		AnalyzeDomain (179ms)
			TypeCache.Refresh (152ms)
				TypeCache.ScanAssembly (134ms)
			ScanForSourceGeneratedMonoScriptInfo (21ms)
			ResolveRequiredComponents (6ms)
	FinalizeReload (651ms)
		ReleaseScriptCaches (0ms)
		RebuildScriptCaches (0ms)
		SetupLoadedEditorAssemblies (474ms)
			LogAssemblyErrors (0ms)
			InitializePlatformSupportModulesInManaged (31ms)
			SetLoadedEditorAssemblies (3ms)
			RefreshPlugins (0ms)
			BeforeProcessingInitializeOnLoad (67ms)
			ProcessInitializeOnLoadAttributes (324ms)
			ProcessInitializeOnLoadMethodAttributes (39ms)
			AfterProcessingInitializeOnLoad (9ms)
			EditorAssembliesLoaded (0ms)
		ExecutionOrderSort2 (0ms)
		AwakeInstancesAfterBackupRestoration (5ms)
Launched and connected shader compiler UnityShaderCompiler.exe after 0.03 seconds
Refreshing native plugins compatible for Editor in 2.38 ms, found 4 plugins.
Preloading 0 native plugins for Editor in 0.00 ms.
Unloading 4206 Unused Serialized files (Serialized files now loaded: 0)
Unloading 77 unused Assets / (135.5 KB). Loaded Objects now: 4671.
Memory consumption went from 154.2 MB to 154.0 MB.
Total: 3.458000 ms (FindLiveObjects: 0.311400 ms CreateObjectMapping: 0.201700 ms MarkObjects: 2.813600 ms  DeleteObjects: 0.130600 ms)

AssetImportParameters requested are different than current active one (requested -> active):
  custom:container-demuxer-ogg: 62fdf1f143b41e24485cea50d1cbac27 -> 
  custom:video-decoder-ogg-theora: a1e56fd34408186e4bbccfd4996cb3dc -> 
  custom:framework-win-MediaFoundation: 216162199b28c13a410421893ffa2e32 -> 
  custom:CustomObjectIndexerAttribute: 6d391050e5a25f67b0a2c618074f2cd9 -> 
  custom:container-demuxer-webm: 4f35f7cbe854078d1ac9338744f61a02 -> 
  custom:container-muxer-webm: aa71ff27fc2769a1b78a27578f13a17b -> 
  custom:video-decoder-webm-vp8: 9c59270c3fd7afecdb556c50c9e8de78 -> 
  custom:SearchIndexIgnoredProperties: e643bd26f0fe6173181afceb89e7c659 -> 
  custom:AudioImporter_EditorPlatform: d09bf68614088b80899f8185d706f6e7 -> 
  custom:video-encoder-webm-vp8: eb34c28f22e8b96e1ab97ce403110664 -> 
  custom:audio-decoder-ogg-vorbis: bf7c407c2cedff20999df2af8eb42d56 -> 
  custom:audio-encoder-webm-vorbis: bf7c407c2cedff20999df2af8eb42d56 -> 
========================================================================
Received Import Request.
  Time since last request: 6013.294976 seconds.
  path: Assets/Imagenes/Paletas/nature_environment_01_54.asset
  artifactKey: Guid(c039dd2859ac65040b96b016e28ac702) Importer(815301076,1909f56bfc062723c751e8b465ee728b)
Start importing Assets/Imagenes/Paletas/nature_environment_01_54.asset using Guid(c039dd2859ac65040b96b016e28ac702) Importer(815301076,1909f56bfc062723c751e8b465ee728b)  -> (artifact id: 'd1a1d57eb1e2f5441c05c74ec98340d2') in 0.034520 seconds
Number of updated asset objects reloaded before import = 0
Number of asset objects unloaded after import = 1
========================================================================
Received Import Request.
  Time since last request: 0.000016 seconds.
  path: Assets/Imagenes/Paletas/nature_environment_01_59.asset
  artifactKey: Guid(6f4f4712c8a0e524b93c74d57b951b5c) Importer(815301076,1909f56bfc062723c751e8b465ee728b)
Start importing Assets/Imagenes/Paletas/nature_environment_01_59.asset using Guid(6f4f4712c8a0e524b93c74d57b951b5c) Importer(815301076,1909f56bfc062723c751e8b465ee728b)  -> (artifact id: '0cffc41954f94b13edb1b9e22b7bb240') in 0.001795 seconds
Number of updated asset objects reloaded before import = 0
Number of asset objects unloaded after import = 1
========================================================================
Received Import Request.
  Time since last request: 0.008666 seconds.
  path: Assets/Imagenes/Paletas/nature_environment_01_62.asset
  artifactKey: Guid(b0082b4f9b99f2c43afb41b4d907970d) Importer(815301076,1909f56bfc062723c751e8b465ee728b)
Start importing Assets/Imagenes/Paletas/nature_environment_01_62.asset using Guid(b0082b4f9b99f2c43afb41b4d907970d) Importer(815301076,1909f56bfc062723c751e8b465ee728b)  -> (artifact id: 'c4e5827f39f6fedf299514329bb75422') in 0.002422 seconds
Number of updated asset objects reloaded before import = 0
Number of asset objects unloaded after import = 1
========================================================================
Received Import Request.
  Time since last request: 0.012867 seconds.
  path: Assets/Imagenes/Paletas/nature_environment_01_66.asset
  artifactKey: Guid(94f5aa63c17afee4ebc3834701f799e9) Importer(815301076,1909f56bfc062723c751e8b465ee728b)
Start importing Assets/Imagenes/Paletas/nature_environment_01_66.asset using Guid(94f5aa63c17afee4ebc3834701f799e9) Importer(815301076,1909f56bfc062723c751e8b465ee728b)  -> (artifact id: '4d9676449f5b604678f20ce6214d5223') in 0.001810 seconds
Number of updated asset objects reloaded before import = 0
Number of asset objects unloaded after import = 1
========================================================================
Received Import Request.
  Time since last request: 0.024405 seconds.
  path: Assets/Imagenes/Paletas/nature_environment_01_70.asset
  artifactKey: Guid(9eab7d88fed007c4eaf2738a2e13e751) Importer(815301076,1909f56bfc062723c751e8b465ee728b)
Start importing Assets/Imagenes/Paletas/nature_environment_01_70.asset using Guid(9eab7d88fed007c4eaf2738a2e13e751) Importer(815301076,1909f56bfc062723c751e8b465ee728b)  -> (artifact id: '2b264e11d96799bb97f7bc0d6567f0c6') in 0.001956 seconds
Number of updated asset objects reloaded before import = 0
Number of asset objects unloaded after import = 1
========================================================================
Received Import Request.
  Time since last request: 3.559705 seconds.
  path: Assets/Imagenes/Paletas/Tileset/New Palette.prefab
  artifactKey: Guid(abab7b46082e8084484212664a520f77) Importer(815301076,1909f56bfc062723c751e8b465ee728b)
Start importing Assets/Imagenes/Paletas/Tileset/New Palette.prefab using Guid(abab7b46082e8084484212664a520f77) Importer(815301076,1909f56bfc062723c751e8b465ee728b)  -> (artifact id: '0b0809be0673eeca9a89271d9dfa0687') in 0.239126 seconds
Number of updated asset objects reloaded before import = 0
Number of asset objects unloaded after import = 270
========================================================================
Received Import Request.
  Time since last request: 0.000021 seconds.
  path: Assets/Imagenes/Paletas/Tileset/tileset-sliced_19.asset
  artifactKey: Guid(e7347a6ca6d80754a80ca305ccabfeb6) Importer(815301076,1909f56bfc062723c751e8b465ee728b)
Start importing Assets/Imagenes/Paletas/Tileset/tileset-sliced_19.asset using Guid(e7347a6ca6d80754a80ca305ccabfeb6) Importer(815301076,1909f56bfc062723c751e8b465ee728b)  -> (artifact id: 'bedea3a103939cb01bd7c6b780ee559d') in 0.013719 seconds
Number of updated asset objects reloaded before import = 0
Number of asset objects unloaded after import = 3
========================================================================
Received Import Request.
  Time since last request: 0.000057 seconds.
  path: Assets/Imagenes/Paletas/Tileset/tileset-sliced_13.asset
  artifactKey: Guid(b7db3835f44776744aa6b17f5fe0bd26) Importer(815301076,1909f56bfc062723c751e8b465ee728b)
Start importing Assets/Imagenes/Paletas/Tileset/tileset-sliced_13.asset using Guid(b7db3835f44776744aa6b17f5fe0bd26) Importer(815301076,1909f56bfc062723c751e8b465ee728b)  -> (artifact id: '4b3f93dacc34c1a67365feceb5d70ef2') in 0.006134 seconds
Number of updated asset objects reloaded before import = 0
Number of asset objects unloaded after import = 3
========================================================================
Received Import Request.
  Time since last request: 0.000013 seconds.
  path: Assets/Imagenes/Paletas/Tileset/tileset-sliced_2.asset
  artifactKey: Guid(6106597909d47804dad36a5aab5d99b8) Importer(815301076,1909f56bfc062723c751e8b465ee728b)
Start importing Assets/Imagenes/Paletas/Tileset/tileset-sliced_2.asset using Guid(6106597909d47804dad36a5aab5d99b8) Importer(815301076,1909f56bfc062723c751e8b465ee728b)  -> (artifact id: 'bc7d5b062b042c92e9e920852cb3befc') in 0.007367 seconds
Number of updated asset objects reloaded before import = 0
Number of asset objects unloaded after import = 3
========================================================================
Received Import Request.
  Time since last request: 0.000014 seconds.
  path: Assets/Imagenes/Paletas/Tileset/tileset-sliced_12.asset
  artifactKey: Guid(441afb49a6a3c8e41820d8d218442054) Importer(815301076,1909f56bfc062723c751e8b465ee728b)
Start importing Assets/Imagenes/Paletas/Tileset/tileset-sliced_12.asset using Guid(441afb49a6a3c8e41820d8d218442054) Importer(815301076,1909f56bfc062723c751e8b465ee728b)  -> (artifact id: 'c56938c6224048102b32e4e6c1528ef3') in 0.010309 seconds
Number of updated asset objects reloaded before import = 0
Number of asset objects unloaded after import = 3
========================================================================
Received Import Request.
  Time since last request: 2.297352 seconds.
  path: Assets/Imagenes/Paletas/Tileset/tileset-sliced_23.asset
  artifactKey: Guid(f507f9c2862ce4846baef785fb27a5f1) Importer(815301076,1909f56bfc062723c751e8b465ee728b)
Start importing Assets/Imagenes/Paletas/Tileset/tileset-sliced_23.asset using Guid(f507f9c2862ce4846baef785fb27a5f1) Importer(815301076,1909f56bfc062723c751e8b465ee728b)  -> (artifact id: '562ba647bdf6fdbd85f228d7e3c14a77') in 0.006277 seconds
Number of updated asset objects reloaded before import = 0
Number of asset objects unloaded after import = 3
========================================================================
Received Import Request.
  Time since last request: 0.042875 seconds.
  path: Assets/Imagenes/Paletas/Tileset/tileset-sliced_27.asset
  artifactKey: Guid(ff6971726c1dd6f44b2d1531b2fc58e2) Importer(815301076,1909f56bfc062723c751e8b465ee728b)
Start importing Assets/Imagenes/Paletas/Tileset/tileset-sliced_27.asset using Guid(ff6971726c1dd6f44b2d1531b2fc58e2) Importer(815301076,1909f56bfc062723c751e8b465ee728b)  -> (artifact id: 'f04b47fc41efcb6500b3d4dc6ef7c574') in 0.005904 seconds
Number of updated asset objects reloaded before import = 0
Number of asset objects unloaded after import = 3
========================================================================
Received Import Request.
  Time since last request: 0.021296 seconds.
  path: Assets/Imagenes/Paletas/Tileset/tileset-sliced_31.asset
  artifactKey: Guid(a7dca9d71591f534d82dfb8263cc6b2b) Importer(815301076,1909f56bfc062723c751e8b465ee728b)
Start importing Assets/Imagenes/Paletas/Tileset/tileset-sliced_31.asset using Guid(a7dca9d71591f534d82dfb8263cc6b2b) Importer(815301076,1909f56bfc062723c751e8b465ee728b)  -> (artifact id: '69f34a15e2351d5c64ad5059376341a6') in 0.006577 seconds
Number of updated asset objects reloaded before import = 0
Number of asset objects unloaded after import = 3
========================================================================
Received Import Request.
  Time since last request: 0.028195 seconds.
  path: Assets/Imagenes/Paletas/Tileset/tileset-sliced_35.asset
  artifactKey: Guid(d497bb3d933aaad4b90a7c77e66b856a) Importer(815301076,1909f56bfc062723c751e8b465ee728b)
Start importing Assets/Imagenes/Paletas/Tileset/tileset-sliced_35.asset using Guid(d497bb3d933aaad4b90a7c77e66b856a) Importer(815301076,1909f56bfc062723c751e8b465ee728b)  -> (artifact id: '5c3be395d4b6254524f62697924691be') in 0.006490 seconds
Number of updated asset objects reloaded before import = 0
Number of asset objects unloaded after import = 3
========================================================================
Received Import Request.
  Time since last request: 0.027156 seconds.
  path: Assets/Imagenes/Paletas/Tileset/tileset-sliced_39.asset
  artifactKey: Guid(85df98f43e21653469271533f4038122) Importer(815301076,1909f56bfc062723c751e8b465ee728b)
Start importing Assets/Imagenes/Paletas/Tileset/tileset-sliced_39.asset using Guid(85df98f43e21653469271533f4038122) Importer(815301076,1909f56bfc062723c751e8b465ee728b)  -> (artifact id: '6e6e53f59607095a6cd0e1b9bf15c9fd') in 0.005468 seconds
Number of updated asset objects reloaded before import = 0
Number of asset objects unloaded after import = 3
========================================================================
Received Import Request.
  Time since last request: 0.000015 seconds.
  path: Assets/Imagenes/Paletas/Tileset/tileset-sliced_41.asset
  artifactKey: Guid(34e7085cd8d4f5347b0a181164941bef) Importer(815301076,1909f56bfc062723c751e8b465ee728b)
Start importing Assets/Imagenes/Paletas/Tileset/tileset-sliced_41.asset using Guid(34e7085cd8d4f5347b0a181164941bef) Importer(815301076,1909f56bfc062723c751e8b465ee728b)  -> (artifact id: 'e8d4a083c59e44042af9f699b292a97c') in 0.005206 seconds
Number of updated asset objects reloaded before import = 0
Number of asset objects unloaded after import = 3
========================================================================
Received Import Request.
  Time since last request: 0.423226 seconds.
  path: Assets/Imagenes/Paletas/Tileset/tileset-sliced_43.asset
  artifactKey: Guid(55bafae4ec7630148bc3460c22a96af9) Importer(815301076,1909f56bfc062723c751e8b465ee728b)
Start importing Assets/Imagenes/Paletas/Tileset/tileset-sliced_43.asset using Guid(55bafae4ec7630148bc3460c22a96af9) Importer(815301076,1909f56bfc062723c751e8b465ee728b)  -> (artifact id: '255675f66b364a0b1c3d43b5914dfd4b') in 0.004020 seconds
Number of updated asset objects reloaded before import = 0
Number of asset objects unloaded after import = 3
========================================================================
Received Import Request.
  Time since last request: 0.031987 seconds.
  path: Assets/Imagenes/Paletas/Tileset/tileset-sliced_47.asset
  artifactKey: Guid(6267d21089f75674e8925b33d103c902) Importer(815301076,1909f56bfc062723c751e8b465ee728b)
Start importing Assets/Imagenes/Paletas/Tileset/tileset-sliced_47.asset using Guid(6267d21089f75674e8925b33d103c902) Importer(815301076,1909f56bfc062723c751e8b465ee728b)  -> (artifact id: 'e71c607c07672659960c658ad864a174') in 0.003898 seconds
Number of updated asset objects reloaded before import = 0
Number of asset objects unloaded after import = 3
========================================================================
Received Import Request.
  Time since last request: 0.022843 seconds.
  path: Assets/Imagenes/Paletas/Tileset/tileset-sliced_51.asset
  artifactKey: Guid(3bd0c7c51a16804468adfa1189f4d3e7) Importer(815301076,1909f56bfc062723c751e8b465ee728b)
Start importing Assets/Imagenes/Paletas/Tileset/tileset-sliced_51.asset using Guid(3bd0c7c51a16804468adfa1189f4d3e7) Importer(815301076,1909f56bfc062723c751e8b465ee728b)  -> (artifact id: 'b431ab05a6267a25ef0bddd6941d1130') in 0.004301 seconds
Number of updated asset objects reloaded before import = 0
Number of asset objects unloaded after import = 3
========================================================================
Received Import Request.
  Time since last request: 0.000023 seconds.
  path: Assets/Imagenes/Paletas/Tileset/tileset-sliced_53.asset
  artifactKey: Guid(e4f7514cb0b1f8a4fa939a375b06a9dd) Importer(815301076,1909f56bfc062723c751e8b465ee728b)
Start importing Assets/Imagenes/Paletas/Tileset/tileset-sliced_53.asset using Guid(e4f7514cb0b1f8a4fa939a375b06a9dd) Importer(815301076,1909f56bfc062723c751e8b465ee728b)  -> (artifact id: '98d4777d6686007888fc21bb72966d7c') in 0.003703 seconds
Number of updated asset objects reloaded before import = 0
Number of asset objects unloaded after import = 3
========================================================================
Received Import Request.
  Time since last request: 0.000359 seconds.
  path: Assets/Imagenes/Paletas/Tileset/tileset-sliced_56.asset
  artifactKey: Guid(94aa16297ba86b84d90dd5ebd3ce384f) Importer(815301076,1909f56bfc062723c751e8b465ee728b)
Start importing Assets/Imagenes/Paletas/Tileset/tileset-sliced_56.asset using Guid(94aa16297ba86b84d90dd5ebd3ce384f) Importer(815301076,1909f56bfc062723c751e8b465ee728b)  -> (artifact id: '2fd94e374aac4dc2877ccb5b77e355c3') in 0.004260 seconds
Number of updated asset objects reloaded before import = 0
Number of asset objects unloaded after import = 3
========================================================================
Received Import Request.
  Time since last request: 0.056193 seconds.
  path: Assets/Imagenes/Paletas/Tileset/tileset-sliced_59.asset
  artifactKey: Guid(816cd67d36b9e13408f323bcf7d82ebe) Importer(815301076,1909f56bfc062723c751e8b465ee728b)
Start importing Assets/Imagenes/Paletas/Tileset/tileset-sliced_59.asset using Guid(816cd67d36b9e13408f323bcf7d82ebe) Importer(815301076,1909f56bfc062723c751e8b465ee728b)  -> (artifact id: '904cf5924a70af41307d8bc2265b2e56') in 0.004202 seconds
Number of updated asset objects reloaded before import = 0
Number of asset objects unloaded after import = 3
========================================================================
Received Import Request.
  Time since last request: 0.346659 seconds.
  path: Assets/Imagenes/Paletas/Tileset/tileset-sliced_63.asset
  artifactKey: Guid(772edceb43b2f0543ab7be0cc5f7851a) Importer(815301076,1909f56bfc062723c751e8b465ee728b)
Start importing Assets/Imagenes/Paletas/Tileset/tileset-sliced_63.asset using Guid(772edceb43b2f0543ab7be0cc5f7851a) Importer(815301076,1909f56bfc062723c751e8b465ee728b)  -> (artifact id: '5e024b02cb780badb1b3c5377b5babe2') in 0.004061 seconds
Number of updated asset objects reloaded before import = 0
Number of asset objects unloaded after import = 3
========================================================================
Received Import Request.
  Time since last request: 0.000012 seconds.
  path: Assets/Imagenes/Paletas/Tileset/tileset-sliced_65.asset
  artifactKey: Guid(fe8c6c3d73d8be340a49bfa1339236a4) Importer(815301076,1909f56bfc062723c751e8b465ee728b)
Start importing Assets/Imagenes/Paletas/Tileset/tileset-sliced_65.asset using Guid(fe8c6c3d73d8be340a49bfa1339236a4) Importer(815301076,1909f56bfc062723c751e8b465ee728b)  -> (artifact id: '895f72a9c184e3a090f84dc8f9597404') in 0.004543 seconds
Number of updated asset objects reloaded before import = 0
Number of asset objects unloaded after import = 3
========================================================================
Received Import Request.
  Time since last request: 0.020151 seconds.
  path: Assets/Imagenes/Paletas/Tileset/tileset-sliced_67.asset
  artifactKey: Guid(119c502018dad434bbdccc32e76491e8) Importer(815301076,1909f56bfc062723c751e8b465ee728b)
Start importing Assets/Imagenes/Paletas/Tileset/tileset-sliced_67.asset using Guid(119c502018dad434bbdccc32e76491e8) Importer(815301076,1909f56bfc062723c751e8b465ee728b)  -> (artifact id: '42495190aa0701df320ab675451a89ed') in 0.004027 seconds
Number of updated asset objects reloaded before import = 0
Number of asset objects unloaded after import = 3
========================================================================
Received Import Request.
  Time since last request: 0.003251 seconds.
  path: Assets/Imagenes/Paletas/Tileset/tileset-sliced_70.asset
  artifactKey: Guid(812a3bb7082abc34db8466cb0104cb00) Importer(815301076,1909f56bfc062723c751e8b465ee728b)
Start importing Assets/Imagenes/Paletas/Tileset/tileset-sliced_70.asset using Guid(812a3bb7082abc34db8466cb0104cb00) Importer(815301076,1909f56bfc062723c751e8b465ee728b)  -> (artifact id: '93da40d39b16318fdfebb630166b51f8') in 0.004807 seconds
Number of updated asset objects reloaded before import = 0
Number of asset objects unloaded after import = 3
========================================================================
Received Import Request.
  Time since last request: 0.000019 seconds.
  path: Assets/Imagenes/Paletas/Tileset/tileset-sliced_72.asset
  artifactKey: Guid(74bcfd18541b84f49a56abbee0b62b83) Importer(815301076,1909f56bfc062723c751e8b465ee728b)
Start importing Assets/Imagenes/Paletas/Tileset/tileset-sliced_72.asset using Guid(74bcfd18541b84f49a56abbee0b62b83) Importer(815301076,1909f56bfc062723c751e8b465ee728b)  -> (artifact id: '82f34cfecc065982ffb14326a3bf16de') in 0.004148 seconds
Number of updated asset objects reloaded before import = 0
Number of asset objects unloaded after import = 3
========================================================================
Received Import Request.
  Time since last request: 0.015555 seconds.
  path: Assets/Imagenes/Paletas/Tileset/tileset-sliced_75.asset
  artifactKey: Guid(980de823f08f5c8429c5090bd39089aa) Importer(815301076,1909f56bfc062723c751e8b465ee728b)
Start importing Assets/Imagenes/Paletas/Tileset/tileset-sliced_75.asset using Guid(980de823f08f5c8429c5090bd39089aa) Importer(815301076,1909f56bfc062723c751e8b465ee728b)  -> (artifact id: 'd7ccc0fb6df6eb6b9f4b21b1c2f491dc') in 0.004241 seconds
Number of updated asset objects reloaded before import = 0
Number of asset objects unloaded after import = 3
========================================================================
Received Import Request.
  Time since last request: 0.323135 seconds.
  path: Assets/Imagenes/Paletas/Tileset/tileset-sliced_79.asset
  artifactKey: Guid(f842f5272625778499f47758a1ba3122) Importer(815301076,1909f56bfc062723c751e8b465ee728b)
Start importing Assets/Imagenes/Paletas/Tileset/tileset-sliced_79.asset using Guid(f842f5272625778499f47758a1ba3122) Importer(815301076,1909f56bfc062723c751e8b465ee728b)  -> (artifact id: '4d95f32dfdb43cd4c5fc893abb955821') in 0.004459 seconds
Number of updated asset objects reloaded before import = 0
Number of asset objects unloaded after import = 3
========================================================================
Received Import Request.
  Time since last request: 0.000018 seconds.
  path: Assets/Imagenes/Paletas/Tileset/tileset-sliced_81.asset
  artifactKey: Guid(dfa50464614d53b49aabdee1f66b799f) Importer(815301076,1909f56bfc062723c751e8b465ee728b)
Start importing Assets/Imagenes/Paletas/Tileset/tileset-sliced_81.asset using Guid(dfa50464614d53b49aabdee1f66b799f) Importer(815301076,1909f56bfc062723c751e8b465ee728b)  -> (artifact id: 'd1b18e74d048889fac0b525d42085d84') in 0.004118 seconds
Number of updated asset objects reloaded before import = 0
Number of asset objects unloaded after import = 3
========================================================================
Received Import Request.
  Time since last request: 0.027758 seconds.
  path: Assets/Imagenes/Paletas/Tileset/tileset-sliced_83.asset
  artifactKey: Guid(64acea4efaed06d44bf141d8aaad8f0c) Importer(815301076,1909f56bfc062723c751e8b465ee728b)
Start importing Assets/Imagenes/Paletas/Tileset/tileset-sliced_83.asset using Guid(64acea4efaed06d44bf141d8aaad8f0c) Importer(815301076,1909f56bfc062723c751e8b465ee728b)  -> (artifact id: '357ec6321454a45394cacf17c9ad6a2b') in 0.004475 seconds
Number of updated asset objects reloaded before import = 0
Number of asset objects unloaded after import = 3
========================================================================
Received Import Request.
  Time since last request: 0.019390 seconds.
  path: Assets/Imagenes/Paletas/Tileset/tileset-sliced_87.asset
  artifactKey: Guid(4859dbb994e2e7a48a617ec057901e6d) Importer(815301076,1909f56bfc062723c751e8b465ee728b)
Start importing Assets/Imagenes/Paletas/Tileset/tileset-sliced_87.asset using Guid(4859dbb994e2e7a48a617ec057901e6d) Importer(815301076,1909f56bfc062723c751e8b465ee728b)  -> (artifact id: '9c6495c26c492bbd8975e02573c45292') in 0.004122 seconds
Number of updated asset objects reloaded before import = 0
Number of asset objects unloaded after import = 3
========================================================================
Received Import Request.
  Time since last request: 0.014495 seconds.
  path: Assets/Imagenes/Paletas/Tileset/tileset-sliced_91.asset
  artifactKey: Guid(74561ab308b36374b945e095b269e0e8) Importer(815301076,1909f56bfc062723c751e8b465ee728b)
Start importing Assets/Imagenes/Paletas/Tileset/tileset-sliced_91.asset using Guid(74561ab308b36374b945e095b269e0e8) Importer(815301076,1909f56bfc062723c751e8b465ee728b)  -> (artifact id: 'fccfe7018b423d94892a1e6bf1333d39') in 0.005801 seconds
Number of updated asset objects reloaded before import = 0
Number of asset objects unloaded after import = 3
========================================================================
Received Import Request.
  Time since last request: 0.000021 seconds.
  path: Assets/Imagenes/Paletas/Tileset/tileset-sliced_93.asset
  artifactKey: Guid(d08547a94b2615b4b838b4c4295940f8) Importer(815301076,1909f56bfc062723c751e8b465ee728b)
Start importing Assets/Imagenes/Paletas/Tileset/tileset-sliced_93.asset using Guid(d08547a94b2615b4b838b4c4295940f8) Importer(815301076,1909f56bfc062723c751e8b465ee728b)  -> (artifact id: 'd7bdb4339e16325c0016f38898fc8444') in 0.004057 seconds
Number of updated asset objects reloaded before import = 0
Number of asset objects unloaded after import = 3
========================================================================
Received Import Request.
  Time since last request: 0.009407 seconds.
  path: Assets/Imagenes/Paletas/Tileset/tileset-sliced_95.asset
  artifactKey: Guid(74a4d29e355d7be4ca0f096801cbfb67) Importer(815301076,1909f56bfc062723c751e8b465ee728b)
Start importing Assets/Imagenes/Paletas/Tileset/tileset-sliced_95.asset using Guid(74a4d29e355d7be4ca0f096801cbfb67) Importer(815301076,1909f56bfc062723c751e8b465ee728b)  -> (artifact id: 'd6edf856a860f82058f8fd93bf054c4f') in 0.004059 seconds
Number of updated asset objects reloaded before import = 0
Number of asset objects unloaded after import = 3
========================================================================
Received Import Request.
  Time since last request: 0.000022 seconds.
  path: Assets/Imagenes/Paletas/Tileset/tileset-sliced_97.asset
  artifactKey: Guid(fab93e327bbd33a4fbf9b3fea2eb6063) Importer(815301076,1909f56bfc062723c751e8b465ee728b)
Start importing Assets/Imagenes/Paletas/Tileset/tileset-sliced_97.asset using Guid(fab93e327bbd33a4fbf9b3fea2eb6063) Importer(815301076,1909f56bfc062723c751e8b465ee728b)  -> (artifact id: '9da90b6f35d19f4591e718b5da28c604') in 0.004015 seconds
Number of updated asset objects reloaded before import = 0
Number of asset objects unloaded after import = 3
========================================================================
Received Import Request.
  Time since last request: 0.009900 seconds.
  path: Assets/Imagenes/Paletas/Tileset/tileset-sliced_99.asset
  artifactKey: Guid(1f98f6970b7fce24a97d80bfb07728b6) Importer(815301076,1909f56bfc062723c751e8b465ee728b)
Start importing Assets/Imagenes/Paletas/Tileset/tileset-sliced_99.asset using Guid(1f98f6970b7fce24a97d80bfb07728b6) Importer(815301076,1909f56bfc062723c751e8b465ee728b)  -> (artifact id: 'f5acbd650ef6888cae6f9ab63d55bc11') in 0.004278 seconds
Number of updated asset objects reloaded before import = 0
Number of asset objects unloaded after import = 3
========================================================================
Received Import Request.
  Time since last request: 0.000022 seconds.
  path: Assets/Imagenes/Paletas/Tileset/tileset-sliced_101.asset
  artifactKey: Guid(d9209c26ad7b5b2488a99ef47d768a56) Importer(815301076,1909f56bfc062723c751e8b465ee728b)
Start importing Assets/Imagenes/Paletas/Tileset/tileset-sliced_101.asset using Guid(d9209c26ad7b5b2488a99ef47d768a56) Importer(815301076,1909f56bfc062723c751e8b465ee728b)  -> (artifact id: '2fa1306f1e0efeae722a444ab9642e20') in 0.004173 seconds
Number of updated asset objects reloaded before import = 0
Number of asset objects unloaded after import = 3
========================================================================
Received Import Request.
  Time since last request: 0.379854 seconds.
  path: Assets/Imagenes/Paletas/Tileset/tileset-sliced_103.asset
  artifactKey: Guid(7646a69dd68f4ea498b5b936d64ce07f) Importer(815301076,1909f56bfc062723c751e8b465ee728b)
Start importing Assets/Imagenes/Paletas/Tileset/tileset-sliced_103.asset using Guid(7646a69dd68f4ea498b5b936d64ce07f) Importer(815301076,1909f56bfc062723c751e8b465ee728b)  -> (artifact id: '26e8a630593296c38edda1eb78615c90') in 0.004148 seconds
Number of updated asset objects reloaded before import = 0
Number of asset objects unloaded after import = 3
========================================================================
Received Import Request.
  Time since last request: 0.026095 seconds.
  path: Assets/Imagenes/Paletas/Tileset/tileset-sliced_107.asset
  artifactKey: Guid(5a80fe4c8be81024e8b13735ff923ee7) Importer(815301076,1909f56bfc062723c751e8b465ee728b)
Start importing Assets/Imagenes/Paletas/Tileset/tileset-sliced_107.asset using Guid(5a80fe4c8be81024e8b13735ff923ee7) Importer(815301076,1909f56bfc062723c751e8b465ee728b)  -> (artifact id: '54f388d6c2bb56f5cd0ad74a3c78bfd3') in 0.004129 seconds
Number of updated asset objects reloaded before import = 0
Number of asset objects unloaded after import = 3
========================================================================
Received Import Request.
  Time since last request: 0.000722 seconds.
  path: Assets/Imagenes/Paletas/Tileset/tileset-sliced_110.asset
  artifactKey: Guid(356e51e55dc771d43a2af1141ac0c6ae) Importer(815301076,1909f56bfc062723c751e8b465ee728b)
Start importing Assets/Imagenes/Paletas/Tileset/tileset-sliced_110.asset using Guid(356e51e55dc771d43a2af1141ac0c6ae) Importer(815301076,1909f56bfc062723c751e8b465ee728b)  -> (artifact id: '60254c21c32266e0f47d68ce9b75a6ce') in 0.004200 seconds
Number of updated asset objects reloaded before import = 0
Number of asset objects unloaded after import = 3
========================================================================
Received Import Request.
  Time since last request: 0.025043 seconds.
  path: Assets/Imagenes/Paletas/Tileset/tileset-sliced_115.asset
  artifactKey: Guid(91e72082293ffcd43a34ec6fd0b1ef6a) Importer(815301076,1909f56bfc062723c751e8b465ee728b)
Start importing Assets/Imagenes/Paletas/Tileset/tileset-sliced_115.asset using Guid(91e72082293ffcd43a34ec6fd0b1ef6a) Importer(815301076,1909f56bfc062723c751e8b465ee728b)  -> (artifact id: '124b621b9a1178f40a7b91770f21b36b') in 0.004813 seconds
Number of updated asset objects reloaded before import = 0
Number of asset objects unloaded after import = 3
========================================================================
Received Import Request.
  Time since last request: 0.277885 seconds.
  path: Assets/Imagenes/Paletas/Tileset/tileset-sliced_119.asset
  artifactKey: Guid(1735121839f70a64e87f9b212a625f67) Importer(815301076,1909f56bfc062723c751e8b465ee728b)
Start importing Assets/Imagenes/Paletas/Tileset/tileset-sliced_119.asset using Guid(1735121839f70a64e87f9b212a625f67) Importer(815301076,1909f56bfc062723c751e8b465ee728b)  -> (artifact id: '20717d9dd949b0c2ac84f56772a3f3a8') in 0.003964 seconds
Number of updated asset objects reloaded before import = 0
Number of asset objects unloaded after import = 3
========================================================================
Received Import Request.
  Time since last request: 0.034770 seconds.
  path: Assets/Imagenes/Paletas/Tileset/tileset-sliced_123.asset
  artifactKey: Guid(e77276b823626c14383483ee1d7c42f9) Importer(815301076,1909f56bfc062723c751e8b465ee728b)
Start importing Assets/Imagenes/Paletas/Tileset/tileset-sliced_123.asset using Guid(e77276b823626c14383483ee1d7c42f9) Importer(815301076,1909f56bfc062723c751e8b465ee728b)  -> (artifact id: 'c52e0eae61c24486644a2b9cfeed766c') in 0.003976 seconds
Number of updated asset objects reloaded before import = 0
Number of asset objects unloaded after import = 3
========================================================================
Received Import Request.
  Time since last request: 0.000021 seconds.
  path: Assets/Imagenes/Paletas/Tileset/tileset-sliced_125.asset
  artifactKey: Guid(bd3763d1031ef3e459b11d693e13aeaa) Importer(815301076,1909f56bfc062723c751e8b465ee728b)
Start importing Assets/Imagenes/Paletas/Tileset/tileset-sliced_125.asset using Guid(bd3763d1031ef3e459b11d693e13aeaa) Importer(815301076,1909f56bfc062723c751e8b465ee728b)  -> (artifact id: 'e30b2f11431a5c8a00f29a6d951de74f') in 0.004232 seconds
Number of updated asset objects reloaded before import = 0
Number of asset objects unloaded after import = 3
========================================================================
Received Import Request.
  Time since last request: 0.007448 seconds.
  path: Assets/Imagenes/Paletas/Tileset/tileset-sliced_127.asset
  artifactKey: Guid(ec3def75f01e94748978c225c79d0db9) Importer(815301076,1909f56bfc062723c751e8b465ee728b)
Start importing Assets/Imagenes/Paletas/Tileset/tileset-sliced_127.asset using Guid(ec3def75f01e94748978c225c79d0db9) Importer(815301076,1909f56bfc062723c751e8b465ee728b)  -> (artifact id: '75ec8c15982feb94f43d2e91d7ff449d') in 0.003391 seconds
Number of updated asset objects reloaded before import = 0
Number of asset objects unloaded after import = 3
========================================================================
Received Import Request.
  Time since last request: 0.007926 seconds.
  path: Assets/Imagenes/Paletas/Tileset/tileset_1.asset
  artifactKey: Guid(84f815afef4d44a43aa4393b83ebf354) Importer(815301076,1909f56bfc062723c751e8b465ee728b)
Start importing Assets/Imagenes/Paletas/Tileset/tileset_1.asset using Guid(84f815afef4d44a43aa4393b83ebf354) Importer(815301076,1909f56bfc062723c751e8b465ee728b)  -> (artifact id: 'b3fb939161da2bbc77a6b78d0b1012c8') in 0.001847 seconds
Number of updated asset objects reloaded before import = 0
Number of asset objects unloaded after import = 1
========================================================================
Received Import Request.
  Time since last request: 0.056794 seconds.
  path: Assets/Imagenes/Paletas/Tileset/tileset_8.asset
  artifactKey: Guid(3907c14ddda71e647ae330c678f02cb0) Importer(815301076,1909f56bfc062723c751e8b465ee728b)
Start importing Assets/Imagenes/Paletas/Tileset/tileset_8.asset using Guid(3907c14ddda71e647ae330c678f02cb0) Importer(815301076,1909f56bfc062723c751e8b465ee728b)  -> (artifact id: '070f9dae33b0ed60bc82bc8feb3e9ebf') in 0.001994 seconds
Number of updated asset objects reloaded before import = 0
Number of asset objects unloaded after import = 1
========================================================================
Received Import Request.
  Time since last request: 0.280046 seconds.
  path: Assets/Imagenes/Paletas/Tileset/tileset_11.asset
  artifactKey: Guid(5814fc6980afaa24894c450aeb7573f1) Importer(815301076,1909f56bfc062723c751e8b465ee728b)
Start importing Assets/Imagenes/Paletas/Tileset/tileset_11.asset using Guid(5814fc6980afaa24894c450aeb7573f1) Importer(815301076,1909f56bfc062723c751e8b465ee728b)  -> (artifact id: '7f46f4735160f726d62c919d3e0babb5') in 0.001734 seconds
Number of updated asset objects reloaded before import = 0
Number of asset objects unloaded after import = 1
========================================================================
Received Import Request.
  Time since last request: 0.042220 seconds.
  path: Assets/Imagenes/Paletas/Tileset/tileset_15.asset
  artifactKey: Guid(decc7f1d0780bb24cadd18ed47a80222) Importer(815301076,1909f56bfc062723c751e8b465ee728b)
Start importing Assets/Imagenes/Paletas/Tileset/tileset_15.asset using Guid(decc7f1d0780bb24cadd18ed47a80222) Importer(815301076,1909f56bfc062723c751e8b465ee728b)  -> (artifact id: '2d2bfe70a76fdbb11c30e1739361cb4a') in 0.001607 seconds
Number of updated asset objects reloaded before import = 0
Number of asset objects unloaded after import = 1
========================================================================
Received Import Request.
  Time since last request: 0.007322 seconds.
  path: Assets/Imagenes/Paletas/Tileset/tileset_17.asset
  artifactKey: Guid(a2568989b96eff441b8422bbda965781) Importer(815301076,1909f56bfc062723c751e8b465ee728b)
Start importing Assets/Imagenes/Paletas/Tileset/tileset_17.asset using Guid(a2568989b96eff441b8422bbda965781) Importer(815301076,1909f56bfc062723c751e8b465ee728b)  -> (artifact id: 'eedb3a6d95e3c5c8f06122508a68cab6') in 0.001677 seconds
Number of updated asset objects reloaded before import = 0
Number of asset objects unloaded after import = 1
========================================================================
Received Import Request.
  Time since last request: 0.000759 seconds.
  path: Assets/Imagenes/Paletas/Tileset/tileset_20.asset
  artifactKey: Guid(e115da6356b0b4446b1385aae561a489) Importer(815301076,1909f56bfc062723c751e8b465ee728b)
Start importing Assets/Imagenes/Paletas/Tileset/tileset_20.asset using Guid(e115da6356b0b4446b1385aae561a489) Importer(815301076,1909f56bfc062723c751e8b465ee728b)  -> (artifact id: '49f84adc8dc205427882301208db977b') in 0.002032 seconds
Number of updated asset objects reloaded before import = 0
Number of asset objects unloaded after import = 1
========================================================================
Received Import Request.
  Time since last request: 0.011784 seconds.
  path: Assets/Imagenes/Paletas/Tileset/tileset_23.asset
  artifactKey: Guid(bbc2cdf74af0dc34e9754ee84158bdfd) Importer(815301076,1909f56bfc062723c751e8b465ee728b)
Start importing Assets/Imagenes/Paletas/Tileset/tileset_23.asset using Guid(bbc2cdf74af0dc34e9754ee84158bdfd) Importer(815301076,1909f56bfc062723c751e8b465ee728b)  -> (artifact id: '931e4e03e968844dad1381d44077a283') in 0.001726 seconds
Number of updated asset objects reloaded before import = 0
Number of asset objects unloaded after import = 1
========================================================================
Received Import Request.
  Time since last request: 0.000015 seconds.
  path: Assets/Imagenes/Paletas/Tileset/tileset_28.asset
  artifactKey: Guid(94f173b3344445b4f98e2133d388db4f) Importer(815301076,1909f56bfc062723c751e8b465ee728b)
Start importing Assets/Imagenes/Paletas/Tileset/tileset_28.asset using Guid(94f173b3344445b4f98e2133d388db4f) Importer(815301076,1909f56bfc062723c751e8b465ee728b)  -> (artifact id: '3298c50662981dadf24564ca75a3546c') in 0.001658 seconds
Number of updated asset objects reloaded before import = 0
Number of asset objects unloaded after import = 1
========================================================================
Received Import Request.
  Time since last request: 0.000019 seconds.
  path: Assets/Imagenes/Paletas/Tileset/tileset_27.asset
  artifactKey: Guid(f8e435a82860ba34e84f6d70e4c90008) Importer(815301076,1909f56bfc062723c751e8b465ee728b)
Start importing Assets/Imagenes/Paletas/Tileset/tileset_27.asset using Guid(f8e435a82860ba34e84f6d70e4c90008) Importer(815301076,1909f56bfc062723c751e8b465ee728b)  -> (artifact id: '0e9f03cf066425946c60ded9de349b14') in 0.003329 seconds
Number of updated asset objects reloaded before import = 0
Number of asset objects unloaded after import = 1
========================================================================
Received Import Request.
  Time since last request: 66.659340 seconds.
  path: Assets/Imagenes/Texturas botones/2DSimpleUIPack/Sprites/ui-large-buttons-vertical.png
  artifactKey: Guid(26c248721685da44ca34ad60faea50ba) Importer(815301076,1909f56bfc062723c751e8b465ee728b)
Start importing Assets/Imagenes/Texturas botones/2DSimpleUIPack/Sprites/ui-large-buttons-vertical.png using Guid(26c248721685da44ca34ad60faea50ba) Importer(815301076,1909f56bfc062723c751e8b465ee728b)  -> (artifact id: 'b9d27845919105916ae9f46a3b212a6d') in 0.035285 seconds
Number of updated asset objects reloaded before import = 0
Number of asset objects unloaded after import = 12
========================================================================
Received Import Request.
  Time since last request: 0.124700 seconds.
  path: Assets/Imagenes/Texturas botones/2DSimpleUIPack/Sprites/ui-small-buttons.png
  artifactKey: Guid(a11ea103d81f8dd4b896a5dcd08d3fcc) Importer(815301076,1909f56bfc062723c751e8b465ee728b)
Start importing Assets/Imagenes/Texturas botones/2DSimpleUIPack/Sprites/ui-small-buttons.png using Guid(a11ea103d81f8dd4b896a5dcd08d3fcc) Importer(815301076,1909f56bfc062723c751e8b465ee728b)  -> (artifact id: '5ef3cb9e2b71157ae1400b78a13c85b3') in 0.326313 seconds
Number of updated asset objects reloaded before import = 0
Number of asset objects unloaded after import = 162
========================================================================
Received Import Request.
  Time since last request: 74.349454 seconds.
  path: Assets/Imagenes/Texturas de mapa/agua arriba_0.asset
  artifactKey: Guid(03deb5e2c9c39eb408502cdc1fb45833) Importer(815301076,1909f56bfc062723c751e8b465ee728b)
Start importing Assets/Imagenes/Texturas de mapa/agua arriba_0.asset using Guid(03deb5e2c9c39eb408502cdc1fb45833) Importer(815301076,1909f56bfc062723c751e8b465ee728b)  -> (artifact id: 'fe8cb085e475694d78c8c0fc9ae12c1e') in 0.004495 seconds
Number of updated asset objects reloaded before import = 0
Number of asset objects unloaded after import = 3
========================================================================
Received Import Request.
  Time since last request: 0.000013 seconds.
  path: Assets/Imagenes/Texturas de mapa/suelo abajo_0.asset
  artifactKey: Guid(7c240a8a5e4be194e879c85515e0ff9b) Importer(815301076,1909f56bfc062723c751e8b465ee728b)
Start importing Assets/Imagenes/Texturas de mapa/suelo abajo_0.asset using Guid(7c240a8a5e4be194e879c85515e0ff9b) Importer(815301076,1909f56bfc062723c751e8b465ee728b)  -> (artifact id: '0329833691c8da4a81b0806f163d07cb') in 0.005531 seconds
Number of updated asset objects reloaded before import = 0
Number of asset objects unloaded after import = 3
========================================================================
Received Import Request.
  Time since last request: 0.000020 seconds.
  path: Assets/Imagenes/Texturas de mapa/suelo abajo_2.asset
  artifactKey: Guid(ad92a07ca00dfa245a97e2c933c0cb42) Importer(815301076,1909f56bfc062723c751e8b465ee728b)
Start importing Assets/Imagenes/Texturas de mapa/suelo abajo_2.asset using Guid(ad92a07ca00dfa245a97e2c933c0cb42) Importer(815301076,1909f56bfc062723c751e8b465ee728b)  -> (artifact id: '202399dd9a5cb71e4d6fac3b583f9479') in 0.004569 seconds
Number of updated asset objects reloaded before import = 0
Number of asset objects unloaded after import = 3
========================================================================
Received Import Request.
  Time since last request: 0.000014 seconds.
  path: Assets/Imagenes/Texturas de mapa/suelo abajo_1.asset
  artifactKey: Guid(281f196683f835549ad12e5779dd72f8) Importer(815301076,1909f56bfc062723c751e8b465ee728b)
Start importing Assets/Imagenes/Texturas de mapa/suelo abajo_1.asset using Guid(281f196683f835549ad12e5779dd72f8) Importer(815301076,1909f56bfc062723c751e8b465ee728b)  -> (artifact id: 'ed139a40e0fef79c32e2775991f3f8de') in 0.006301 seconds
Number of updated asset objects reloaded before import = 0
Number of asset objects unloaded after import = 3
========================================================================
Received Import Request.
  Time since last request: 0.000025 seconds.
  path: Assets/Imagenes/Texturas de mapa/suelo abajo.png
  artifactKey: Guid(cc531397fceb58f4ea285e483c04a784) Importer(815301076,1909f56bfc062723c751e8b465ee728b)
Start importing Assets/Imagenes/Texturas de mapa/suelo abajo.png using Guid(cc531397fceb58f4ea285e483c04a784) Importer(815301076,1909f56bfc062723c751e8b465ee728b)  -> (artifact id: '98081eeabf6dc9618540501a52cb010f') in 0.024042 seconds
Number of updated asset objects reloaded before import = 0
Number of asset objects unloaded after import = 5
========================================================================
Received Import Request.
  Time since last request: 0.000019 seconds.
  path: Assets/Imagenes/Texturas de mapa/agua arriba_1.asset
  artifactKey: Guid(88cea52ca240a694383ba08addb0233f) Importer(815301076,1909f56bfc062723c751e8b465ee728b)
Start importing Assets/Imagenes/Texturas de mapa/agua arriba_1.asset using Guid(88cea52ca240a694383ba08addb0233f) Importer(815301076,1909f56bfc062723c751e8b465ee728b)  -> (artifact id: 'd084053d166f00568f4a9f9f5a24fc0c') in 0.005779 seconds
Number of updated asset objects reloaded before import = 0
Number of asset objects unloaded after import = 3
========================================================================
Received Import Request.
  Time since last request: 0.000014 seconds.
  path: Assets/Imagenes/Texturas de mapa/suelo arriba_1.asset
  artifactKey: Guid(2d694dc2b4afc1f45bbfa83cf2ddbb23) Importer(815301076,1909f56bfc062723c751e8b465ee728b)
Start importing Assets/Imagenes/Texturas de mapa/suelo arriba_1.asset using Guid(2d694dc2b4afc1f45bbfa83cf2ddbb23) Importer(815301076,1909f56bfc062723c751e8b465ee728b)  -> (artifact id: '132d62c410d6804abf8413dcec1cfe31') in 0.004740 seconds
Number of updated asset objects reloaded before import = 0
Number of asset objects unloaded after import = 3
========================================================================
Received Import Request.
  Time since last request: 0.000022 seconds.
  path: Assets/Imagenes/Texturas de mapa/suelo arriba_2.asset
  artifactKey: Guid(bb2a8bc17019a47418dcb5a82edd7769) Importer(815301076,1909f56bfc062723c751e8b465ee728b)
Start importing Assets/Imagenes/Texturas de mapa/suelo arriba_2.asset using Guid(bb2a8bc17019a47418dcb5a82edd7769) Importer(815301076,1909f56bfc062723c751e8b465ee728b)  -> (artifact id: '0c7179ea89e58cbc0b492aa4e457c871') in 0.006350 seconds
Number of updated asset objects reloaded before import = 0
Number of asset objects unloaded after import = 3
========================================================================
Received Import Request.
  Time since last request: 63.762628 seconds.
  path: Assets/Imagenes/Fondos/fondo 1/suelo arriba 1.png
  artifactKey: Guid(852133c8ee9476d4b9fec465b0e12345) Importer(815301076,1909f56bfc062723c751e8b465ee728b)
Start importing Assets/Imagenes/Fondos/fondo 1/suelo arriba 1.png using Guid(852133c8ee9476d4b9fec465b0e12345) Importer(815301076,1909f56bfc062723c751e8b465ee728b)  -> (artifact id: '7b8dca811b86c8db6279c7030d6f7811') in 0.024347 seconds
Number of updated asset objects reloaded before import = 0
Number of asset objects unloaded after import = 3
========================================================================
Received Import Request.
  Time since last request: 4.490719 seconds.
  path: Assets/Imagenes/Fondos/fondo 1/suelo abajo 1.png
  artifactKey: Guid(7d675c792a1e9914589a227956a3762d) Importer(815301076,1909f56bfc062723c751e8b465ee728b)
Start importing Assets/Imagenes/Fondos/fondo 1/suelo abajo 1.png using Guid(7d675c792a1e9914589a227956a3762d) Importer(815301076,1909f56bfc062723c751e8b465ee728b)  -> (artifact id: 'c42ab0f973295fb025097eb9ae381d5e') in 0.017114 seconds
Number of updated asset objects reloaded before import = 0
Number of asset objects unloaded after import = 3
========================================================================
Received Import Request.
  Time since last request: 5.843261 seconds.
  path: Assets/Imagenes/Fondos/fondo 1/plataforma.png
  artifactKey: Guid(8e7855db5524eca4db405baf11ecaebb) Importer(815301076,1909f56bfc062723c751e8b465ee728b)
Start importing Assets/Imagenes/Fondos/fondo 1/plataforma.png using Guid(8e7855db5524eca4db405baf11ecaebb) Importer(815301076,1909f56bfc062723c751e8b465ee728b)  -> (artifact id: 'a4a1d98ff150f81e8a878c1887762b2d') in 0.017373 seconds
Number of updated asset objects reloaded before import = 0
Number of asset objects unloaded after import = 3
========================================================================
Received Import Request.
  Time since last request: 8.158499 seconds.
  path: Assets/Imagenes/Fondos/fondo 1/fondo 1.png
  artifactKey: Guid(9aa1dc6ccdbcb93408aa216183ec73cb) Importer(815301076,1909f56bfc062723c751e8b465ee728b)
Start importing Assets/Imagenes/Fondos/fondo 1/fondo 1.png using Guid(9aa1dc6ccdbcb93408aa216183ec73cb) Importer(815301076,1909f56bfc062723c751e8b465ee728b)  -> (artifact id: '12cfc38493a88b1354352b83a902f3dc') in 0.016694 seconds
Number of updated asset objects reloaded before import = 0
Number of asset objects unloaded after import = 3
========================================================================
Received Import Request.
  Time since last request: 11.412325 seconds.
  path: Assets/Imagenes/Fondos/fondo 1/plantas/planta_1.png
  artifactKey: Guid(a855424be5db9864c9e881807bd0c957) Importer(815301076,1909f56bfc062723c751e8b465ee728b)
Start importing Assets/Imagenes/Fondos/fondo 1/plantas/planta_1.png using Guid(a855424be5db9864c9e881807bd0c957) Importer(815301076,1909f56bfc062723c751e8b465ee728b)  -> (artifact id: 'ec8f1703a3217bdd32c83dadfa8b8c61') in 0.015061 seconds
Number of updated asset objects reloaded before import = 0
Number of asset objects unloaded after import = 3
========================================================================
Received Import Request.
  Time since last request: 4.760030 seconds.
  path: Assets/Imagenes/Fondos/fondo 1/plantas/planta_2.png
  artifactKey: Guid(31c3df7000d3ff148940f717619ebc8a) Importer(815301076,1909f56bfc062723c751e8b465ee728b)
Start importing Assets/Imagenes/Fondos/fondo 1/plantas/planta_2.png using Guid(31c3df7000d3ff148940f717619ebc8a) Importer(815301076,1909f56bfc062723c751e8b465ee728b)  -> (artifact id: 'f4bb506a8952a65c160fef3fecdb2510') in 0.015593 seconds
Number of updated asset objects reloaded before import = 0
Number of asset objects unloaded after import = 3
========================================================================
Received Import Request.
  Time since last request: 3.995031 seconds.
  path: Assets/Imagenes/Fondos/fondo 1/plantas/planta_3.png
  artifactKey: Guid(36a09c3958235fb4c8f6975710fa6a2d) Importer(815301076,1909f56bfc062723c751e8b465ee728b)
Start importing Assets/Imagenes/Fondos/fondo 1/plantas/planta_3.png using Guid(36a09c3958235fb4c8f6975710fa6a2d) Importer(815301076,1909f56bfc062723c751e8b465ee728b)  -> (artifact id: 'f83372df02347ee8e8268f6db55ad839') in 0.168277 seconds
Number of updated asset objects reloaded before import = 0
Number of asset objects unloaded after import = 3
========================================================================
Received Import Request.
  Time since last request: 6.768185 seconds.
  path: Assets/Imagenes/Fondos/fondo 1/plantas/planta_4.png
  artifactKey: Guid(706b7665936cd0643931b82ba8d23b60) Importer(815301076,1909f56bfc062723c751e8b465ee728b)
Start importing Assets/Imagenes/Fondos/fondo 1/plantas/planta_4.png using Guid(706b7665936cd0643931b82ba8d23b60) Importer(815301076,1909f56bfc062723c751e8b465ee728b)  -> (artifact id: '4cdeaeab8d79106fa9eedb8b3993141c') in 0.014537 seconds
Number of updated asset objects reloaded before import = 0
Number of asset objects unloaded after import = 3
========================================================================
Received Import Request.
  Time since last request: 15.270692 seconds.
  path: Assets/Imagenes/Texturas de mapa/agua abajo.png
  artifactKey: Guid(2948a26eb8db5eb4d83d256a574c5965) Importer(815301076,1909f56bfc062723c751e8b465ee728b)
Start importing Assets/Imagenes/Texturas de mapa/agua abajo.png using Guid(2948a26eb8db5eb4d83d256a574c5965) Importer(815301076,1909f56bfc062723c751e8b465ee728b)  -> (artifact id: '98290a88494c2abfc60413b70f518a08') in 0.021543 seconds
Number of updated asset objects reloaded before import = 0
Number of asset objects unloaded after import = 5
========================================================================
Received Import Request.
  Time since last request: 0.000013 seconds.
  path: Assets/Imagenes/Texturas de mapa/agua abajo_1.asset
  artifactKey: Guid(4426c6e92e9c8f34f9beabb055a1a68a) Importer(815301076,1909f56bfc062723c751e8b465ee728b)
Start importing Assets/Imagenes/Texturas de mapa/agua abajo_1.asset using Guid(4426c6e92e9c8f34f9beabb055a1a68a) Importer(815301076,1909f56bfc062723c751e8b465ee728b)  -> (artifact id: '4486e7e4f4e5641626ffa53394bbd5a6') in 0.003988 seconds
Number of updated asset objects reloaded before import = 0
Number of asset objects unloaded after import = 3
========================================================================
Received Import Request.
  Time since last request: 0.000014 seconds.
  path: Assets/Imagenes/Texturas de mapa/agua abajo_2.asset
  artifactKey: Guid(f3c12041c2ec8ae409474cf3125fbf49) Importer(815301076,1909f56bfc062723c751e8b465ee728b)
Start importing Assets/Imagenes/Texturas de mapa/agua abajo_2.asset using Guid(f3c12041c2ec8ae409474cf3125fbf49) Importer(815301076,1909f56bfc062723c751e8b465ee728b)  -> (artifact id: 'ef94c669dca60263bf56a9777191fde4') in 0.006080 seconds
Number of updated asset objects reloaded before import = 0
Number of asset objects unloaded after import = 3
========================================================================
Received Import Request.
  Time since last request: 6.913469 seconds.
  path: Assets/Imagenes/Texturas de mapa/suelo arriba.png
  artifactKey: Guid(d680b51af0a6f3142956add8d03a27e6) Importer(815301076,1909f56bfc062723c751e8b465ee728b)
Start importing Assets/Imagenes/Texturas de mapa/suelo arriba.png using Guid(d680b51af0a6f3142956add8d03a27e6) Importer(815301076,1909f56bfc062723c751e8b465ee728b)  -> (artifact id: '50979c55b88762c45354e6da40773726') in 0.023866 seconds
Number of updated asset objects reloaded before import = 0
Number of asset objects unloaded after import = 5
========================================================================
Received Import Request.
  Time since last request: 0.018146 seconds.
  path: Assets/Imagenes/Texturas de mapa/suelo arriba_0.asset
  artifactKey: Guid(498241fe8d24f124a8a72b6d76029931) Importer(815301076,1909f56bfc062723c751e8b465ee728b)
Start importing Assets/Imagenes/Texturas de mapa/suelo arriba_0.asset using Guid(498241fe8d24f124a8a72b6d76029931) Importer(815301076,1909f56bfc062723c751e8b465ee728b)  -> (artifact id: 'a18766efafcf6926a2dc8cf299f45479') in 0.004963 seconds
Number of updated asset objects reloaded before import = 0
Number of asset objects unloaded after import = 3
========================================================================
Received Import Request.
  Time since last request: 0.000013 seconds.
  path: Assets/Imagenes/Texturas de mapa/suelo arriba_2.asset
  artifactKey: Guid(bb2a8bc17019a47418dcb5a82edd7769) Importer(815301076,1909f56bfc062723c751e8b465ee728b)
Start importing Assets/Imagenes/Texturas de mapa/suelo arriba_2.asset using Guid(bb2a8bc17019a47418dcb5a82edd7769) Importer(815301076,1909f56bfc062723c751e8b465ee728b)  -> (artifact id: '831930c14a791d17c4f697a34209127c') in 0.005053 seconds
Number of updated asset objects reloaded before import = 0
Number of asset objects unloaded after import = 3
========================================================================
Received Import Request.
  Time since last request: 180.037035 seconds.
  path: Assets/Imagenes/Fondos/fondo 1/suelo arriba 1.png
  artifactKey: Guid(852133c8ee9476d4b9fec465b0e12345) Importer(815301076,1909f56bfc062723c751e8b465ee728b)
Start importing Assets/Imagenes/Fondos/fondo 1/suelo arriba 1.png using Guid(852133c8ee9476d4b9fec465b0e12345) Importer(815301076,1909f56bfc062723c751e8b465ee728b)  -> (artifact id: '5ab0fca0be4ed361ff5c17ecfbb7032a') in 0.019071 seconds
Number of updated asset objects reloaded before import = 0
Number of asset objects unloaded after import = 2
========================================================================
Received Import Request.
  Time since last request: 379.226761 seconds.
  path: Assets/Imagenes/Fondos/fondo 1/suelo arriba 1.png
  artifactKey: Guid(852133c8ee9476d4b9fec465b0e12345) Importer(815301076,1909f56bfc062723c751e8b465ee728b)
Start importing Assets/Imagenes/Fondos/fondo 1/suelo arriba 1.png using Guid(852133c8ee9476d4b9fec465b0e12345) Importer(815301076,1909f56bfc062723c751e8b465ee728b)  -> (artifact id: '04e6e817e68bd017fd51c8937b73aa7b') in 0.018901 seconds
Number of updated asset objects reloaded before import = 0
Number of asset objects unloaded after import = 5
========================================================================
Received Import Request.
  Time since last request: 30.394834 seconds.
  path: Assets/Imagenes/Fondos/fondo 1/suelo abajo 1.png
  artifactKey: Guid(7d675c792a1e9914589a227956a3762d) Importer(815301076,1909f56bfc062723c751e8b465ee728b)
Start importing Assets/Imagenes/Fondos/fondo 1/suelo abajo 1.png using Guid(7d675c792a1e9914589a227956a3762d) Importer(815301076,1909f56bfc062723c751e8b465ee728b)  -> (artifact id: 'e87a7e58e93fc4d34fc3c31b8d128e9c') in 0.013851 seconds
Number of updated asset objects reloaded before import = 0
Number of asset objects unloaded after import = 2
========================================================================
Received Import Request.
  Time since last request: 10.033721 seconds.
  path: Assets/Imagenes/Fondos/fondo 1/suelo abajo 1.png
  artifactKey: Guid(7d675c792a1e9914589a227956a3762d) Importer(815301076,1909f56bfc062723c751e8b465ee728b)
Start importing Assets/Imagenes/Fondos/fondo 1/suelo abajo 1.png using Guid(7d675c792a1e9914589a227956a3762d) Importer(815301076,1909f56bfc062723c751e8b465ee728b)  -> (artifact id: '430479d4d1a1fa8451448907fed29f45') in 0.021244 seconds
Number of updated asset objects reloaded before import = 0
Number of asset objects unloaded after import = 5
========================================================================
Received Import Request.
  Time since last request: 9.212105 seconds.
  path: Assets/Imagenes/Fondos/fondo 1/plataforma.png
  artifactKey: Guid(8e7855db5524eca4db405baf11ecaebb) Importer(815301076,1909f56bfc062723c751e8b465ee728b)
Start importing Assets/Imagenes/Fondos/fondo 1/plataforma.png using Guid(8e7855db5524eca4db405baf11ecaebb) Importer(815301076,1909f56bfc062723c751e8b465ee728b)  -> (artifact id: 'e14f4cc12772e898f31bd381337cbf0b') in 0.017020 seconds
Number of updated asset objects reloaded before import = 0
Number of asset objects unloaded after import = 2
========================================================================
Received Import Request.
  Time since last request: 9.091133 seconds.
  path: Assets/Imagenes/Fondos/fondo 1/plataforma.png
  artifactKey: Guid(8e7855db5524eca4db405baf11ecaebb) Importer(815301076,1909f56bfc062723c751e8b465ee728b)
Start importing Assets/Imagenes/Fondos/fondo 1/plataforma.png using Guid(8e7855db5524eca4db405baf11ecaebb) Importer(815301076,1909f56bfc062723c751e8b465ee728b)  -> (artifact id: 'bfebeb8bd991c68cedecd154c15a4957') in 0.019597 seconds
Number of updated asset objects reloaded before import = 0
Number of asset objects unloaded after import = 5
========================================================================
Received Import Request.
  Time since last request: 8.184109 seconds.
  path: Assets/Imagenes/Fondos/fondo 1/agua arriba_1.png
  artifactKey: Guid(ef46c103608d3b14c80fbc0fddfab64c) Importer(815301076,1909f56bfc062723c751e8b465ee728b)
Start importing Assets/Imagenes/Fondos/fondo 1/agua arriba_1.png using Guid(ef46c103608d3b14c80fbc0fddfab64c) Importer(815301076,1909f56bfc062723c751e8b465ee728b)  -> (artifact id: 'd1fa3ae7deeedd054f94db6b095d2065') in 0.013757 seconds
Number of updated asset objects reloaded before import = 0
Number of asset objects unloaded after import = 2
========================================================================
Received Import Request.
  Time since last request: 9.150037 seconds.
  path: Assets/Imagenes/Fondos/fondo 1/agua arriba_1.png
  artifactKey: Guid(ef46c103608d3b14c80fbc0fddfab64c) Importer(815301076,1909f56bfc062723c751e8b465ee728b)
Start importing Assets/Imagenes/Fondos/fondo 1/agua arriba_1.png using Guid(ef46c103608d3b14c80fbc0fddfab64c) Importer(815301076,1909f56bfc062723c751e8b465ee728b)  -> (artifact id: 'e64a2033f99991db528284425732f3c8') in 0.018718 seconds
Number of updated asset objects reloaded before import = 0
Number of asset objects unloaded after import = 5
========================================================================
Received Import Request.
  Time since last request: 9.646455 seconds.
  path: Assets/Imagenes/Fondos/fondo 1/agua abajo_1.png
  artifactKey: Guid(95040569a0452694f891d56e4487f2ac) Importer(815301076,1909f56bfc062723c751e8b465ee728b)
Start importing Assets/Imagenes/Fondos/fondo 1/agua abajo_1.png using Guid(95040569a0452694f891d56e4487f2ac) Importer(815301076,1909f56bfc062723c751e8b465ee728b)  -> (artifact id: '47dbc369da4589c0f39187c708e80f64') in 0.013201 seconds
Number of updated asset objects reloaded before import = 0
Number of asset objects unloaded after import = 2
========================================================================
Received Import Request.
  Time since last request: 11.460187 seconds.
  path: Assets/Imagenes/Fondos/fondo 1/agua abajo_1.png
  artifactKey: Guid(95040569a0452694f891d56e4487f2ac) Importer(815301076,1909f56bfc062723c751e8b465ee728b)
Start importing Assets/Imagenes/Fondos/fondo 1/agua abajo_1.png using Guid(95040569a0452694f891d56e4487f2ac) Importer(815301076,1909f56bfc062723c751e8b465ee728b)  -> (artifact id: '0db6ef7b83f2fca68d0f9114ea5d2c33') in 0.026594 seconds
Number of updated asset objects reloaded before import = 0
Number of asset objects unloaded after import = 5
========================================================================
Received Import Request.
  Time since last request: 267.970505 seconds.
  path: Assets/Imagenes/Fondos/fondo 1/Fondo 1
  artifactKey: Guid(e58493ad09af80549af271dbb39eb289) Importer(815301076,1909f56bfc062723c751e8b465ee728b)
Start importing Assets/Imagenes/Fondos/fondo 1/Fondo 1 using Guid(e58493ad09af80549af271dbb39eb289) Importer(815301076,1909f56bfc062723c751e8b465ee728b)  -> (artifact id: 'e7a65c1fe9850cc51ed42c0c6336027c') in 0.000407 seconds
Number of updated asset objects reloaded before import = 0
Number of asset objects unloaded after import = 0
========================================================================
Received Import Request.
  Time since last request: 0.046954 seconds.
  path: Assets/Imagenes/Fondos/fondo 1/Fondo 1/agua abajo_1_0.asset
  artifactKey: Guid(da962395b3a820f48a8ea5a9871bd074) Importer(815301076,1909f56bfc062723c751e8b465ee728b)
Start importing Assets/Imagenes/Fondos/fondo 1/Fondo 1/agua abajo_1_0.asset using Guid(da962395b3a820f48a8ea5a9871bd074) Importer(815301076,1909f56bfc062723c751e8b465ee728b)  -> (artifact id: 'd9595b50647211bba27a495fd2a48b06') in 0.009567 seconds
Number of updated asset objects reloaded before import = 0
Number of asset objects unloaded after import = 3
========================================================================
Received Import Request.
  Time since last request: 0.000025 seconds.
  path: Assets/Imagenes/Fondos/fondo 1/Fondo 1/agua arriba_1_0.asset
  artifactKey: Guid(9c9328a07a6b78b4f91b940f020ac1c0) Importer(815301076,1909f56bfc062723c751e8b465ee728b)
Start importing Assets/Imagenes/Fondos/fondo 1/Fondo 1/agua arriba_1_0.asset using Guid(9c9328a07a6b78b4f91b940f020ac1c0) Importer(815301076,1909f56bfc062723c751e8b465ee728b)  -> (artifact id: 'feb6a3c2df29ec6fc5fcc5704acc5c27') in 0.008584 seconds
Number of updated asset objects reloaded before import = 0
Number of asset objects unloaded after import = 3
========================================================================
Received Import Request.
  Time since last request: 0.000024 seconds.
  path: Assets/Imagenes/Fondos/fondo 1/Fondo 1/suelo arriba 1_2.asset
  artifactKey: Guid(48e1d6b9d180c434bb3fb52502e137d3) Importer(815301076,1909f56bfc062723c751e8b465ee728b)
Start importing Assets/Imagenes/Fondos/fondo 1/Fondo 1/suelo arriba 1_2.asset using Guid(48e1d6b9d180c434bb3fb52502e137d3) Importer(815301076,1909f56bfc062723c751e8b465ee728b)  -> (artifact id: '2fa36062e6de8693c68bebab26eb947e') in 0.009793 seconds
Number of updated asset objects reloaded before import = 0
Number of asset objects unloaded after import = 3
========================================================================
Received Import Request.
  Time since last request: 0.000014 seconds.
  path: Assets/Imagenes/Fondos/fondo 1/Fondo 1/suelo abajo 1_1.asset
  artifactKey: Guid(c73d18ad02553d3419c4da59297235e8) Importer(815301076,1909f56bfc062723c751e8b465ee728b)
Start importing Assets/Imagenes/Fondos/fondo 1/Fondo 1/suelo abajo 1_1.asset using Guid(c73d18ad02553d3419c4da59297235e8) Importer(815301076,1909f56bfc062723c751e8b465ee728b)  -> (artifact id: '3aec3384e4563003565440516087c44d') in 0.009042 seconds
Number of updated asset objects reloaded before import = 0
Number of asset objects unloaded after import = 3
========================================================================
Received Import Request.
  Time since last request: 0.000313 seconds.
  path: Assets/Imagenes/Fondos/fondo 1/Fondo 1/plataforma_0.asset
  artifactKey: Guid(805a4074b7ae9784d88c15c06e441669) Importer(815301076,1909f56bfc062723c751e8b465ee728b)
Start importing Assets/Imagenes/Fondos/fondo 1/Fondo 1/plataforma_0.asset using Guid(805a4074b7ae9784d88c15c06e441669) Importer(815301076,1909f56bfc062723c751e8b465ee728b)  -> (artifact id: '274017bae94a65b62235ec42483f8a38') in 0.009622 seconds
Number of updated asset objects reloaded before import = 0
Number of asset objects unloaded after import = 3
========================================================================
Received Import Request.
  Time since last request: 0.000022 seconds.
  path: Assets/Imagenes/Fondos/fondo 1/Fondo 1/agua arriba_1_1.asset
  artifactKey: Guid(a152bc2588a69dd4e9c58fb954609437) Importer(815301076,1909f56bfc062723c751e8b465ee728b)
Start importing Assets/Imagenes/Fondos/fondo 1/Fondo 1/agua arriba_1_1.asset using Guid(a152bc2588a69dd4e9c58fb954609437) Importer(815301076,1909f56bfc062723c751e8b465ee728b)  -> (artifact id: '45badaf912a233e2d9f014075532bd8d') in 0.008951 seconds
Number of updated asset objects reloaded before import = 0
Number of asset objects unloaded after import = 3
========================================================================
Received Import Request.
  Time since last request: 0.000022 seconds.
  path: Assets/Imagenes/Fondos/fondo 1/Fondo 1/suelo arriba 1_1.asset
  artifactKey: Guid(13b4eeef93729da4cafdbd47e6db94e4) Importer(815301076,1909f56bfc062723c751e8b465ee728b)
Start importing Assets/Imagenes/Fondos/fondo 1/Fondo 1/suelo arriba 1_1.asset using Guid(13b4eeef93729da4cafdbd47e6db94e4) Importer(815301076,1909f56bfc062723c751e8b465ee728b)  -> (artifact id: '5934ab72418712451271965245235086') in 0.007310 seconds
Number of updated asset objects reloaded before import = 0
Number of asset objects unloaded after import = 3
========================================================================
Received Import Request.
  Time since last request: 0.000015 seconds.
  path: Assets/Imagenes/Fondos/fondo 1/Fondo 1/suelo abajo 1_2.asset
  artifactKey: Guid(9ae028b166a0f194192a82db1e382072) Importer(815301076,1909f56bfc062723c751e8b465ee728b)
Start importing Assets/Imagenes/Fondos/fondo 1/Fondo 1/suelo abajo 1_2.asset using Guid(9ae028b166a0f194192a82db1e382072) Importer(815301076,1909f56bfc062723c751e8b465ee728b)  -> (artifact id: '344f770c6d208ff21f676aedde344e3d') in 0.011397 seconds
Number of updated asset objects reloaded before import = 0
Number of asset objects unloaded after import = 3
Editor requested this worker to shutdown with reason: Scaling down because of idle timeout
TcpMessagingSession - receive error: operation aborted. errorcode: 995, details: La operacin de E/S se anul por una salida de subproceso o por una solicitud de aplicacin.
AssetImportWorker is now disconnected from the server
Process exiting
Exiting without the bug reporter. Application will terminate with return code 0