Using pre-set license
Built from '2022.3/staging' branch; Version is '2022.3.19f1 (244b723c30a6) revision 2378610'; Using compiler version '192829333'; Build Type 'Release'
OS: 'Windows 10  (10.0.19045) 64bit Professional' Language: 'es' Physical Memory: 16164 MB
BatchMode: 1, IsHumanControllingUs: 0, StartBugReporterOnCrash: 0, Is64bit: 1, IsPro: 1

COMMAND LINE ARGUMENTS:
C:\Program Files\Unity\Hub\Editor\2022.3.19f1\Editor\Unity.exe
-adb2
-batchMode
-noUpm
-name
AssetImportWorker5
-projectPath
D:/GitHub/PinchoBros2D/PinchoBros2D
-logFile
Logs/AssetImportWorker5.log
-srvPort
50169
Successfully changed project path to: D:/GitHub/PinchoBros2D/PinchoBros2D
D:/GitHub/PinchoBros2D/PinchoBros2D
[UnityMemory] Configuration Parameters - Can be set up in boot.config
    "memorysetup-bucket-allocator-granularity=16"
    "memorysetup-bucket-allocator-bucket-count=8"
    "memorysetup-bucket-allocator-block-size=33554432"
    "memorysetup-bucket-allocator-block-count=8"
    "memorysetup-main-allocator-block-size=16777216"
    "memorysetup-thread-allocator-block-size=16777216"
    "memorysetup-gfx-main-allocator-block-size=16777216"
    "memorysetup-gfx-thread-allocator-block-size=16777216"
    "memorysetup-cache-allocator-block-size=4194304"
    "memorysetup-typetree-allocator-block-size=2097152"
    "memorysetup-profiler-bucket-allocator-granularity=16"
    "memorysetup-profiler-bucket-allocator-bucket-count=8"
    "memorysetup-profiler-bucket-allocator-block-size=33554432"
    "memorysetup-profiler-bucket-allocator-block-count=8"
    "memorysetup-profiler-allocator-block-size=16777216"
    "memorysetup-profiler-editor-allocator-block-size=1048576"
    "memorysetup-temp-allocator-size-main=16777216"
    "memorysetup-job-temp-allocator-block-size=2097152"
    "memorysetup-job-temp-allocator-block-size-background=1048576"
    "memorysetup-job-temp-allocator-reduction-small-platforms=262144"
    "memorysetup-allocator-temp-initial-block-size-main=262144"
    "memorysetup-allocator-temp-initial-block-size-worker=262144"
    "memorysetup-temp-allocator-size-background-worker=32768"
    "memorysetup-temp-allocator-size-job-worker=262144"
    "memorysetup-temp-allocator-size-preload-manager=33554432"
    "memorysetup-temp-allocator-size-nav-mesh-worker=65536"
    "memorysetup-temp-allocator-size-audio-worker=65536"
    "memorysetup-temp-allocator-size-cloud-worker=32768"
    "memorysetup-temp-allocator-size-gi-baking-worker=262144"
    "memorysetup-temp-allocator-size-gfx=262144"
Player connection [20440] Host "[IP] 172.17.17.165 [Port] 0 [Flags] 2 [Guid] 535193689 [EditorId] 535193689 [Version] 1048832 [Id] WindowsEditor(7,DESKTOP-CD42DPL) [Debug] 1 [PackageName] WindowsEditor [ProjectName] Editor" joined multi-casting on [225.0.0.222:54997]...

Player connection [20440] Host "[IP] 172.17.17.165 [Port] 0 [Flags] 2 [Guid] 535193689 [EditorId] 535193689 [Version] 1048832 [Id] WindowsEditor(7,DESKTOP-CD42DPL) [Debug] 1 [PackageName] WindowsEditor [ProjectName] Editor" joined alternative multi-casting on [225.0.0.222:34997]...

[Physics::Module] Initialized MultithreadedJobDispatcher with 11 workers.
Refreshing native plugins compatible for Editor in 6.40 ms, found 4 plugins.
Preloading 0 native plugins for Editor in 0.00 ms.
Initialize engine version: 2022.3.19f1 (244b723c30a6)
[Subsystems] Discovering subsystems at path C:/Program Files/Unity/Hub/Editor/2022.3.19f1/Editor/Data/Resources/UnitySubsystems
[Subsystems] Discovering subsystems at path D:/GitHub/PinchoBros2D/PinchoBros2D/Assets
GfxDevice: creating device client; threaded=0; jobified=0
Direct3D:
    Version:  Direct3D 11.0 [level 11.1]
    Renderer: NVIDIA GeForce RTX 3060 Ti (ID=0x2489)
    Vendor:   NVIDIA
    VRAM:     8024 MB
    Driver:   32.0.15.6070
Initialize mono
Mono path[0] = 'C:/Program Files/Unity/Hub/Editor/2022.3.19f1/Editor/Data/Managed'
Mono path[1] = 'C:/Program Files/Unity/Hub/Editor/2022.3.19f1/Editor/Data/MonoBleedingEdge/lib/mono/unityjit-win32'
Mono config path = 'C:/Program Files/Unity/Hub/Editor/2022.3.19f1/Editor/Data/MonoBleedingEdge/etc'
Using monoOptions --debugger-agent=transport=dt_socket,embedding=1,server=y,suspend=n,address=127.0.0.1:56764
Begin MonoManager ReloadAssembly
Registering precompiled unity dll's ...
Register platform support module: C:/Program Files/Unity/Hub/Editor/2022.3.19f1/Editor/Data/PlaybackEngines/WebGLSupport/UnityEditor.WebGL.Extensions.dll
Register platform support module: C:/Program Files/Unity/Hub/Editor/2022.3.19f1/Editor/Data/PlaybackEngines/AndroidPlayer/UnityEditor.Android.Extensions.dll
Register platform support module: C:/Program Files/Unity/Hub/Editor/2022.3.19f1/Editor/Data/PlaybackEngines/WindowsStandaloneSupport/UnityEditor.WindowsStandalone.Extensions.dll
Register platform support module: C:/Program Files/Unity/Hub/Editor/2022.3.19f1/Editor/Data/PlaybackEngines/MetroSupport/UnityEditor.UWP.Extensions.dll
Registered in 0.013342 seconds.
- Loaded All Assemblies, in  0.355 seconds
Native extension for UWP target not found
Native extension for WindowsStandalone target not found
Native extension for Android target not found
Android Extension - Scanning For ADB Devices 165 ms
Native extension for WebGL target not found
Mono: successfully reloaded assembly
- Finished resetting the current domain, in  0.478 seconds
Domain Reload Profiling: 831ms
	BeginReloadAssembly (99ms)
		ExecutionOrderSort (0ms)
		DisableScriptedObjects (0ms)
		BackupInstance (0ms)
		ReleaseScriptingObjects (0ms)
		CreateAndSetChildDomain (1ms)
	RebuildCommonClasses (33ms)
	RebuildNativeTypeToScriptingClass (11ms)
	initialDomainReloadingComplete (64ms)
	LoadAllAssembliesAndSetupDomain (146ms)
		LoadAssemblies (98ms)
		RebuildTransferFunctionScriptingTraits (0ms)
		AnalyzeDomain (143ms)
			TypeCache.Refresh (142ms)
				TypeCache.ScanAssembly (129ms)
			ScanForSourceGeneratedMonoScriptInfo (0ms)
			ResolveRequiredComponents (0ms)
	FinalizeReload (478ms)
		ReleaseScriptCaches (0ms)
		RebuildScriptCaches (0ms)
		SetupLoadedEditorAssemblies (422ms)
			LogAssemblyErrors (0ms)
			InitializePlatformSupportModulesInManaged (269ms)
			SetLoadedEditorAssemblies (4ms)
			RefreshPlugins (0ms)
			BeforeProcessingInitializeOnLoad (2ms)
			ProcessInitializeOnLoadAttributes (106ms)
			ProcessInitializeOnLoadMethodAttributes (41ms)
			AfterProcessingInitializeOnLoad (0ms)
			EditorAssembliesLoaded (0ms)
		ExecutionOrderSort2 (0ms)
		AwakeInstancesAfterBackupRestoration (0ms)
========================================================================
Worker process is ready to serve import requests
Begin MonoManager ReloadAssembly
- Loaded All Assemblies, in  0.592 seconds
Refreshing native plugins compatible for Editor in 2.32 ms, found 4 plugins.
Native extension for UWP target not found
Native extension for WindowsStandalone target not found
Native extension for Android target not found
Native extension for WebGL target not found
Package Manager log level set to [2]
[Package Manager] Server::EnsureServerProcessIsRunning -- launch failed, reason: Unity was launched with the -noUpm command-line argument
[Package Manager] UpmClient::Send -- Unable to send message (not connected to UPM process).
[Package Manager] Cannot connect to Unity Package Manager local server
Mono: successfully reloaded assembly
- Finished resetting the current domain, in  0.615 seconds
Domain Reload Profiling: 1204ms
	BeginReloadAssembly (139ms)
		ExecutionOrderSort (0ms)
		DisableScriptedObjects (6ms)
		BackupInstance (0ms)
		ReleaseScriptingObjects (0ms)
		CreateAndSetChildDomain (19ms)
	RebuildCommonClasses (32ms)
	RebuildNativeTypeToScriptingClass (11ms)
	initialDomainReloadingComplete (40ms)
	LoadAllAssembliesAndSetupDomain (368ms)
		LoadAssemblies (270ms)
		RebuildTransferFunctionScriptingTraits (0ms)
		AnalyzeDomain (178ms)
			TypeCache.Refresh (150ms)
				TypeCache.ScanAssembly (132ms)
			ScanForSourceGeneratedMonoScriptInfo (21ms)
			ResolveRequiredComponents (6ms)
	FinalizeReload (615ms)
		ReleaseScriptCaches (0ms)
		RebuildScriptCaches (0ms)
		SetupLoadedEditorAssemblies (460ms)
			LogAssemblyErrors (0ms)
			InitializePlatformSupportModulesInManaged (26ms)
			SetLoadedEditorAssemblies (4ms)
			RefreshPlugins (0ms)
			BeforeProcessingInitializeOnLoad (65ms)
			ProcessInitializeOnLoadAttributes (318ms)
			ProcessInitializeOnLoadMethodAttributes (39ms)
			AfterProcessingInitializeOnLoad (8ms)
			EditorAssembliesLoaded (0ms)
		ExecutionOrderSort2 (0ms)
		AwakeInstancesAfterBackupRestoration (5ms)
Launched and connected shader compiler UnityShaderCompiler.exe after 0.03 seconds
Refreshing native plugins compatible for Editor in 2.33 ms, found 4 plugins.
Preloading 0 native plugins for Editor in 0.00 ms.
Unloading 4207 Unused Serialized files (Serialized files now loaded: 0)
Unloading 77 unused Assets / (135.9 KB). Loaded Objects now: 4672.
Memory consumption went from 154.2 MB to 154.1 MB.
Total: 3.817900 ms (FindLiveObjects: 0.315100 ms CreateObjectMapping: 0.189800 ms MarkObjects: 3.138800 ms  DeleteObjects: 0.173600 ms)

AssetImportParameters requested are different than current active one (requested -> active):
  custom:container-demuxer-ogg: 62fdf1f143b41e24485cea50d1cbac27 -> 
  custom:video-decoder-ogg-theora: a1e56fd34408186e4bbccfd4996cb3dc -> 
  custom:framework-win-MediaFoundation: 216162199b28c13a410421893ffa2e32 -> 
  custom:CustomObjectIndexerAttribute: 6d391050e5a25f67b0a2c618074f2cd9 -> 
  custom:container-demuxer-webm: 4f35f7cbe854078d1ac9338744f61a02 -> 
  custom:container-muxer-webm: aa71ff27fc2769a1b78a27578f13a17b -> 
  custom:video-decoder-webm-vp8: 9c59270c3fd7afecdb556c50c9e8de78 -> 
  custom:SearchIndexIgnoredProperties: e643bd26f0fe6173181afceb89e7c659 -> 
  custom:AudioImporter_EditorPlatform: d09bf68614088b80899f8185d706f6e7 -> 
  custom:video-encoder-webm-vp8: eb34c28f22e8b96e1ab97ce403110664 -> 
  custom:audio-decoder-ogg-vorbis: bf7c407c2cedff20999df2af8eb42d56 -> 
  custom:audio-encoder-webm-vorbis: bf7c407c2cedff20999df2af8eb42d56 -> 
========================================================================
Received Import Request.
  Time since last request: 12211.477048 seconds.
  path: Assets/Imagenes/fuegos/fuego sprite 2/fuego sprite 2_00027.png
  artifactKey: Guid(ec55b26c0b29a6245bbc78bd6fd34239) Importer(815301076,1909f56bfc062723c751e8b465ee728b)
Start importing Assets/Imagenes/fuegos/fuego sprite 2/fuego sprite 2_00027.png using Guid(ec55b26c0b29a6245bbc78bd6fd34239) Importer(815301076,1909f56bfc062723c751e8b465ee728b)  -> (artifact id: '0110f0d086af18bebf328801a9f68970') in 0.105997 seconds
Number of updated asset objects reloaded before import = 0
Number of asset objects unloaded after import = 3
========================================================================
Received Import Request.
  Time since last request: 0.000014 seconds.
  path: Assets/Imagenes/fuegos/fuego sprite 2/fuego sprite 2_00031.png
  artifactKey: Guid(8c3b1538754d1ad48adb527fef10db03) Importer(815301076,1909f56bfc062723c751e8b465ee728b)
Start importing Assets/Imagenes/fuegos/fuego sprite 2/fuego sprite 2_00031.png using Guid(8c3b1538754d1ad48adb527fef10db03) Importer(815301076,1909f56bfc062723c751e8b465ee728b)  -> (artifact id: '6145da9e92f8358abe383eb1919f1e63') in 0.049286 seconds
Number of updated asset objects reloaded before import = 0
Number of asset objects unloaded after import = 3
========================================================================
Received Import Request.
  Time since last request: 0.008934 seconds.
  path: Assets/Imagenes/fuegos/fuego sprite 2/fuego sprite 2_00034.png
  artifactKey: Guid(19641408bd9d59344bb146c2d01e54ee) Importer(815301076,1909f56bfc062723c751e8b465ee728b)
Start importing Assets/Imagenes/fuegos/fuego sprite 2/fuego sprite 2_00034.png using Guid(19641408bd9d59344bb146c2d01e54ee) Importer(815301076,1909f56bfc062723c751e8b465ee728b)  -> (artifact id: 'b3a287a51a741dc976a069ed279aa7a8') in 0.039763 seconds
Number of updated asset objects reloaded before import = 0
Number of asset objects unloaded after import = 3
========================================================================
Received Import Request.
  Time since last request: 0.012784 seconds.
  path: Assets/Imagenes/fuegos/fuego sprite 2/fuego sprite 2_00038.png
  artifactKey: Guid(6ed2a799be954d546aa89a25ab71b62c) Importer(815301076,1909f56bfc062723c751e8b465ee728b)
Start importing Assets/Imagenes/fuegos/fuego sprite 2/fuego sprite 2_00038.png using Guid(6ed2a799be954d546aa89a25ab71b62c) Importer(815301076,1909f56bfc062723c751e8b465ee728b)  -> (artifact id: 'ff71db2f0cf87addb509914f6cfbca46') in 0.034329 seconds
Number of updated asset objects reloaded before import = 0
Number of asset objects unloaded after import = 3
========================================================================
Received Import Request.
  Time since last request: 0.025145 seconds.
  path: Assets/Imagenes/fuegos/fuego sprite 2/fuego sprite 2_00040.png
  artifactKey: Guid(c5937d7acb8da5f41ac261d70e70221e) Importer(815301076,1909f56bfc062723c751e8b465ee728b)
Start importing Assets/Imagenes/fuegos/fuego sprite 2/fuego sprite 2_00040.png using Guid(c5937d7acb8da5f41ac261d70e70221e) Importer(815301076,1909f56bfc062723c751e8b465ee728b)  -> (artifact id: '00e5914d8e1a423037d3c8178bff1447') in 0.028863 seconds
Number of updated asset objects reloaded before import = 0
Number of asset objects unloaded after import = 3
========================================================================
Received Import Request.
  Time since last request: 0.023621 seconds.
  path: Assets/Imagenes/fuegos/fuego sprite 2/fuego sprite 2_00043.png
  artifactKey: Guid(e520b20caa7a0a34696ce1d08668c2d8) Importer(815301076,1909f56bfc062723c751e8b465ee728b)
Start importing Assets/Imagenes/fuegos/fuego sprite 2/fuego sprite 2_00043.png using Guid(e520b20caa7a0a34696ce1d08668c2d8) Importer(815301076,1909f56bfc062723c751e8b465ee728b)  -> (artifact id: 'ac879d070eddf4e8eae8e9b780503a7b') in 0.051996 seconds
Number of updated asset objects reloaded before import = 0
Number of asset objects unloaded after import = 3
========================================================================
Received Import Request.
  Time since last request: 0.014841 seconds.
  path: Assets/Imagenes/fuegos/fuego sprite 2/fuego sprite 2_00046.png
  artifactKey: Guid(74b623a86231f814494216b3a0f3a9ca) Importer(815301076,1909f56bfc062723c751e8b465ee728b)
Start importing Assets/Imagenes/fuegos/fuego sprite 2/fuego sprite 2_00046.png using Guid(74b623a86231f814494216b3a0f3a9ca) Importer(815301076,1909f56bfc062723c751e8b465ee728b)  -> (artifact id: 'fd8d6f6b367fe43de015eb52c3b5028e') in 0.053621 seconds
Number of updated asset objects reloaded before import = 0
Number of asset objects unloaded after import = 3
========================================================================
Received Import Request.
  Time since last request: 0.003732 seconds.
  path: Assets/Imagenes/fuegos/fuego sprite 2/fuego sprite 2_00050.png
  artifactKey: Guid(e9250313ffd239a47beb3ca97b44538e) Importer(815301076,1909f56bfc062723c751e8b465ee728b)
Start importing Assets/Imagenes/fuegos/fuego sprite 2/fuego sprite 2_00050.png using Guid(e9250313ffd239a47beb3ca97b44538e) Importer(815301076,1909f56bfc062723c751e8b465ee728b)  -> (artifact id: 'f64b67e094503d1cc635c7c086433c16') in 0.047477 seconds
Number of updated asset objects reloaded before import = 0
Number of asset objects unloaded after import = 3
========================================================================
Received Import Request.
  Time since last request: 0.000013 seconds.
  path: Assets/Imagenes/fuegos/fuego sprite 2/fuego sprite 2_00052.png
  artifactKey: Guid(ca4b8f9b6d4248a4c84a45912c4859b7) Importer(815301076,1909f56bfc062723c751e8b465ee728b)
Start importing Assets/Imagenes/fuegos/fuego sprite 2/fuego sprite 2_00052.png using Guid(ca4b8f9b6d4248a4c84a45912c4859b7) Importer(815301076,1909f56bfc062723c751e8b465ee728b)  -> (artifact id: '22689c4f9714a61e218a69581f4277cd') in 0.033682 seconds
Number of updated asset objects reloaded before import = 0
Number of asset objects unloaded after import = 3
========================================================================
Received Import Request.
  Time since last request: 0.000016 seconds.
  path: Assets/Imagenes/fuegos/fuego sprite 2/fuego sprite 2_00056.png
  artifactKey: Guid(a6e64da5c473e4a458d732aa3d39a7dc) Importer(815301076,1909f56bfc062723c751e8b465ee728b)
Start importing Assets/Imagenes/fuegos/fuego sprite 2/fuego sprite 2_00056.png using Guid(a6e64da5c473e4a458d732aa3d39a7dc) Importer(815301076,1909f56bfc062723c751e8b465ee728b)  -> (artifact id: 'fa8d3e11504079a7490bb4542e5d7b17') in 0.029041 seconds
Number of updated asset objects reloaded before import = 0
Number of asset objects unloaded after import = 3
========================================================================
Received Import Request.
  Time since last request: 0.000025 seconds.
  path: Assets/Imagenes/fuegos/fuego sprite 2/fuego sprite 2_00058.png
  artifactKey: Guid(eb049a750f2ca2b4cbf3078a3d2eb34e) Importer(815301076,1909f56bfc062723c751e8b465ee728b)
Start importing Assets/Imagenes/fuegos/fuego sprite 2/fuego sprite 2_00058.png using Guid(eb049a750f2ca2b4cbf3078a3d2eb34e) Importer(815301076,1909f56bfc062723c751e8b465ee728b)  -> (artifact id: '26668cd203cc079a9a94be7e5c802a45') in 0.036132 seconds
Number of updated asset objects reloaded before import = 0
Number of asset objects unloaded after import = 3
========================================================================
Received Import Request.
  Time since last request: 0.000012 seconds.
  path: Assets/Imagenes/fuegos/fuego sprite 2/fuego sprite 2_00059.png
  artifactKey: Guid(6c579940747747149b7a78732e0578ba) Importer(815301076,1909f56bfc062723c751e8b465ee728b)
Start importing Assets/Imagenes/fuegos/fuego sprite 2/fuego sprite 2_00059.png using Guid(6c579940747747149b7a78732e0578ba) Importer(815301076,1909f56bfc062723c751e8b465ee728b)  -> (artifact id: '577f1be548de2209233c70549744c2e3') in 0.034326 seconds
Number of updated asset objects reloaded before import = 0
Number of asset objects unloaded after import = 3
========================================================================
Received Import Request.
  Time since last request: 0.053646 seconds.
  path: Assets/Imagenes/fuegos/fuego sprite 2/fuego sprite 2_00064.png
  artifactKey: Guid(a912416fc9f9335468a8b62d6a59d127) Importer(815301076,1909f56bfc062723c751e8b465ee728b)
Start importing Assets/Imagenes/fuegos/fuego sprite 2/fuego sprite 2_00064.png using Guid(a912416fc9f9335468a8b62d6a59d127) Importer(815301076,1909f56bfc062723c751e8b465ee728b)  -> (artifact id: 'ce54293d3f74e5dc337c2f6b726d7a5f') in 0.043411 seconds
Number of updated asset objects reloaded before import = 0
Number of asset objects unloaded after import = 3
========================================================================
Received Import Request.
  Time since last request: 0.044083 seconds.
  path: Assets/Imagenes/fuegos/fuego sprite 2/fuego sprite 2_00067.png
  artifactKey: Guid(e0572f5745ecf4649a0d887107d11e94) Importer(815301076,1909f56bfc062723c751e8b465ee728b)
Start importing Assets/Imagenes/fuegos/fuego sprite 2/fuego sprite 2_00067.png using Guid(e0572f5745ecf4649a0d887107d11e94) Importer(815301076,1909f56bfc062723c751e8b465ee728b)  -> (artifact id: 'b0f3e34c6ce40fd37b1160ca9295bb26') in 0.040842 seconds
Number of updated asset objects reloaded before import = 0
Number of asset objects unloaded after import = 3
========================================================================
Received Import Request.
  Time since last request: 0.002738 seconds.
  path: Assets/Imagenes/fuegos/fuego sprite 2/fuego sprite 2_00069.png
  artifactKey: Guid(edaf7f137a0d0ea4e90068d6a444cc54) Importer(815301076,1909f56bfc062723c751e8b465ee728b)
Start importing Assets/Imagenes/fuegos/fuego sprite 2/fuego sprite 2_00069.png using Guid(edaf7f137a0d0ea4e90068d6a444cc54) Importer(815301076,1909f56bfc062723c751e8b465ee728b)  -> (artifact id: 'e41682e7aaafae6b8cc74fd25b91a078') in 0.043822 seconds
Number of updated asset objects reloaded before import = 0
Number of asset objects unloaded after import = 3
========================================================================
Received Import Request.
  Time since last request: 0.000013 seconds.
  path: Assets/Imagenes/fuegos/fuego sprite 2/fuego sprite 2_00072.png
  artifactKey: Guid(3c6228e67309a754cbfb7ceb5b56b328) Importer(815301076,1909f56bfc062723c751e8b465ee728b)
Start importing Assets/Imagenes/fuegos/fuego sprite 2/fuego sprite 2_00072.png using Guid(3c6228e67309a754cbfb7ceb5b56b328) Importer(815301076,1909f56bfc062723c751e8b465ee728b)  -> (artifact id: '40029bf092177eac024d5eec3e0c6f8b') in 0.033796 seconds
Number of updated asset objects reloaded before import = 0
Number of asset objects unloaded after import = 3
========================================================================
Received Import Request.
  Time since last request: 0.000012 seconds.
  path: Assets/Imagenes/fuegos/fuego sprite 2/fuego sprite 2_00075.png
  artifactKey: Guid(f3f0f3babc033164e9a001c361926f6b) Importer(815301076,1909f56bfc062723c751e8b465ee728b)
Start importing Assets/Imagenes/fuegos/fuego sprite 2/fuego sprite 2_00075.png using Guid(f3f0f3babc033164e9a001c361926f6b) Importer(815301076,1909f56bfc062723c751e8b465ee728b)  -> (artifact id: 'f72a56e0158ddcd2bf24300d043cb104') in 0.028328 seconds
Number of updated asset objects reloaded before import = 0
Number of asset objects unloaded after import = 3
========================================================================
Received Import Request.
  Time since last request: 0.063542 seconds.
  path: Assets/Imagenes/fuegos/fuego sprite 2/fuego sprite 2_00079.png
  artifactKey: Guid(ed604bfd1cd82f54fa750cd1c65534ac) Importer(815301076,1909f56bfc062723c751e8b465ee728b)
Start importing Assets/Imagenes/fuegos/fuego sprite 2/fuego sprite 2_00079.png using Guid(ed604bfd1cd82f54fa750cd1c65534ac) Importer(815301076,1909f56bfc062723c751e8b465ee728b)  -> (artifact id: '7e1b6553af747abccadbdc9ffaf2b247') in 0.051836 seconds
Number of updated asset objects reloaded before import = 0
Number of asset objects unloaded after import = 3
========================================================================
Received Import Request.
  Time since last request: 0.044570 seconds.
  path: Assets/Imagenes/fuegos/fuego sprite 2/fuego sprite 2_00083.png
  artifactKey: Guid(ac49c51f40543d941946112ab486a33c) Importer(815301076,1909f56bfc062723c751e8b465ee728b)
Start importing Assets/Imagenes/fuegos/fuego sprite 2/fuego sprite 2_00083.png using Guid(ac49c51f40543d941946112ab486a33c) Importer(815301076,1909f56bfc062723c751e8b465ee728b)  -> (artifact id: 'b016c0f041766fea444dce53e30defa5') in 0.061217 seconds
Number of updated asset objects reloaded before import = 0
Number of asset objects unloaded after import = 3
========================================================================
Received Import Request.
  Time since last request: 0.000016 seconds.
  path: Assets/Imagenes/fuegos/fuego sprite 2/fuego sprite 2_00087.png
  artifactKey: Guid(c5ae53d5852727047931ce7eda26d95b) Importer(815301076,1909f56bfc062723c751e8b465ee728b)
Start importing Assets/Imagenes/fuegos/fuego sprite 2/fuego sprite 2_00087.png using Guid(c5ae53d5852727047931ce7eda26d95b) Importer(815301076,1909f56bfc062723c751e8b465ee728b)  -> (artifact id: 'f438ac1970a6b7162fcf2dc550b6548b') in 0.025816 seconds
Number of updated asset objects reloaded before import = 0
Number of asset objects unloaded after import = 3
========================================================================
Received Import Request.
  Time since last request: 0.019602 seconds.
  path: Assets/Imagenes/fuegos/fuego sprite 2/fuego sprite 2_00089.png
  artifactKey: Guid(82911b5911db3954b982bde1461f610d) Importer(815301076,1909f56bfc062723c751e8b465ee728b)
Start importing Assets/Imagenes/fuegos/fuego sprite 2/fuego sprite 2_00089.png using Guid(82911b5911db3954b982bde1461f610d) Importer(815301076,1909f56bfc062723c751e8b465ee728b)  -> (artifact id: '85133c861b84974984524d535e4908aa') in 0.061324 seconds
Number of updated asset objects reloaded before import = 0
Number of asset objects unloaded after import = 3
========================================================================
Received Import Request.
  Time since last request: 0.002954 seconds.
  path: Assets/Imagenes/fuegos/fuego sprite 2/fuego sprite 2_00093.png
  artifactKey: Guid(8cd3a0538e4f3d04080e5ab4e5d930fa) Importer(815301076,1909f56bfc062723c751e8b465ee728b)
Start importing Assets/Imagenes/fuegos/fuego sprite 2/fuego sprite 2_00093.png using Guid(8cd3a0538e4f3d04080e5ab4e5d930fa) Importer(815301076,1909f56bfc062723c751e8b465ee728b)  -> (artifact id: 'b38d2fe37215dc1b8de44f9cef4a13f3') in 0.025978 seconds
Number of updated asset objects reloaded before import = 0
Number of asset objects unloaded after import = 3
========================================================================
Received Import Request.
  Time since last request: 0.004243 seconds.
  path: Assets/Imagenes/fuegos/fuego sprite 2/fuego sprite 2_00096.png
  artifactKey: Guid(6807a881bc3299549b6dbe88f63f0f6c) Importer(815301076,1909f56bfc062723c751e8b465ee728b)
Start importing Assets/Imagenes/fuegos/fuego sprite 2/fuego sprite 2_00096.png using Guid(6807a881bc3299549b6dbe88f63f0f6c) Importer(815301076,1909f56bfc062723c751e8b465ee728b)  -> (artifact id: 'e1b1a9b768711a52f3a98dbf9756d88d') in 0.066666 seconds
Number of updated asset objects reloaded before import = 0
Number of asset objects unloaded after import = 3
Editor requested this worker to shutdown with reason: Scaling down because of idle timeout
TcpMessagingSession - receive error: operation aborted. errorcode: 995, details: La operación de E/S se anuló por una salida de subproceso o por una solicitud de aplicación.
AssetImportWorker is now disconnected from the server
Process exiting
Exiting without the bug reporter. Application will terminate with return code 0