Using pre-set license
Built from '2022.3/staging' branch; Version is '2022.3.19f1 (244b723c30a6) revision 2378610'; Using compiler version '192829333'; Build Type 'Release'
OS: 'Windows 10  (10.0.19045) 64bit Professional' Language: 'es' Physical Memory: 16164 MB
BatchMode: 1, IsHumanControllingUs: 0, StartBugReporterOnCrash: 0, Is64bit: 1, IsPro: 1

COMMAND LINE ARGUMENTS:
C:\Program Files\Unity\Hub\Editor\2022.3.19f1\Editor\Unity.exe
-adb2
-batchMode
-noUpm
-name
AssetImportWorker5
-projectPath
D:/GitHub/PinchoBros2D/PinchoBros2D
-logFile
Logs/AssetImportWorker5.log
-srvPort
50428
Successfully changed project path to: D:/GitHub/PinchoBros2D/PinchoBros2D
D:/GitHub/PinchoBros2D/PinchoBros2D
[UnityMemory] Configuration Parameters - Can be set up in boot.config
    "memorysetup-bucket-allocator-granularity=16"
    "memorysetup-bucket-allocator-bucket-count=8"
    "memorysetup-bucket-allocator-block-size=33554432"
    "memorysetup-bucket-allocator-block-count=8"
    "memorysetup-main-allocator-block-size=16777216"
    "memorysetup-thread-allocator-block-size=16777216"
    "memorysetup-gfx-main-allocator-block-size=16777216"
    "memorysetup-gfx-thread-allocator-block-size=16777216"
    "memorysetup-cache-allocator-block-size=4194304"
    "memorysetup-typetree-allocator-block-size=2097152"
    "memorysetup-profiler-bucket-allocator-granularity=16"
    "memorysetup-profiler-bucket-allocator-bucket-count=8"
    "memorysetup-profiler-bucket-allocator-block-size=33554432"
    "memorysetup-profiler-bucket-allocator-block-count=8"
    "memorysetup-profiler-allocator-block-size=16777216"
    "memorysetup-profiler-editor-allocator-block-size=1048576"
    "memorysetup-temp-allocator-size-main=16777216"
    "memorysetup-job-temp-allocator-block-size=2097152"
    "memorysetup-job-temp-allocator-block-size-background=1048576"
    "memorysetup-job-temp-allocator-reduction-small-platforms=262144"
    "memorysetup-allocator-temp-initial-block-size-main=262144"
    "memorysetup-allocator-temp-initial-block-size-worker=262144"
    "memorysetup-temp-allocator-size-background-worker=32768"
    "memorysetup-temp-allocator-size-job-worker=262144"
    "memorysetup-temp-allocator-size-preload-manager=33554432"
    "memorysetup-temp-allocator-size-nav-mesh-worker=65536"
    "memorysetup-temp-allocator-size-audio-worker=65536"
    "memorysetup-temp-allocator-size-cloud-worker=32768"
    "memorysetup-temp-allocator-size-gi-baking-worker=262144"
    "memorysetup-temp-allocator-size-gfx=262144"
Player connection [16720] Host "[IP] 172.17.17.165 [Port] 0 [Flags] 2 [Guid] 152638231 [EditorId] 152638231 [Version] 1048832 [Id] WindowsEditor(7,DESKTOP-CD42DPL) [Debug] 1 [PackageName] WindowsEditor [ProjectName] Editor" joined multi-casting on [225.0.0.222:54997]...

Player connection [16720] Host "[IP] 172.17.17.165 [Port] 0 [Flags] 2 [Guid] 152638231 [EditorId] 152638231 [Version] 1048832 [Id] WindowsEditor(7,DESKTOP-CD42DPL) [Debug] 1 [PackageName] WindowsEditor [ProjectName] Editor" joined alternative multi-casting on [225.0.0.222:34997]...

[Physics::Module] Initialized MultithreadedJobDispatcher with 11 workers.
Refreshing native plugins compatible for Editor in 6.17 ms, found 4 plugins.
Preloading 0 native plugins for Editor in 0.00 ms.
Initialize engine version: 2022.3.19f1 (244b723c30a6)
[Subsystems] Discovering subsystems at path C:/Program Files/Unity/Hub/Editor/2022.3.19f1/Editor/Data/Resources/UnitySubsystems
[Subsystems] Discovering subsystems at path D:/GitHub/PinchoBros2D/PinchoBros2D/Assets
GfxDevice: creating device client; threaded=0; jobified=0
Direct3D:
    Version:  Direct3D 11.0 [level 11.1]
    Renderer: NVIDIA GeForce RTX 3060 Ti (ID=0x2489)
    Vendor:   NVIDIA
    VRAM:     8024 MB
    Driver:   32.0.15.6070
Initialize mono
Mono path[0] = 'C:/Program Files/Unity/Hub/Editor/2022.3.19f1/Editor/Data/Managed'
Mono path[1] = 'C:/Program Files/Unity/Hub/Editor/2022.3.19f1/Editor/Data/MonoBleedingEdge/lib/mono/unityjit-win32'
Mono config path = 'C:/Program Files/Unity/Hub/Editor/2022.3.19f1/Editor/Data/MonoBleedingEdge/etc'
Using monoOptions --debugger-agent=transport=dt_socket,embedding=1,server=y,suspend=n,address=127.0.0.1:56328
Begin MonoManager ReloadAssembly
Registering precompiled unity dll's ...
Register platform support module: C:/Program Files/Unity/Hub/Editor/2022.3.19f1/Editor/Data/PlaybackEngines/WebGLSupport/UnityEditor.WebGL.Extensions.dll
Register platform support module: C:/Program Files/Unity/Hub/Editor/2022.3.19f1/Editor/Data/PlaybackEngines/AndroidPlayer/UnityEditor.Android.Extensions.dll
Register platform support module: C:/Program Files/Unity/Hub/Editor/2022.3.19f1/Editor/Data/PlaybackEngines/WindowsStandaloneSupport/UnityEditor.WindowsStandalone.Extensions.dll
Register platform support module: C:/Program Files/Unity/Hub/Editor/2022.3.19f1/Editor/Data/PlaybackEngines/MetroSupport/UnityEditor.UWP.Extensions.dll
Registered in 0.013209 seconds.
- Loaded All Assemblies, in  0.347 seconds
Native extension for UWP target not found
Native extension for WindowsStandalone target not found
Native extension for Android target not found
Android Extension - Scanning For ADB Devices 164 ms
Native extension for WebGL target not found
Mono: successfully reloaded assembly
- Finished resetting the current domain, in  0.479 seconds
Domain Reload Profiling: 824ms
	BeginReloadAssembly (97ms)
		ExecutionOrderSort (0ms)
		DisableScriptedObjects (0ms)
		BackupInstance (0ms)
		ReleaseScriptingObjects (0ms)
		CreateAndSetChildDomain (1ms)
	RebuildCommonClasses (32ms)
	RebuildNativeTypeToScriptingClass (11ms)
	initialDomainReloadingComplete (61ms)
	LoadAllAssembliesAndSetupDomain (143ms)
		LoadAssemblies (96ms)
		RebuildTransferFunctionScriptingTraits (0ms)
		AnalyzeDomain (141ms)
			TypeCache.Refresh (139ms)
				TypeCache.ScanAssembly (124ms)
			ScanForSourceGeneratedMonoScriptInfo (0ms)
			ResolveRequiredComponents (1ms)
	FinalizeReload (479ms)
		ReleaseScriptCaches (0ms)
		RebuildScriptCaches (0ms)
		SetupLoadedEditorAssemblies (420ms)
			LogAssemblyErrors (0ms)
			InitializePlatformSupportModulesInManaged (268ms)
			SetLoadedEditorAssemblies (4ms)
			RefreshPlugins (0ms)
			BeforeProcessingInitializeOnLoad (2ms)
			ProcessInitializeOnLoadAttributes (105ms)
			ProcessInitializeOnLoadMethodAttributes (41ms)
			AfterProcessingInitializeOnLoad (0ms)
			EditorAssembliesLoaded (0ms)
		ExecutionOrderSort2 (0ms)
		AwakeInstancesAfterBackupRestoration (0ms)
========================================================================
Worker process is ready to serve import requests
Begin MonoManager ReloadAssembly
- Loaded All Assemblies, in  0.599 seconds
Refreshing native plugins compatible for Editor in 2.32 ms, found 4 plugins.
Native extension for UWP target not found
Native extension for WindowsStandalone target not found
Native extension for Android target not found
Native extension for WebGL target not found
Package Manager log level set to [2]
[Package Manager] Server::EnsureServerProcessIsRunning -- launch failed, reason: Unity was launched with the -noUpm command-line argument
[Package Manager] UpmClient::Send -- Unable to send message (not connected to UPM process).
[Package Manager] Cannot connect to Unity Package Manager local server
Mono: successfully reloaded assembly
- Finished resetting the current domain, in  0.606 seconds
Domain Reload Profiling: 1203ms
	BeginReloadAssembly (140ms)
		ExecutionOrderSort (0ms)
		DisableScriptedObjects (5ms)
		BackupInstance (0ms)
		ReleaseScriptingObjects (0ms)
		CreateAndSetChildDomain (23ms)
	RebuildCommonClasses (32ms)
	RebuildNativeTypeToScriptingClass (11ms)
	initialDomainReloadingComplete (40ms)
	LoadAllAssembliesAndSetupDomain (374ms)
		LoadAssemblies (273ms)
		RebuildTransferFunctionScriptingTraits (0ms)
		AnalyzeDomain (181ms)
			TypeCache.Refresh (153ms)
				TypeCache.ScanAssembly (136ms)
			ScanForSourceGeneratedMonoScriptInfo (21ms)
			ResolveRequiredComponents (6ms)
	FinalizeReload (606ms)
		ReleaseScriptCaches (0ms)
		RebuildScriptCaches (0ms)
		SetupLoadedEditorAssemblies (456ms)
			LogAssemblyErrors (0ms)
			InitializePlatformSupportModulesInManaged (27ms)
			SetLoadedEditorAssemblies (3ms)
			RefreshPlugins (0ms)
			BeforeProcessingInitializeOnLoad (67ms)
			ProcessInitializeOnLoadAttributes (317ms)
			ProcessInitializeOnLoadMethodAttributes (34ms)
			AfterProcessingInitializeOnLoad (9ms)
			EditorAssembliesLoaded (0ms)
		ExecutionOrderSort2 (0ms)
		AwakeInstancesAfterBackupRestoration (5ms)
Launched and connected shader compiler UnityShaderCompiler.exe after 0.03 seconds
Refreshing native plugins compatible for Editor in 2.30 ms, found 4 plugins.
Preloading 0 native plugins for Editor in 0.00 ms.
Unloading 4206 Unused Serialized files (Serialized files now loaded: 0)
Unloading 77 unused Assets / (135.5 KB). Loaded Objects now: 4671.
Memory consumption went from 154.2 MB to 154.0 MB.
Total: 3.552900 ms (FindLiveObjects: 0.311300 ms CreateObjectMapping: 0.227000 ms MarkObjects: 2.882900 ms  DeleteObjects: 0.130900 ms)

AssetImportParameters requested are different than current active one (requested -> active):
  custom:container-demuxer-ogg: 62fdf1f143b41e24485cea50d1cbac27 -> 
  custom:video-decoder-ogg-theora: a1e56fd34408186e4bbccfd4996cb3dc -> 
  custom:framework-win-MediaFoundation: 216162199b28c13a410421893ffa2e32 -> 
  custom:CustomObjectIndexerAttribute: 6d391050e5a25f67b0a2c618074f2cd9 -> 
  custom:container-demuxer-webm: 4f35f7cbe854078d1ac9338744f61a02 -> 
  custom:container-muxer-webm: aa71ff27fc2769a1b78a27578f13a17b -> 
  custom:video-decoder-webm-vp8: 9c59270c3fd7afecdb556c50c9e8de78 -> 
  custom:SearchIndexIgnoredProperties: e643bd26f0fe6173181afceb89e7c659 -> 
  custom:AudioImporter_EditorPlatform: d09bf68614088b80899f8185d706f6e7 -> 
  custom:video-encoder-webm-vp8: eb34c28f22e8b96e1ab97ce403110664 -> 
  custom:audio-decoder-ogg-vorbis: bf7c407c2cedff20999df2af8eb42d56 -> 
  custom:audio-encoder-webm-vorbis: bf7c407c2cedff20999df2af8eb42d56 -> 
========================================================================
Received Import Request.
  Time since last request: 5846.184184 seconds.
  path: Assets/Imagenes/Fondos/fondo 1/plantas/planta_3.png
  artifactKey: Guid(36a09c3958235fb4c8f6975710fa6a2d) Importer(815301076,1909f56bfc062723c751e8b465ee728b)
Start importing Assets/Imagenes/Fondos/fondo 1/plantas/planta_3.png using Guid(36a09c3958235fb4c8f6975710fa6a2d) Importer(815301076,1909f56bfc062723c751e8b465ee728b)  -> (artifact id: 'b054e9382fbb6a62cbdda288a3bc0ac2') in 0.097424 seconds
Number of updated asset objects reloaded before import = 0
Number of asset objects unloaded after import = 3
========================================================================
Received Import Request.
  Time since last request: 163.411685 seconds.
  path: Assets/Imagenes/Paletas/agua arriba.asset
  artifactKey: Guid(f49ab45e1096d35488d9f13baf019fc3) Importer(815301076,1909f56bfc062723c751e8b465ee728b)
Start importing Assets/Imagenes/Paletas/agua arriba.asset using Guid(f49ab45e1096d35488d9f13baf019fc3) Importer(815301076,1909f56bfc062723c751e8b465ee728b)  -> (artifact id: '1ac499d501593fe595f540234fa6eae7') in 0.004992 seconds
Number of updated asset objects reloaded before import = 0
Number of asset objects unloaded after import = 1
========================================================================
Received Import Request.
  Time since last request: 0.000063 seconds.
  path: Assets/Imagenes/Paletas/BloqueEsquinaInferiorIzquierda.asset
  artifactKey: Guid(d9366d34e5b5eec4380e9f21c17f8fd7) Importer(815301076,1909f56bfc062723c751e8b465ee728b)
Start importing Assets/Imagenes/Paletas/BloqueEsquinaInferiorIzquierda.asset using Guid(d9366d34e5b5eec4380e9f21c17f8fd7) Importer(815301076,1909f56bfc062723c751e8b465ee728b)  -> (artifact id: 'fc4a54a8e84038f1a469aaca0cbd45cd') in 0.024141 seconds
Number of updated asset objects reloaded before import = 0
Number of asset objects unloaded after import = 3
========================================================================
Received Import Request.
  Time since last request: 0.000019 seconds.
  path: Assets/Imagenes/Paletas/Manzana.asset
  artifactKey: Guid(0f844c67147f70b4382f668f77037741) Importer(815301076,1909f56bfc062723c751e8b465ee728b)
Start importing Assets/Imagenes/Paletas/Manzana.asset using Guid(0f844c67147f70b4382f668f77037741) Importer(815301076,1909f56bfc062723c751e8b465ee728b)  -> (artifact id: 'cb7910d0e5bcd39f0392f5ede59de5aa') in 0.005972 seconds
Number of updated asset objects reloaded before import = 0
Number of asset objects unloaded after import = 3
========================================================================
Received Import Request.
  Time since last request: 0.000014 seconds.
  path: Assets/Imagenes/Paletas/nature_environment_01_1.asset
  artifactKey: Guid(229dcbc5f1b6c7b4f810f2210feed09d) Importer(815301076,1909f56bfc062723c751e8b465ee728b)
Start importing Assets/Imagenes/Paletas/nature_environment_01_1.asset using Guid(229dcbc5f1b6c7b4f810f2210feed09d) Importer(815301076,1909f56bfc062723c751e8b465ee728b)  -> (artifact id: 'de129b5d7a67f109bb1c8488b18fd3ed') in 0.001678 seconds
Number of updated asset objects reloaded before import = 0
Number of asset objects unloaded after import = 1
========================================================================
Received Import Request.
  Time since last request: 0.000021 seconds.
  path: Assets/Imagenes/Paletas/nature_environment_01_2.asset
  artifactKey: Guid(805ad7b359153554e8bfc5c3bbeb07ad) Importer(815301076,1909f56bfc062723c751e8b465ee728b)
Start importing Assets/Imagenes/Paletas/nature_environment_01_2.asset using Guid(805ad7b359153554e8bfc5c3bbeb07ad) Importer(815301076,1909f56bfc062723c751e8b465ee728b)  -> (artifact id: '2d11afd8ea307237cf163bba7aa7983a') in 0.001593 seconds
Number of updated asset objects reloaded before import = 0
Number of asset objects unloaded after import = 1
========================================================================
Received Import Request.
  Time since last request: 0.019516 seconds.
  path: Assets/Imagenes/Paletas/nature_environment_01_4.asset
  artifactKey: Guid(a041ef249a3461c478f86dd24d15f913) Importer(815301076,1909f56bfc062723c751e8b465ee728b)
Start importing Assets/Imagenes/Paletas/nature_environment_01_4.asset using Guid(a041ef249a3461c478f86dd24d15f913) Importer(815301076,1909f56bfc062723c751e8b465ee728b)  -> (artifact id: '40754f232cef6cc2899950289a5686bf') in 0.001640 seconds
Number of updated asset objects reloaded before import = 0
Number of asset objects unloaded after import = 1
========================================================================
Received Import Request.
  Time since last request: 0.042020 seconds.
  path: Assets/Imagenes/Paletas/nature_environment_01_10.asset
  artifactKey: Guid(bc43a0492f049284cbfe45fb3921e652) Importer(815301076,1909f56bfc062723c751e8b465ee728b)
Start importing Assets/Imagenes/Paletas/nature_environment_01_10.asset using Guid(bc43a0492f049284cbfe45fb3921e652) Importer(815301076,1909f56bfc062723c751e8b465ee728b)  -> (artifact id: 'b3ce85756e5fa531002cf4df42c1d275') in 0.001621 seconds
Number of updated asset objects reloaded before import = 0
Number of asset objects unloaded after import = 1
========================================================================
Received Import Request.
  Time since last request: 0.013247 seconds.
  path: Assets/Imagenes/Paletas/nature_environment_01_14.asset
  artifactKey: Guid(d006bd76e00a3ef4187e80448219666e) Importer(815301076,1909f56bfc062723c751e8b465ee728b)
Start importing Assets/Imagenes/Paletas/nature_environment_01_14.asset using Guid(d006bd76e00a3ef4187e80448219666e) Importer(815301076,1909f56bfc062723c751e8b465ee728b)  -> (artifact id: 'a089c5b7884f1cea84c0230089c2cf16') in 0.001632 seconds
Number of updated asset objects reloaded before import = 0
Number of asset objects unloaded after import = 1
========================================================================
Received Import Request.
  Time since last request: 0.000012 seconds.
  path: Assets/Imagenes/Paletas/nature_environment_01_16.asset
  artifactKey: Guid(79b531cf3ca68f4499a33c8dd9825984) Importer(815301076,1909f56bfc062723c751e8b465ee728b)
Start importing Assets/Imagenes/Paletas/nature_environment_01_16.asset using Guid(79b531cf3ca68f4499a33c8dd9825984) Importer(815301076,1909f56bfc062723c751e8b465ee728b)  -> (artifact id: '7c28f3c843ace90162a7f1e0daece28e') in 0.001600 seconds
Number of updated asset objects reloaded before import = 0
Number of asset objects unloaded after import = 1
========================================================================
Received Import Request.
  Time since last request: 2.532145 seconds.
  path: Assets/Imagenes/Paletas/nature_environment_01_18.asset
  artifactKey: Guid(cf07a813d7af40d409833a3aaffe76fe) Importer(815301076,1909f56bfc062723c751e8b465ee728b)
Start importing Assets/Imagenes/Paletas/nature_environment_01_18.asset using Guid(cf07a813d7af40d409833a3aaffe76fe) Importer(815301076,1909f56bfc062723c751e8b465ee728b)  -> (artifact id: '144b9c5da232467c159df5e8da5921d0') in 0.002206 seconds
Number of updated asset objects reloaded before import = 0
Number of asset objects unloaded after import = 1
========================================================================
Received Import Request.
  Time since last request: 0.000025 seconds.
  path: Assets/Imagenes/Paletas/nature_environment_01_20.asset
  artifactKey: Guid(a1b440a805b4dc34a9919f7ee3b59e2b) Importer(815301076,1909f56bfc062723c751e8b465ee728b)
Start importing Assets/Imagenes/Paletas/nature_environment_01_20.asset using Guid(a1b440a805b4dc34a9919f7ee3b59e2b) Importer(815301076,1909f56bfc062723c751e8b465ee728b)  -> (artifact id: '0e848ef99e58307ceecfea1e345e8a4b') in 0.002249 seconds
Number of updated asset objects reloaded before import = 0
Number of asset objects unloaded after import = 1
========================================================================
Received Import Request.
  Time since last request: 0.041314 seconds.
  path: Assets/Imagenes/Paletas/nature_environment_01_22.asset
  artifactKey: Guid(ea731ebd6518e9443ac202d2e7937f4a) Importer(815301076,1909f56bfc062723c751e8b465ee728b)
Start importing Assets/Imagenes/Paletas/nature_environment_01_22.asset using Guid(ea731ebd6518e9443ac202d2e7937f4a) Importer(815301076,1909f56bfc062723c751e8b465ee728b)  -> (artifact id: '43eeeb070ef6f4428e216d46c015f8a0') in 0.001987 seconds
Number of updated asset objects reloaded before import = 0
Number of asset objects unloaded after import = 1
========================================================================
Received Import Request.
  Time since last request: 0.000015 seconds.
  path: Assets/Imagenes/Paletas/nature_environment_01_23.asset
  artifactKey: Guid(d5e3b4f08137ccb4fb3c6c9120a12961) Importer(815301076,1909f56bfc062723c751e8b465ee728b)
Start importing Assets/Imagenes/Paletas/nature_environment_01_23.asset using Guid(d5e3b4f08137ccb4fb3c6c9120a12961) Importer(815301076,1909f56bfc062723c751e8b465ee728b)  -> (artifact id: '8d3b715a7ebcef64861383e1a02fd2df') in 0.001957 seconds
Number of updated asset objects reloaded before import = 0
Number of asset objects unloaded after import = 1
========================================================================
Received Import Request.
  Time since last request: 0.027018 seconds.
  path: Assets/Imagenes/Paletas/nature_environment_01_26.asset
  artifactKey: Guid(d393dca54f7875b478dfa46ba3328117) Importer(815301076,1909f56bfc062723c751e8b465ee728b)
Start importing Assets/Imagenes/Paletas/nature_environment_01_26.asset using Guid(d393dca54f7875b478dfa46ba3328117) Importer(815301076,1909f56bfc062723c751e8b465ee728b)  -> (artifact id: '71ee12a8b8b5b80442792d7e06171c2b') in 0.002194 seconds
Number of updated asset objects reloaded before import = 0
Number of asset objects unloaded after import = 1
========================================================================
Received Import Request.
  Time since last request: 0.000018 seconds.
  path: Assets/Imagenes/Paletas/nature_environment_01_28.asset
  artifactKey: Guid(8d843781d17aef34f9fa0470d0a6d827) Importer(815301076,1909f56bfc062723c751e8b465ee728b)
Start importing Assets/Imagenes/Paletas/nature_environment_01_28.asset using Guid(8d843781d17aef34f9fa0470d0a6d827) Importer(815301076,1909f56bfc062723c751e8b465ee728b)  -> (artifact id: 'd5ef26e9c1e1747a739ad5fb9c90936b') in 0.001815 seconds
Number of updated asset objects reloaded before import = 0
Number of asset objects unloaded after import = 1
========================================================================
Received Import Request.
  Time since last request: 0.382330 seconds.
  path: Assets/Imagenes/Paletas/nature_environment_01_30.asset
  artifactKey: Guid(a71c3888d93562f489d7e96bf8349f40) Importer(815301076,1909f56bfc062723c751e8b465ee728b)
Start importing Assets/Imagenes/Paletas/nature_environment_01_30.asset using Guid(a71c3888d93562f489d7e96bf8349f40) Importer(815301076,1909f56bfc062723c751e8b465ee728b)  -> (artifact id: '8b7288f0829cbe5f59b3abe67c0d8a3d') in 0.001877 seconds
Number of updated asset objects reloaded before import = 0
Number of asset objects unloaded after import = 1
========================================================================
Received Import Request.
  Time since last request: 0.000011 seconds.
  path: Assets/Imagenes/Paletas/nature_environment_01_32.asset
  artifactKey: Guid(ee6e2dcdfbdc905429e8f8f1d53ffcdd) Importer(815301076,1909f56bfc062723c751e8b465ee728b)
Start importing Assets/Imagenes/Paletas/nature_environment_01_32.asset using Guid(ee6e2dcdfbdc905429e8f8f1d53ffcdd) Importer(815301076,1909f56bfc062723c751e8b465ee728b)  -> (artifact id: '354ca4028622bbe41fb6e96d89d4a175') in 0.001992 seconds
Number of updated asset objects reloaded before import = 0
Number of asset objects unloaded after import = 1
========================================================================
Received Import Request.
  Time since last request: 0.035563 seconds.
  path: Assets/Imagenes/Paletas/nature_environment_01_34.asset
  artifactKey: Guid(3bd3a92459a83fc4883d068c762d9246) Importer(815301076,1909f56bfc062723c751e8b465ee728b)
Start importing Assets/Imagenes/Paletas/nature_environment_01_34.asset using Guid(3bd3a92459a83fc4883d068c762d9246) Importer(815301076,1909f56bfc062723c751e8b465ee728b)  -> (artifact id: 'b08ac5ebffae88068a8cec6a78ec084f') in 0.001778 seconds
Number of updated asset objects reloaded before import = 0
Number of asset objects unloaded after import = 1
========================================================================
Received Import Request.
  Time since last request: 0.043470 seconds.
  path: Assets/Imagenes/Paletas/nature_environment_01_39.asset
  artifactKey: Guid(919ef037810a2fb4083df1bd6e9df5fc) Importer(815301076,1909f56bfc062723c751e8b465ee728b)
Start importing Assets/Imagenes/Paletas/nature_environment_01_39.asset using Guid(919ef037810a2fb4083df1bd6e9df5fc) Importer(815301076,1909f56bfc062723c751e8b465ee728b)  -> (artifact id: 'cfd5caa38d60e3f0a9599c7bbbd07cdb') in 0.001882 seconds
Number of updated asset objects reloaded before import = 0
Number of asset objects unloaded after import = 1
========================================================================
Received Import Request.
  Time since last request: 0.008904 seconds.
  path: Assets/Imagenes/Paletas/nature_environment_01_42.asset
  artifactKey: Guid(2020ff4161cc1644a8cca597070e3b7e) Importer(815301076,1909f56bfc062723c751e8b465ee728b)
Start importing Assets/Imagenes/Paletas/nature_environment_01_42.asset using Guid(2020ff4161cc1644a8cca597070e3b7e) Importer(815301076,1909f56bfc062723c751e8b465ee728b)  -> (artifact id: 'ae32024fe952a47ca170cd7ed170e1d7') in 0.001959 seconds
Number of updated asset objects reloaded before import = 0
Number of asset objects unloaded after import = 1
========================================================================
Received Import Request.
  Time since last request: 0.000028 seconds.
  path: Assets/Imagenes/Paletas/nature_environment_01_43.asset
  artifactKey: Guid(190b2372217b5fc49b7f9b599a57e245) Importer(815301076,1909f56bfc062723c751e8b465ee728b)
Start importing Assets/Imagenes/Paletas/nature_environment_01_43.asset using Guid(190b2372217b5fc49b7f9b599a57e245) Importer(815301076,1909f56bfc062723c751e8b465ee728b)  -> (artifact id: 'c98be2bfea89b5b4e2890122aada83f9') in 0.002938 seconds
Number of updated asset objects reloaded before import = 0
Number of asset objects unloaded after import = 1
========================================================================
Received Import Request.
  Time since last request: 0.023638 seconds.
  path: Assets/Imagenes/Paletas/nature_environment_01_46.asset
  artifactKey: Guid(dde6d12c75506ff4aa0555f0b7533764) Importer(815301076,1909f56bfc062723c751e8b465ee728b)
Start importing Assets/Imagenes/Paletas/nature_environment_01_46.asset using Guid(dde6d12c75506ff4aa0555f0b7533764) Importer(815301076,1909f56bfc062723c751e8b465ee728b)  -> (artifact id: 'aa1e293c92ae80ef56dcc2cc2790a569') in 0.002099 seconds
Number of updated asset objects reloaded before import = 0
Number of asset objects unloaded after import = 1
========================================================================
Received Import Request.
  Time since last request: 0.000016 seconds.
  path: Assets/Imagenes/Paletas/nature_environment_01_48.asset
  artifactKey: Guid(8c262d4db447df54f9ba54ef05240a8a) Importer(815301076,1909f56bfc062723c751e8b465ee728b)
Start importing Assets/Imagenes/Paletas/nature_environment_01_48.asset using Guid(8c262d4db447df54f9ba54ef05240a8a) Importer(815301076,1909f56bfc062723c751e8b465ee728b)  -> (artifact id: 'd6b3d9eafa2be912c62349ee5d7eefd1') in 0.002070 seconds
Number of updated asset objects reloaded before import = 0
Number of asset objects unloaded after import = 1
========================================================================
Received Import Request.
  Time since last request: 0.010502 seconds.
  path: Assets/Imagenes/Paletas/nature_environment_01_50.asset
  artifactKey: Guid(ed1662654d80fa346be9e6604e227888) Importer(815301076,1909f56bfc062723c751e8b465ee728b)
Start importing Assets/Imagenes/Paletas/nature_environment_01_50.asset using Guid(ed1662654d80fa346be9e6604e227888) Importer(815301076,1909f56bfc062723c751e8b465ee728b)  -> (artifact id: 'd92d53935e0cc8f2a38503cc3d6b3ac6') in 0.001833 seconds
Number of updated asset objects reloaded before import = 0
Number of asset objects unloaded after import = 1
========================================================================
Received Import Request.
  Time since last request: 0.000013 seconds.
  path: Assets/Imagenes/Paletas/nature_environment_01_51.asset
  artifactKey: Guid(54029aeb820b0804f80c538e0e8e5b96) Importer(815301076,1909f56bfc062723c751e8b465ee728b)
Start importing Assets/Imagenes/Paletas/nature_environment_01_51.asset using Guid(54029aeb820b0804f80c538e0e8e5b96) Importer(815301076,1909f56bfc062723c751e8b465ee728b)  -> (artifact id: 'aad5f6e5c8483f6d5df6c096fb0bc71a') in 0.002416 seconds
Number of updated asset objects reloaded before import = 0
Number of asset objects unloaded after import = 1
========================================================================
Received Import Request.
  Time since last request: 0.302433 seconds.
  path: Assets/Imagenes/Paletas/nature_environment_01_55.asset
  artifactKey: Guid(f4fb900d70023034b8b4bee8d36b55ad) Importer(815301076,1909f56bfc062723c751e8b465ee728b)
Start importing Assets/Imagenes/Paletas/nature_environment_01_55.asset using Guid(f4fb900d70023034b8b4bee8d36b55ad) Importer(815301076,1909f56bfc062723c751e8b465ee728b)  -> (artifact id: '5ef26ff6d23bb7e9623b68b25ec886f2') in 0.002261 seconds
Number of updated asset objects reloaded before import = 0
Number of asset objects unloaded after import = 1
========================================================================
Received Import Request.
  Time since last request: 0.030533 seconds.
  path: Assets/Imagenes/Paletas/nature_environment_01_58.asset
  artifactKey: Guid(ebd21c6d3350c3f4f955d707fbf99d15) Importer(815301076,1909f56bfc062723c751e8b465ee728b)
Start importing Assets/Imagenes/Paletas/nature_environment_01_58.asset using Guid(ebd21c6d3350c3f4f955d707fbf99d15) Importer(815301076,1909f56bfc062723c751e8b465ee728b)  -> (artifact id: '2bc9742474ebb2d3216ea5016de8d198') in 0.002136 seconds
Number of updated asset objects reloaded before import = 0
Number of asset objects unloaded after import = 1
========================================================================
Received Import Request.
  Time since last request: 0.011300 seconds.
  path: Assets/Imagenes/Paletas/nature_environment_01_63.asset
  artifactKey: Guid(ab392004387d1fe4f910f57187314642) Importer(815301076,1909f56bfc062723c751e8b465ee728b)
Start importing Assets/Imagenes/Paletas/nature_environment_01_63.asset using Guid(ab392004387d1fe4f910f57187314642) Importer(815301076,1909f56bfc062723c751e8b465ee728b)  -> (artifact id: '0f436fc5d7991f10bd4acfdc3d7706c7') in 0.002905 seconds
Number of updated asset objects reloaded before import = 0
Number of asset objects unloaded after import = 1
========================================================================
Received Import Request.
  Time since last request: 0.011076 seconds.
  path: Assets/Imagenes/Paletas/nature_environment_01_67.asset
  artifactKey: Guid(e2fe8606f28d7374cad3fa6e32a954bd) Importer(815301076,1909f56bfc062723c751e8b465ee728b)
Start importing Assets/Imagenes/Paletas/nature_environment_01_67.asset using Guid(e2fe8606f28d7374cad3fa6e32a954bd) Importer(815301076,1909f56bfc062723c751e8b465ee728b)  -> (artifact id: '9f63d530a6934493085a461bb7ed6631') in 0.002517 seconds
Number of updated asset objects reloaded before import = 0
Number of asset objects unloaded after import = 1
========================================================================
Received Import Request.
  Time since last request: 0.023672 seconds.
  path: Assets/Imagenes/Paletas/nature_environment_01_71.asset
  artifactKey: Guid(a08ec99c99f6b7a4aa51aac9c2f0f8d8) Importer(815301076,1909f56bfc062723c751e8b465ee728b)
Start importing Assets/Imagenes/Paletas/nature_environment_01_71.asset using Guid(a08ec99c99f6b7a4aa51aac9c2f0f8d8) Importer(815301076,1909f56bfc062723c751e8b465ee728b)  -> (artifact id: '80c80e276ed5f41035f1a75ccf8f2aed') in 0.001986 seconds
Number of updated asset objects reloaded before import = 0
Number of asset objects unloaded after import = 1
========================================================================
Received Import Request.
  Time since last request: 3.559299 seconds.
  path: Assets/Imagenes/Paletas/Tileset/tileset-sliced.png
  artifactKey: Guid(261212b977f594d5dbc48631a5c1295c) Importer(815301076,1909f56bfc062723c751e8b465ee728b)
Start importing Assets/Imagenes/Paletas/Tileset/tileset-sliced.png using Guid(261212b977f594d5dbc48631a5c1295c) Importer(815301076,1909f56bfc062723c751e8b465ee728b)  -> (artifact id: '26caff13cbd6c405fb24cf06ba36950f') in 0.200820 seconds
Number of updated asset objects reloaded before import = 0
Number of asset objects unloaded after import = 130
========================================================================
Received Import Request.
  Time since last request: 0.000023 seconds.
  path: Assets/Imagenes/Paletas/Tileset/tileset-sliced_20.asset
  artifactKey: Guid(bf52b14d19901034bbb8f9bc58d03e32) Importer(815301076,1909f56bfc062723c751e8b465ee728b)
Start importing Assets/Imagenes/Paletas/Tileset/tileset-sliced_20.asset using Guid(bf52b14d19901034bbb8f9bc58d03e32) Importer(815301076,1909f56bfc062723c751e8b465ee728b)  -> (artifact id: 'b85f6a4db027c52b442c665a4940381d') in 0.012371 seconds
Number of updated asset objects reloaded before import = 0
Number of asset objects unloaded after import = 3
========================================================================
Received Import Request.
  Time since last request: 0.000036 seconds.
  path: Assets/Imagenes/Paletas/Tileset/tileset-sliced_21.asset
  artifactKey: Guid(b02df6a39c3c60445993c5f9235b37e3) Importer(815301076,1909f56bfc062723c751e8b465ee728b)
Start importing Assets/Imagenes/Paletas/Tileset/tileset-sliced_21.asset using Guid(b02df6a39c3c60445993c5f9235b37e3) Importer(815301076,1909f56bfc062723c751e8b465ee728b)  -> (artifact id: '2b42a939b4ddcffe1535f370d6a87832') in 0.011475 seconds
Number of updated asset objects reloaded before import = 0
Number of asset objects unloaded after import = 3
========================================================================
Received Import Request.
  Time since last request: 0.000035 seconds.
  path: Assets/Imagenes/Paletas/Tileset/tileset-sliced_15.asset
  artifactKey: Guid(32661da8ce8dd3644bc6468732fc6bf5) Importer(815301076,1909f56bfc062723c751e8b465ee728b)
Start importing Assets/Imagenes/Paletas/Tileset/tileset-sliced_15.asset using Guid(32661da8ce8dd3644bc6468732fc6bf5) Importer(815301076,1909f56bfc062723c751e8b465ee728b)  -> (artifact id: '5e8d5fb3c7fa432fcc71b38aacff6107') in 0.008209 seconds
Number of updated asset objects reloaded before import = 0
Number of asset objects unloaded after import = 3
========================================================================
Received Import Request.
  Time since last request: 0.000013 seconds.
  path: Assets/Imagenes/Paletas/Tileset/tileset-sliced_10.asset
  artifactKey: Guid(5fea5f896fa49674389d58add967afa9) Importer(815301076,1909f56bfc062723c751e8b465ee728b)
Start importing Assets/Imagenes/Paletas/Tileset/tileset-sliced_10.asset using Guid(5fea5f896fa49674389d58add967afa9) Importer(815301076,1909f56bfc062723c751e8b465ee728b)  -> (artifact id: 'ec50a7c7ee93a83dc54c33dccf22a4f9') in 0.008506 seconds
Number of updated asset objects reloaded before import = 0
Number of asset objects unloaded after import = 3
========================================================================
Received Import Request.
  Time since last request: 0.000020 seconds.
  path: Assets/Imagenes/Paletas/Tileset/tileset-sliced_4.asset
  artifactKey: Guid(54b92458ba807204c9bec304cecbc5f8) Importer(815301076,1909f56bfc062723c751e8b465ee728b)
Start importing Assets/Imagenes/Paletas/Tileset/tileset-sliced_4.asset using Guid(54b92458ba807204c9bec304cecbc5f8) Importer(815301076,1909f56bfc062723c751e8b465ee728b)  -> (artifact id: 'e6a3bde0569cc2d9b30e7f5c220acc56') in 0.021760 seconds
Number of updated asset objects reloaded before import = 0
Number of asset objects unloaded after import = 3
========================================================================
Received Import Request.
  Time since last request: 0.000012 seconds.
  path: Assets/Imagenes/Paletas/Tileset/tileset-sliced_3.asset
  artifactKey: Guid(a0b280c02cbfffe4084f4722ed26afcc) Importer(815301076,1909f56bfc062723c751e8b465ee728b)
Start importing Assets/Imagenes/Paletas/Tileset/tileset-sliced_3.asset using Guid(a0b280c02cbfffe4084f4722ed26afcc) Importer(815301076,1909f56bfc062723c751e8b465ee728b)  -> (artifact id: 'e931a9205bb5e86cc86aef2948fdb3de') in 0.005616 seconds
Number of updated asset objects reloaded before import = 0
Number of asset objects unloaded after import = 3
========================================================================
Received Import Request.
  Time since last request: 0.000016 seconds.
  path: Assets/Imagenes/Paletas/Tileset/tileset-sliced_0.asset
  artifactKey: Guid(bb3520a55781a954abe89b92bcdc313f) Importer(815301076,1909f56bfc062723c751e8b465ee728b)
Start importing Assets/Imagenes/Paletas/Tileset/tileset-sliced_0.asset using Guid(bb3520a55781a954abe89b92bcdc313f) Importer(815301076,1909f56bfc062723c751e8b465ee728b)  -> (artifact id: 'ac5c2728fcec98c7ec7dbfc31a110b0e') in 0.007122 seconds
Number of updated asset objects reloaded before import = 0
Number of asset objects unloaded after import = 3
========================================================================
Received Import Request.
  Time since last request: 0.000026 seconds.
  path: Assets/Imagenes/Paletas/Tileset/tileset-sliced_16.asset
  artifactKey: Guid(5248c970fd9211546bd3464de6f3c51c) Importer(815301076,1909f56bfc062723c751e8b465ee728b)
Start importing Assets/Imagenes/Paletas/Tileset/tileset-sliced_16.asset using Guid(5248c970fd9211546bd3464de6f3c51c) Importer(815301076,1909f56bfc062723c751e8b465ee728b)  -> (artifact id: '43a5f2d30946d36a66206bf30f113236') in 0.005807 seconds
Number of updated asset objects reloaded before import = 0
Number of asset objects unloaded after import = 3
========================================================================
Received Import Request.
  Time since last request: 0.000015 seconds.
  path: Assets/Imagenes/Paletas/Tileset/tileset-sliced_7.asset
  artifactKey: Guid(b7f23a79dfd6b104593150a2da274ec8) Importer(815301076,1909f56bfc062723c751e8b465ee728b)
Start importing Assets/Imagenes/Paletas/Tileset/tileset-sliced_7.asset using Guid(b7f23a79dfd6b104593150a2da274ec8) Importer(815301076,1909f56bfc062723c751e8b465ee728b)  -> (artifact id: '4e6a3c31a4339dc2a8c06181342dd334') in 0.011465 seconds
Number of updated asset objects reloaded before import = 0
Number of asset objects unloaded after import = 3
========================================================================
Received Import Request.
  Time since last request: 2.308720 seconds.
  path: Assets/Imagenes/Paletas/Tileset/tileset-sliced_24.asset
  artifactKey: Guid(c541c54721a16c2469f4cc6e8d48c303) Importer(815301076,1909f56bfc062723c751e8b465ee728b)
Start importing Assets/Imagenes/Paletas/Tileset/tileset-sliced_24.asset using Guid(c541c54721a16c2469f4cc6e8d48c303) Importer(815301076,1909f56bfc062723c751e8b465ee728b)  -> (artifact id: 'c8c768184ff4a47936710a1cac93fd0b') in 0.005760 seconds
Number of updated asset objects reloaded before import = 0
Number of asset objects unloaded after import = 3
========================================================================
Received Import Request.
  Time since last request: 0.043256 seconds.
  path: Assets/Imagenes/Paletas/Tileset/tileset-sliced_28.asset
  artifactKey: Guid(6b437b4fa0d0f4648b4f687cf539ab76) Importer(815301076,1909f56bfc062723c751e8b465ee728b)
Start importing Assets/Imagenes/Paletas/Tileset/tileset-sliced_28.asset using Guid(6b437b4fa0d0f4648b4f687cf539ab76) Importer(815301076,1909f56bfc062723c751e8b465ee728b)  -> (artifact id: 'ff86b574ff280cab6fb35743becdc054') in 0.005714 seconds
Number of updated asset objects reloaded before import = 0
Number of asset objects unloaded after import = 3
========================================================================
Received Import Request.
  Time since last request: 0.021513 seconds.
  path: Assets/Imagenes/Paletas/Tileset/tileset-sliced_32.asset
  artifactKey: Guid(cae9a8360392bfd49b13e8cbe579bf85) Importer(815301076,1909f56bfc062723c751e8b465ee728b)
Start importing Assets/Imagenes/Paletas/Tileset/tileset-sliced_32.asset using Guid(cae9a8360392bfd49b13e8cbe579bf85) Importer(815301076,1909f56bfc062723c751e8b465ee728b)  -> (artifact id: '96a0f5d8b2e596e14f9dfc1cf08c7459') in 0.006387 seconds
Number of updated asset objects reloaded before import = 0
Number of asset objects unloaded after import = 3
========================================================================
Received Import Request.
  Time since last request: 0.028716 seconds.
  path: Assets/Imagenes/Paletas/Tileset/tileset-sliced_36.asset
  artifactKey: Guid(db4fa6d5e47b2bb4fb72eef721796be1) Importer(815301076,1909f56bfc062723c751e8b465ee728b)
Start importing Assets/Imagenes/Paletas/Tileset/tileset-sliced_36.asset using Guid(db4fa6d5e47b2bb4fb72eef721796be1) Importer(815301076,1909f56bfc062723c751e8b465ee728b)  -> (artifact id: '1d3fcb098829c3b81f7af46deb9faf98') in 0.005528 seconds
Number of updated asset objects reloaded before import = 0
Number of asset objects unloaded after import = 3
========================================================================
Received Import Request.
  Time since last request: 0.027755 seconds.
  path: Assets/Imagenes/Paletas/Tileset/tileset-sliced_40.asset
  artifactKey: Guid(0403385aea9241d4f905978063b5f6fa) Importer(815301076,1909f56bfc062723c751e8b465ee728b)
Start importing Assets/Imagenes/Paletas/Tileset/tileset-sliced_40.asset using Guid(0403385aea9241d4f905978063b5f6fa) Importer(815301076,1909f56bfc062723c751e8b465ee728b)  -> (artifact id: '94bc264cb8ca62a8898fc28c3b7a0277') in 0.005695 seconds
Number of updated asset objects reloaded before import = 0
Number of asset objects unloaded after import = 3
========================================================================
Received Import Request.
  Time since last request: 0.429241 seconds.
  path: Assets/Imagenes/Paletas/Tileset/tileset-sliced_44.asset
  artifactKey: Guid(df5b1426695aee246b7d196f56e559a4) Importer(815301076,1909f56bfc062723c751e8b465ee728b)
Start importing Assets/Imagenes/Paletas/Tileset/tileset-sliced_44.asset using Guid(df5b1426695aee246b7d196f56e559a4) Importer(815301076,1909f56bfc062723c751e8b465ee728b)  -> (artifact id: '54ce2ed02b6886f7dcaa12b7c73dcd2b') in 0.004288 seconds
Number of updated asset objects reloaded before import = 0
Number of asset objects unloaded after import = 3
========================================================================
Received Import Request.
  Time since last request: 0.031527 seconds.
  path: Assets/Imagenes/Paletas/Tileset/tileset-sliced_48.asset
  artifactKey: Guid(e5392e55430188a48bcd79da1a30765d) Importer(815301076,1909f56bfc062723c751e8b465ee728b)
Start importing Assets/Imagenes/Paletas/Tileset/tileset-sliced_48.asset using Guid(e5392e55430188a48bcd79da1a30765d) Importer(815301076,1909f56bfc062723c751e8b465ee728b)  -> (artifact id: '7b43417b084517f7d2dace62fc58e78d') in 0.003849 seconds
Number of updated asset objects reloaded before import = 0
Number of asset objects unloaded after import = 3
========================================================================
Received Import Request.
  Time since last request: 0.023045 seconds.
  path: Assets/Imagenes/Paletas/Tileset/tileset-sliced_52.asset
  artifactKey: Guid(96023b3bfc88ddb4180c75fd62a37ed8) Importer(815301076,1909f56bfc062723c751e8b465ee728b)
Start importing Assets/Imagenes/Paletas/Tileset/tileset-sliced_52.asset using Guid(96023b3bfc88ddb4180c75fd62a37ed8) Importer(815301076,1909f56bfc062723c751e8b465ee728b)  -> (artifact id: 'd58fc0a6c9f4859ffb0be984da0a9cbc') in 0.004771 seconds
Number of updated asset objects reloaded before import = 0
Number of asset objects unloaded after import = 3
========================================================================
Received Import Request.
  Time since last request: 0.003302 seconds.
  path: Assets/Imagenes/Paletas/Tileset/tileset-sliced_55.asset
  artifactKey: Guid(7ae52af6c6ab1f340aa1a4291347c476) Importer(815301076,1909f56bfc062723c751e8b465ee728b)
Start importing Assets/Imagenes/Paletas/Tileset/tileset-sliced_55.asset using Guid(7ae52af6c6ab1f340aa1a4291347c476) Importer(815301076,1909f56bfc062723c751e8b465ee728b)  -> (artifact id: '870f8c65d22de32bdc1349ef4437a06f') in 0.004556 seconds
Number of updated asset objects reloaded before import = 0
Number of asset objects unloaded after import = 3
========================================================================
Received Import Request.
  Time since last request: 0.058094 seconds.
  path: Assets/Imagenes/Paletas/Tileset/tileset-sliced_60.asset
  artifactKey: Guid(5c8b9551abdb8ca489078ff9de589364) Importer(815301076,1909f56bfc062723c751e8b465ee728b)
Start importing Assets/Imagenes/Paletas/Tileset/tileset-sliced_60.asset using Guid(5c8b9551abdb8ca489078ff9de589364) Importer(815301076,1909f56bfc062723c751e8b465ee728b)  -> (artifact id: '89282d97a7afc764dc48214ea58172eb') in 0.003976 seconds
Number of updated asset objects reloaded before import = 0
Number of asset objects unloaded after import = 3
========================================================================
Received Import Request.
  Time since last request: 0.347041 seconds.
  path: Assets/Imagenes/Paletas/Tileset/tileset-sliced_64.asset
  artifactKey: Guid(289e056c352bcc0438d5a175da7cb378) Importer(815301076,1909f56bfc062723c751e8b465ee728b)
Start importing Assets/Imagenes/Paletas/Tileset/tileset-sliced_64.asset using Guid(289e056c352bcc0438d5a175da7cb378) Importer(815301076,1909f56bfc062723c751e8b465ee728b)  -> (artifact id: '21b1753b74072eb017ff1f9e702a16f3') in 0.003779 seconds
Number of updated asset objects reloaded before import = 0
Number of asset objects unloaded after import = 3
========================================================================
Received Import Request.
  Time since last request: 0.025474 seconds.
  path: Assets/Imagenes/Paletas/Tileset/tileset-sliced_68.asset
  artifactKey: Guid(627d8301bf5f71246898586a86120f54) Importer(815301076,1909f56bfc062723c751e8b465ee728b)
Start importing Assets/Imagenes/Paletas/Tileset/tileset-sliced_68.asset using Guid(627d8301bf5f71246898586a86120f54) Importer(815301076,1909f56bfc062723c751e8b465ee728b)  -> (artifact id: '6249f0cdd6385354268ee698fc935f0c') in 0.003987 seconds
Number of updated asset objects reloaded before import = 0
Number of asset objects unloaded after import = 3
========================================================================
Received Import Request.
  Time since last request: 0.003640 seconds.
  path: Assets/Imagenes/Paletas/Tileset/tileset-sliced_71.asset
  artifactKey: Guid(c2b6e1875fa9c10419f6f334f9b8183c) Importer(815301076,1909f56bfc062723c751e8b465ee728b)
Start importing Assets/Imagenes/Paletas/Tileset/tileset-sliced_71.asset using Guid(c2b6e1875fa9c10419f6f334f9b8183c) Importer(815301076,1909f56bfc062723c751e8b465ee728b)  -> (artifact id: 'a6a467dd1b258158e01bf48703869680') in 0.005510 seconds
Number of updated asset objects reloaded before import = 0
Number of asset objects unloaded after import = 3
========================================================================
Received Import Request.
  Time since last request: 0.019725 seconds.
  path: Assets/Imagenes/Paletas/Tileset/tileset-sliced_76.asset
  artifactKey: Guid(b7a237a064cdb1745bccdc2a214306d1) Importer(815301076,1909f56bfc062723c751e8b465ee728b)
Start importing Assets/Imagenes/Paletas/Tileset/tileset-sliced_76.asset using Guid(b7a237a064cdb1745bccdc2a214306d1) Importer(815301076,1909f56bfc062723c751e8b465ee728b)  -> (artifact id: '7d787e508bd05c31bef68fd9f9ba90eb') in 0.004096 seconds
Number of updated asset objects reloaded before import = 0
Number of asset objects unloaded after import = 3
========================================================================
Received Import Request.
  Time since last request: 0.323304 seconds.
  path: Assets/Imagenes/Paletas/Tileset/tileset-sliced_80.asset
  artifactKey: Guid(8ae3a87a378d25c41b1bd3099d07ad4b) Importer(815301076,1909f56bfc062723c751e8b465ee728b)
Start importing Assets/Imagenes/Paletas/Tileset/tileset-sliced_80.asset using Guid(8ae3a87a378d25c41b1bd3099d07ad4b) Importer(815301076,1909f56bfc062723c751e8b465ee728b)  -> (artifact id: '392b2dce90f9b6d59e8294566994949a') in 0.004675 seconds
Number of updated asset objects reloaded before import = 0
Number of asset objects unloaded after import = 3
========================================================================
Received Import Request.
  Time since last request: 0.032164 seconds.
  path: Assets/Imagenes/Paletas/Tileset/tileset-sliced_84.asset
  artifactKey: Guid(d9c9fcf3b53de8e4f993609cdac7c322) Importer(815301076,1909f56bfc062723c751e8b465ee728b)
Start importing Assets/Imagenes/Paletas/Tileset/tileset-sliced_84.asset using Guid(d9c9fcf3b53de8e4f993609cdac7c322) Importer(815301076,1909f56bfc062723c751e8b465ee728b)  -> (artifact id: 'a00fa5e5ee4b5bff2f0fdb6cfb476b9b') in 0.004369 seconds
Number of updated asset objects reloaded before import = 0
Number of asset objects unloaded after import = 3
========================================================================
Received Import Request.
  Time since last request: 0.019457 seconds.
  path: Assets/Imagenes/Paletas/Tileset/tileset-sliced_88.asset
  artifactKey: Guid(7197e56390a633d4ca0dab4b43f1b762) Importer(815301076,1909f56bfc062723c751e8b465ee728b)
Start importing Assets/Imagenes/Paletas/Tileset/tileset-sliced_88.asset using Guid(7197e56390a633d4ca0dab4b43f1b762) Importer(815301076,1909f56bfc062723c751e8b465ee728b)  -> (artifact id: 'a04c0d60c1ef77604afc60af772bc7d4') in 0.004117 seconds
Number of updated asset objects reloaded before import = 0
Number of asset objects unloaded after import = 3
========================================================================
Received Import Request.
  Time since last request: 0.014865 seconds.
  path: Assets/Imagenes/Paletas/Tileset/tileset-sliced_92.asset
  artifactKey: Guid(d5c3eb2696d74f344bc815a43c1b6ba1) Importer(815301076,1909f56bfc062723c751e8b465ee728b)
Start importing Assets/Imagenes/Paletas/Tileset/tileset-sliced_92.asset using Guid(d5c3eb2696d74f344bc815a43c1b6ba1) Importer(815301076,1909f56bfc062723c751e8b465ee728b)  -> (artifact id: '06f80038755dca1ea4893967fe4bbe9a') in 0.006330 seconds
Number of updated asset objects reloaded before import = 0
Number of asset objects unloaded after import = 3
========================================================================
Received Import Request.
  Time since last request: 0.013572 seconds.
  path: Assets/Imagenes/Paletas/Tileset/tileset-sliced_96.asset
  artifactKey: Guid(2da0581e3a69dee46bd67ef0558303bd) Importer(815301076,1909f56bfc062723c751e8b465ee728b)
Start importing Assets/Imagenes/Paletas/Tileset/tileset-sliced_96.asset using Guid(2da0581e3a69dee46bd67ef0558303bd) Importer(815301076,1909f56bfc062723c751e8b465ee728b)  -> (artifact id: '1ea1e05aaac0abd530050ea536d51190') in 0.004068 seconds
Number of updated asset objects reloaded before import = 0
Number of asset objects unloaded after import = 3
========================================================================
Received Import Request.
  Time since last request: 0.014166 seconds.
  path: Assets/Imagenes/Paletas/Tileset/tileset-sliced_100.asset
  artifactKey: Guid(872081b14e7089c4c8aa4ca2ff04d870) Importer(815301076,1909f56bfc062723c751e8b465ee728b)
Start importing Assets/Imagenes/Paletas/Tileset/tileset-sliced_100.asset using Guid(872081b14e7089c4c8aa4ca2ff04d870) Importer(815301076,1909f56bfc062723c751e8b465ee728b)  -> (artifact id: 'c5bb8dcc381bdab5be2351153a90dbe8') in 0.003996 seconds
Number of updated asset objects reloaded before import = 0
Number of asset objects unloaded after import = 3
========================================================================
Received Import Request.
  Time since last request: 0.385138 seconds.
  path: Assets/Imagenes/Paletas/Tileset/tileset-sliced_104.asset
  artifactKey: Guid(ef23768d2fc963c4cac1ae3e66489dd1) Importer(815301076,1909f56bfc062723c751e8b465ee728b)
Start importing Assets/Imagenes/Paletas/Tileset/tileset-sliced_104.asset using Guid(ef23768d2fc963c4cac1ae3e66489dd1) Importer(815301076,1909f56bfc062723c751e8b465ee728b)  -> (artifact id: 'b25609df227fb1f3a643b1f4ad1b0a6e') in 0.004149 seconds
Number of updated asset objects reloaded before import = 0
Number of asset objects unloaded after import = 3
========================================================================
Received Import Request.
  Time since last request: 0.026121 seconds.
  path: Assets/Imagenes/Paletas/Tileset/tileset-sliced_108.asset
  artifactKey: Guid(db366fc30687e6048a06685114ccb6f3) Importer(815301076,1909f56bfc062723c751e8b465ee728b)
Start importing Assets/Imagenes/Paletas/Tileset/tileset-sliced_108.asset using Guid(db366fc30687e6048a06685114ccb6f3) Importer(815301076,1909f56bfc062723c751e8b465ee728b)  -> (artifact id: '448a41ca5a54eb82c6905cc0bb25c729') in 0.004200 seconds
Number of updated asset objects reloaded before import = 0
Number of asset objects unloaded after import = 3
========================================================================
Received Import Request.
  Time since last request: 0.000981 seconds.
  path: Assets/Imagenes/Paletas/Tileset/tileset-sliced_111.asset
  artifactKey: Guid(9eda67683fc37264da2456a2a6d1501e) Importer(815301076,1909f56bfc062723c751e8b465ee728b)
Start importing Assets/Imagenes/Paletas/Tileset/tileset-sliced_111.asset using Guid(9eda67683fc37264da2456a2a6d1501e) Importer(815301076,1909f56bfc062723c751e8b465ee728b)  -> (artifact id: '9fd28fc80c3d857d54d7797d66b9ae67') in 0.003834 seconds
Number of updated asset objects reloaded before import = 0
Number of asset objects unloaded after import = 3
========================================================================
Received Import Request.
  Time since last request: 0.000022 seconds.
  path: Assets/Imagenes/Paletas/Tileset/tileset-sliced_112.asset
  artifactKey: Guid(ce280b8864d26644192ff34f7082bbd5) Importer(815301076,1909f56bfc062723c751e8b465ee728b)
Start importing Assets/Imagenes/Paletas/Tileset/tileset-sliced_112.asset using Guid(ce280b8864d26644192ff34f7082bbd5) Importer(815301076,1909f56bfc062723c751e8b465ee728b)  -> (artifact id: 'a1449dd2bfd0c22d093dc2fe685df8ff') in 0.003803 seconds
Number of updated asset objects reloaded before import = 0
Number of asset objects unloaded after import = 3
========================================================================
Received Import Request.
  Time since last request: 0.021126 seconds.
  path: Assets/Imagenes/Paletas/Tileset/tileset-sliced_116.asset
  artifactKey: Guid(a75a0b2b05406ca4d952f5b870cd4054) Importer(815301076,1909f56bfc062723c751e8b465ee728b)
Start importing Assets/Imagenes/Paletas/Tileset/tileset-sliced_116.asset using Guid(a75a0b2b05406ca4d952f5b870cd4054) Importer(815301076,1909f56bfc062723c751e8b465ee728b)  -> (artifact id: 'd5f3cf35ceddccd3adaa469af98c3a27') in 0.004762 seconds
Number of updated asset objects reloaded before import = 0
Number of asset objects unloaded after import = 3
========================================================================
Received Import Request.
  Time since last request: 0.278317 seconds.
  path: Assets/Imagenes/Paletas/Tileset/tileset-sliced_120.asset
  artifactKey: Guid(4512977c341572544acfe4df3f83a298) Importer(815301076,1909f56bfc062723c751e8b465ee728b)
Start importing Assets/Imagenes/Paletas/Tileset/tileset-sliced_120.asset using Guid(4512977c341572544acfe4df3f83a298) Importer(815301076,1909f56bfc062723c751e8b465ee728b)  -> (artifact id: '7ca4a89a36f219a1eb15325ea7c4eb2f') in 0.004233 seconds
Number of updated asset objects reloaded before import = 0
Number of asset objects unloaded after import = 3
========================================================================
Received Import Request.
  Time since last request: 0.034553 seconds.
  path: Assets/Imagenes/Paletas/Tileset/tileset-sliced_124.asset
  artifactKey: Guid(3010b24de58d5904e8a14d6374475698) Importer(815301076,1909f56bfc062723c751e8b465ee728b)
Start importing Assets/Imagenes/Paletas/Tileset/tileset-sliced_124.asset using Guid(3010b24de58d5904e8a14d6374475698) Importer(815301076,1909f56bfc062723c751e8b465ee728b)  -> (artifact id: '414ddc842d1b82e851a30d7d390272c8') in 0.004114 seconds
Number of updated asset objects reloaded before import = 0
Number of asset objects unloaded after import = 3
========================================================================
Received Import Request.
  Time since last request: 0.084482 seconds.
  path: Assets/Imagenes/Paletas/Tileset/tileset_9.asset
  artifactKey: Guid(61c8e5a25e889f341800bb18bbb20f7d) Importer(815301076,1909f56bfc062723c751e8b465ee728b)
Start importing Assets/Imagenes/Paletas/Tileset/tileset_9.asset using Guid(61c8e5a25e889f341800bb18bbb20f7d) Importer(815301076,1909f56bfc062723c751e8b465ee728b)  -> (artifact id: 'a6b607ab8c013d794ea5d067d9be54b1') in 0.001992 seconds
Number of updated asset objects reloaded before import = 0
Number of asset objects unloaded after import = 1
========================================================================
Received Import Request.
  Time since last request: 0.345906 seconds.
  path: Assets/Imagenes/Paletas/Tileset/tileset_19.asset
  artifactKey: Guid(52afb878597926a4fa193e6b49c2167c) Importer(815301076,1909f56bfc062723c751e8b465ee728b)
Start importing Assets/Imagenes/Paletas/Tileset/tileset_19.asset using Guid(52afb878597926a4fa193e6b49c2167c) Importer(815301076,1909f56bfc062723c751e8b465ee728b)  -> (artifact id: '1cb54d93f07cc9a32d76b7b4570a363e') in 0.001821 seconds
Number of updated asset objects reloaded before import = 0
Number of asset objects unloaded after import = 1
========================================================================
Received Import Request.
  Time since last request: 0.013558 seconds.
  path: Assets/Imagenes/Paletas/Tileset/tileset_24.asset
  artifactKey: Guid(f994fff45f913e84fad9e0de488ec6aa) Importer(815301076,1909f56bfc062723c751e8b465ee728b)
Start importing Assets/Imagenes/Paletas/Tileset/tileset_24.asset using Guid(f994fff45f913e84fad9e0de488ec6aa) Importer(815301076,1909f56bfc062723c751e8b465ee728b)  -> (artifact id: '2630bac9fa4300c800b922d3a266f7be') in 0.001981 seconds
Number of updated asset objects reloaded before import = 0
Number of asset objects unloaded after import = 1
========================================================================
Received Import Request.
  Time since last request: 0.000019 seconds.
  path: Assets/Imagenes/Paletas/Tileset/tileset_29.asset
  artifactKey: Guid(ea0f1b9046bd287439ee03e68cb4a22d) Importer(815301076,1909f56bfc062723c751e8b465ee728b)
Start importing Assets/Imagenes/Paletas/Tileset/tileset_29.asset using Guid(ea0f1b9046bd287439ee03e68cb4a22d) Importer(815301076,1909f56bfc062723c751e8b465ee728b)  -> (artifact id: 'b4e2550371ffa7363825d1a0dec387da') in 0.002269 seconds
Number of updated asset objects reloaded before import = 0
Number of asset objects unloaded after import = 1
Editor requested this worker to shutdown with reason: Scaling down because of idle timeout
TcpMessagingSession - receive error: operation aborted. errorcode: 995, details: La operacin de E/S se anul por una salida de subproceso o por una solicitud de aplicacin.
AssetImportWorker is now disconnected from the server
Process exiting
Exiting without the bug reporter. Application will terminate with return code 0