Using pre-set license
Built from '2022.3/staging' branch; Version is '2022.3.19f1 (244b723c30a6) revision 2378610'; Using compiler version '192829333'; Build Type 'Release'
OS: 'Windows 10  (10.0.19045) 64bit Professional' Language: 'es' Physical Memory: 16164 MB
BatchMode: 1, IsHumanControllingUs: 0, StartBugReporterOnCrash: 0, Is64bit: 1, IsPro: 1

COMMAND LINE ARGUMENTS:
C:\Program Files\Unity\Hub\Editor\2022.3.19f1\Editor\Unity.exe
-adb2
-batchMode
-noUpm
-name
AssetImportWorker9
-projectPath
D:/GitHub/PinchoBros2D/PinchoBros2D
-logFile
Logs/AssetImportWorker9.log
-srvPort
50428
Successfully changed project path to: D:/GitHub/PinchoBros2D/PinchoBros2D
D:/GitHub/PinchoBros2D/PinchoBros2D
[UnityMemory] Configuration Parameters - Can be set up in boot.config
    "memorysetup-bucket-allocator-granularity=16"
    "memorysetup-bucket-allocator-bucket-count=8"
    "memorysetup-bucket-allocator-block-size=33554432"
    "memorysetup-bucket-allocator-block-count=8"
    "memorysetup-main-allocator-block-size=16777216"
    "memorysetup-thread-allocator-block-size=16777216"
    "memorysetup-gfx-main-allocator-block-size=16777216"
    "memorysetup-gfx-thread-allocator-block-size=16777216"
    "memorysetup-cache-allocator-block-size=4194304"
    "memorysetup-typetree-allocator-block-size=2097152"
    "memorysetup-profiler-bucket-allocator-granularity=16"
    "memorysetup-profiler-bucket-allocator-bucket-count=8"
    "memorysetup-profiler-bucket-allocator-block-size=33554432"
    "memorysetup-profiler-bucket-allocator-block-count=8"
    "memorysetup-profiler-allocator-block-size=16777216"
    "memorysetup-profiler-editor-allocator-block-size=1048576"
    "memorysetup-temp-allocator-size-main=16777216"
    "memorysetup-job-temp-allocator-block-size=2097152"
    "memorysetup-job-temp-allocator-block-size-background=1048576"
    "memorysetup-job-temp-allocator-reduction-small-platforms=262144"
    "memorysetup-allocator-temp-initial-block-size-main=262144"
    "memorysetup-allocator-temp-initial-block-size-worker=262144"
    "memorysetup-temp-allocator-size-background-worker=32768"
    "memorysetup-temp-allocator-size-job-worker=262144"
    "memorysetup-temp-allocator-size-preload-manager=33554432"
    "memorysetup-temp-allocator-size-nav-mesh-worker=65536"
    "memorysetup-temp-allocator-size-audio-worker=65536"
    "memorysetup-temp-allocator-size-cloud-worker=32768"
    "memorysetup-temp-allocator-size-gi-baking-worker=262144"
    "memorysetup-temp-allocator-size-gfx=262144"
Player connection [23352] Host "[IP] 172.17.17.165 [Port] 0 [Flags] 2 [Guid] 299576093 [EditorId] 299576093 [Version] 1048832 [Id] WindowsEditor(7,DESKTOP-CD42DPL) [Debug] 1 [PackageName] WindowsEditor [ProjectName] Editor" joined multi-casting on [225.0.0.222:54997]...

Player connection [23352] Host "[IP] 172.17.17.165 [Port] 0 [Flags] 2 [Guid] 299576093 [EditorId] 299576093 [Version] 1048832 [Id] WindowsEditor(7,DESKTOP-CD42DPL) [Debug] 1 [PackageName] WindowsEditor [ProjectName] Editor" joined alternative multi-casting on [225.0.0.222:34997]...

[Physics::Module] Initialized MultithreadedJobDispatcher with 11 workers.
Refreshing native plugins compatible for Editor in 7.07 ms, found 4 plugins.
Preloading 0 native plugins for Editor in 0.00 ms.
Initialize engine version: 2022.3.19f1 (244b723c30a6)
[Subsystems] Discovering subsystems at path C:/Program Files/Unity/Hub/Editor/2022.3.19f1/Editor/Data/Resources/UnitySubsystems
[Subsystems] Discovering subsystems at path D:/GitHub/PinchoBros2D/PinchoBros2D/Assets
GfxDevice: creating device client; threaded=0; jobified=0
Direct3D:
    Version:  Direct3D 11.0 [level 11.1]
    Renderer: NVIDIA GeForce RTX 3060 Ti (ID=0x2489)
    Vendor:   NVIDIA
    VRAM:     8024 MB
    Driver:   32.0.15.6070
Initialize mono
Mono path[0] = 'C:/Program Files/Unity/Hub/Editor/2022.3.19f1/Editor/Data/Managed'
Mono path[1] = 'C:/Program Files/Unity/Hub/Editor/2022.3.19f1/Editor/Data/MonoBleedingEdge/lib/mono/unityjit-win32'
Mono config path = 'C:/Program Files/Unity/Hub/Editor/2022.3.19f1/Editor/Data/MonoBleedingEdge/etc'
Using monoOptions --debugger-agent=transport=dt_socket,embedding=1,server=y,suspend=n,address=127.0.0.1:56636
Begin MonoManager ReloadAssembly
Registering precompiled unity dll's ...
Register platform support module: C:/Program Files/Unity/Hub/Editor/2022.3.19f1/Editor/Data/PlaybackEngines/WebGLSupport/UnityEditor.WebGL.Extensions.dll
Register platform support module: C:/Program Files/Unity/Hub/Editor/2022.3.19f1/Editor/Data/PlaybackEngines/AndroidPlayer/UnityEditor.Android.Extensions.dll
Register platform support module: C:/Program Files/Unity/Hub/Editor/2022.3.19f1/Editor/Data/PlaybackEngines/WindowsStandaloneSupport/UnityEditor.WindowsStandalone.Extensions.dll
Register platform support module: C:/Program Files/Unity/Hub/Editor/2022.3.19f1/Editor/Data/PlaybackEngines/MetroSupport/UnityEditor.UWP.Extensions.dll
Registered in 0.014682 seconds.
- Loaded All Assemblies, in  0.431 seconds
Native extension for UWP target not found
Native extension for WindowsStandalone target not found
Native extension for Android target not found
Android Extension - Scanning For ADB Devices 211 ms
Native extension for WebGL target not found
Mono: successfully reloaded assembly
- Finished resetting the current domain, in  0.605 seconds
Domain Reload Profiling: 1034ms
	BeginReloadAssembly (114ms)
		ExecutionOrderSort (0ms)
		DisableScriptedObjects (0ms)
		BackupInstance (0ms)
		ReleaseScriptingObjects (0ms)
		CreateAndSetChildDomain (1ms)
	RebuildCommonClasses (40ms)
	RebuildNativeTypeToScriptingClass (12ms)
	initialDomainReloadingComplete (81ms)
	LoadAllAssembliesAndSetupDomain (182ms)
		LoadAssemblies (112ms)
		RebuildTransferFunctionScriptingTraits (0ms)
		AnalyzeDomain (179ms)
			TypeCache.Refresh (177ms)
				TypeCache.ScanAssembly (159ms)
			ScanForSourceGeneratedMonoScriptInfo (0ms)
			ResolveRequiredComponents (0ms)
	FinalizeReload (605ms)
		ReleaseScriptCaches (0ms)
		RebuildScriptCaches (0ms)
		SetupLoadedEditorAssemblies (533ms)
			LogAssemblyErrors (0ms)
			InitializePlatformSupportModulesInManaged (341ms)
			SetLoadedEditorAssemblies (4ms)
			RefreshPlugins (0ms)
			BeforeProcessingInitializeOnLoad (3ms)
			ProcessInitializeOnLoadAttributes (134ms)
			ProcessInitializeOnLoadMethodAttributes (51ms)
			AfterProcessingInitializeOnLoad (0ms)
			EditorAssembliesLoaded (0ms)
		ExecutionOrderSort2 (0ms)
		AwakeInstancesAfterBackupRestoration (0ms)
========================================================================
Worker process is ready to serve import requests
Begin MonoManager ReloadAssembly
- Loaded All Assemblies, in  0.775 seconds
Refreshing native plugins compatible for Editor in 2.56 ms, found 4 plugins.
Native extension for UWP target not found
Native extension for WindowsStandalone target not found
Native extension for Android target not found
Native extension for WebGL target not found
Package Manager log level set to [2]
[Package Manager] Server::EnsureServerProcessIsRunning -- launch failed, reason: Unity was launched with the -noUpm command-line argument
[Package Manager] UpmClient::Send -- Unable to send message (not connected to UPM process).
[Package Manager] Cannot connect to Unity Package Manager local server
Mono: successfully reloaded assembly
- Finished resetting the current domain, in  0.793 seconds
Domain Reload Profiling: 1565ms
	BeginReloadAssembly (177ms)
		ExecutionOrderSort (0ms)
		DisableScriptedObjects (6ms)
		BackupInstance (0ms)
		ReleaseScriptingObjects (0ms)
		CreateAndSetChildDomain (26ms)
	RebuildCommonClasses (42ms)
	RebuildNativeTypeToScriptingClass (14ms)
	initialDomainReloadingComplete (51ms)
	LoadAllAssembliesAndSetupDomain (488ms)
		LoadAssemblies (355ms)
		RebuildTransferFunctionScriptingTraits (0ms)
		AnalyzeDomain (234ms)
			TypeCache.Refresh (197ms)
				TypeCache.ScanAssembly (172ms)
			ScanForSourceGeneratedMonoScriptInfo (27ms)
			ResolveRequiredComponents (9ms)
	FinalizeReload (794ms)
		ReleaseScriptCaches (0ms)
		RebuildScriptCaches (0ms)
		SetupLoadedEditorAssemblies (589ms)
			LogAssemblyErrors (0ms)
			InitializePlatformSupportModulesInManaged (33ms)
			SetLoadedEditorAssemblies (6ms)
			RefreshPlugins (0ms)
			BeforeProcessingInitializeOnLoad (84ms)
			ProcessInitializeOnLoadAttributes (409ms)
			ProcessInitializeOnLoadMethodAttributes (49ms)
			AfterProcessingInitializeOnLoad (9ms)
			EditorAssembliesLoaded (0ms)
		ExecutionOrderSort2 (0ms)
		AwakeInstancesAfterBackupRestoration (7ms)
Launched and connected shader compiler UnityShaderCompiler.exe after 0.04 seconds
Refreshing native plugins compatible for Editor in 2.51 ms, found 4 plugins.
Preloading 0 native plugins for Editor in 0.00 ms.
Unloading 4206 Unused Serialized files (Serialized files now loaded: 0)
Unloading 77 unused Assets / (135.6 KB). Loaded Objects now: 4671.
Memory consumption went from 154.2 MB to 154.0 MB.
Total: 3.970900 ms (FindLiveObjects: 0.557000 ms CreateObjectMapping: 0.441800 ms MarkObjects: 2.784800 ms  DeleteObjects: 0.185300 ms)

AssetImportParameters requested are different than current active one (requested -> active):
  custom:container-demuxer-ogg: 62fdf1f143b41e24485cea50d1cbac27 -> 
  custom:video-decoder-ogg-theora: a1e56fd34408186e4bbccfd4996cb3dc -> 
  custom:framework-win-MediaFoundation: 216162199b28c13a410421893ffa2e32 -> 
  custom:CustomObjectIndexerAttribute: 6d391050e5a25f67b0a2c618074f2cd9 -> 
  custom:container-demuxer-webm: 4f35f7cbe854078d1ac9338744f61a02 -> 
  custom:container-muxer-webm: aa71ff27fc2769a1b78a27578f13a17b -> 
  custom:video-decoder-webm-vp8: 9c59270c3fd7afecdb556c50c9e8de78 -> 
  custom:SearchIndexIgnoredProperties: e643bd26f0fe6173181afceb89e7c659 -> 
  custom:AudioImporter_EditorPlatform: d09bf68614088b80899f8185d706f6e7 -> 
  custom:video-encoder-webm-vp8: eb34c28f22e8b96e1ab97ce403110664 -> 
  custom:audio-decoder-ogg-vorbis: bf7c407c2cedff20999df2af8eb42d56 -> 
  custom:audio-encoder-webm-vorbis: bf7c407c2cedff20999df2af8eb42d56 -> 
========================================================================
Received Import Request.
  Time since last request: 7562.996554 seconds.
  path: Assets/Imagenes/Paletas/Terrain (16x16)_27.asset
  artifactKey: Guid(3c6c5b505a838d64a81f20f50092948d) Importer(815301076,1909f56bfc062723c751e8b465ee728b)
Start importing Assets/Imagenes/Paletas/Terrain (16x16)_27.asset using Guid(3c6c5b505a838d64a81f20f50092948d) Importer(815301076,1909f56bfc062723c751e8b465ee728b)  -> (artifact id: '9c56e002de41a6fcd07528bc6c6212c7') in 0.030661 seconds
Number of updated asset objects reloaded before import = 0
Number of asset objects unloaded after import = 1
========================================================================
Received Import Request.
  Time since last request: 0.000016 seconds.
  path: Assets/Imagenes/Paletas/Terrain (16x16)_44.asset
  artifactKey: Guid(b360ca1b2e48f0f488209d1c4539071c) Importer(815301076,1909f56bfc062723c751e8b465ee728b)
Start importing Assets/Imagenes/Paletas/Terrain (16x16)_44.asset using Guid(b360ca1b2e48f0f488209d1c4539071c) Importer(815301076,1909f56bfc062723c751e8b465ee728b)  -> (artifact id: '1de2c533c7a18c1ca797bef658877b79') in 0.001689 seconds
Number of updated asset objects reloaded before import = 0
Number of asset objects unloaded after import = 1
========================================================================
Received Import Request.
  Time since last request: 0.005327 seconds.
  path: Assets/Imagenes/Paletas/Terrain (16x16)_46.asset
  artifactKey: Guid(a08038809f80f5042bd9f81c45125dd2) Importer(815301076,1909f56bfc062723c751e8b465ee728b)
Start importing Assets/Imagenes/Paletas/Terrain (16x16)_46.asset using Guid(a08038809f80f5042bd9f81c45125dd2) Importer(815301076,1909f56bfc062723c751e8b465ee728b)  -> (artifact id: 'a2024e1c7393666d2749b8a7608f5378') in 0.001847 seconds
Number of updated asset objects reloaded before import = 0
Number of asset objects unloaded after import = 1
========================================================================
Received Import Request.
  Time since last request: 0.000437 seconds.
  path: Assets/Imagenes/Paletas/Terrain (16x16)_49.asset
  artifactKey: Guid(e187eb318d14f9142b96d15646da8a3b) Importer(815301076,1909f56bfc062723c751e8b465ee728b)
Start importing Assets/Imagenes/Paletas/Terrain (16x16)_49.asset using Guid(e187eb318d14f9142b96d15646da8a3b) Importer(815301076,1909f56bfc062723c751e8b465ee728b)  -> (artifact id: '3edf020d000a065500af2ae43da6a76b') in 0.001827 seconds
Number of updated asset objects reloaded before import = 0
Number of asset objects unloaded after import = 1
========================================================================
Received Import Request.
  Time since last request: 0.782444 seconds.
  path: Assets/Imagenes/Paletas/Terrain (16x16)_52.asset
  artifactKey: Guid(61e711cc89e3f92498b6ed280218351d) Importer(815301076,1909f56bfc062723c751e8b465ee728b)
Start importing Assets/Imagenes/Paletas/Terrain (16x16)_52.asset using Guid(61e711cc89e3f92498b6ed280218351d) Importer(815301076,1909f56bfc062723c751e8b465ee728b)  -> (artifact id: 'a50d75b9f4f11a93e457b55b6462e1d2') in 0.001930 seconds
Number of updated asset objects reloaded before import = 0
Number of asset objects unloaded after import = 1
========================================================================
Received Import Request.
  Time since last request: 0.422732 seconds.
  path: Assets/Imagenes/Paletas/Terrain (16x16)_55.asset
  artifactKey: Guid(77a5cc279009e3c428d7c64308e4b952) Importer(815301076,1909f56bfc062723c751e8b465ee728b)
Start importing Assets/Imagenes/Paletas/Terrain (16x16)_55.asset using Guid(77a5cc279009e3c428d7c64308e4b952) Importer(815301076,1909f56bfc062723c751e8b465ee728b)  -> (artifact id: 'af32f97561397aeaff7a66e15bf9d877') in 0.001890 seconds
Number of updated asset objects reloaded before import = 0
Number of asset objects unloaded after import = 1
========================================================================
Received Import Request.
  Time since last request: 0.044071 seconds.
  path: Assets/Imagenes/Paletas/Terrain (16x16)_59.asset
  artifactKey: Guid(b8eac8a86f9842d4e802aa2ed198827e) Importer(815301076,1909f56bfc062723c751e8b465ee728b)
Start importing Assets/Imagenes/Paletas/Terrain (16x16)_59.asset using Guid(b8eac8a86f9842d4e802aa2ed198827e) Importer(815301076,1909f56bfc062723c751e8b465ee728b)  -> (artifact id: 'f0b2be7eea2ce56c3758ef5d95a586f5') in 0.001744 seconds
Number of updated asset objects reloaded before import = 0
Number of asset objects unloaded after import = 1
========================================================================
Received Import Request.
  Time since last request: 0.025237 seconds.
  path: Assets/Imagenes/Paletas/Terrain (16x16)_63.asset
  artifactKey: Guid(b68820a4ec9c2bd4687357a71cfc4688) Importer(815301076,1909f56bfc062723c751e8b465ee728b)
Start importing Assets/Imagenes/Paletas/Terrain (16x16)_63.asset using Guid(b68820a4ec9c2bd4687357a71cfc4688) Importer(815301076,1909f56bfc062723c751e8b465ee728b)  -> (artifact id: '89133292db41fb647e11a8b44e6f9bc2') in 0.001837 seconds
Number of updated asset objects reloaded before import = 0
Number of asset objects unloaded after import = 1
========================================================================
Received Import Request.
  Time since last request: 0.493385 seconds.
  path: Assets/Imagenes/Paletas/Terrain (16x16)_67.asset
  artifactKey: Guid(9d06522493e30014ebdc8f231beb973b) Importer(815301076,1909f56bfc062723c751e8b465ee728b)
Start importing Assets/Imagenes/Paletas/Terrain (16x16)_67.asset using Guid(9d06522493e30014ebdc8f231beb973b) Importer(815301076,1909f56bfc062723c751e8b465ee728b)  -> (artifact id: 'da0f3a944c80e02cfd5a478c2c52496b') in 0.002134 seconds
Number of updated asset objects reloaded before import = 0
Number of asset objects unloaded after import = 1
========================================================================
Received Import Request.
  Time since last request: 0.029914 seconds.
  path: Assets/Imagenes/Paletas/Terrain (16x16)_71.asset
  artifactKey: Guid(f9ea6ecdfb14c5d4fb5e5a4a637bc105) Importer(815301076,1909f56bfc062723c751e8b465ee728b)
Start importing Assets/Imagenes/Paletas/Terrain (16x16)_71.asset using Guid(f9ea6ecdfb14c5d4fb5e5a4a637bc105) Importer(815301076,1909f56bfc062723c751e8b465ee728b)  -> (artifact id: '1d91f9ff9a103109d318ffb752054b81') in 0.003736 seconds
Number of updated asset objects reloaded before import = 0
Number of asset objects unloaded after import = 1
========================================================================
Received Import Request.
  Time since last request: 0.013306 seconds.
  path: Assets/Imagenes/Paletas/Terrain (16x16)_75.asset
  artifactKey: Guid(8eb89a295b95ce8459ff1a8f4b18c914) Importer(815301076,1909f56bfc062723c751e8b465ee728b)
Start importing Assets/Imagenes/Paletas/Terrain (16x16)_75.asset using Guid(8eb89a295b95ce8459ff1a8f4b18c914) Importer(815301076,1909f56bfc062723c751e8b465ee728b)  -> (artifact id: '8d47e3b4f2385d1d29c9806651abe17c') in 0.001789 seconds
Number of updated asset objects reloaded before import = 0
Number of asset objects unloaded after import = 1
========================================================================
Received Import Request.
  Time since last request: 0.022183 seconds.
  path: Assets/Imagenes/Paletas/Terrain (16x16)_79.asset
  artifactKey: Guid(ae38b9661c574cc408c7ed7ae6a4af07) Importer(815301076,1909f56bfc062723c751e8b465ee728b)
Start importing Assets/Imagenes/Paletas/Terrain (16x16)_79.asset using Guid(ae38b9661c574cc408c7ed7ae6a4af07) Importer(815301076,1909f56bfc062723c751e8b465ee728b)  -> (artifact id: '449334567e51eeef3bf2a96a81cfa086') in 0.001837 seconds
Number of updated asset objects reloaded before import = 0
Number of asset objects unloaded after import = 1
========================================================================
Received Import Request.
  Time since last request: 0.012552 seconds.
  path: Assets/Imagenes/Paletas/Terrain (16x16)_83.asset
  artifactKey: Guid(a535a4625652e6a4080b7eaf7c1bf8ac) Importer(815301076,1909f56bfc062723c751e8b465ee728b)
Start importing Assets/Imagenes/Paletas/Terrain (16x16)_83.asset using Guid(a535a4625652e6a4080b7eaf7c1bf8ac) Importer(815301076,1909f56bfc062723c751e8b465ee728b)  -> (artifact id: 'bfdf34f1ce5ba10a029a1d08e9626d66') in 0.001832 seconds
Number of updated asset objects reloaded before import = 0
Number of asset objects unloaded after import = 1
========================================================================
Received Import Request.
  Time since last request: 0.317105 seconds.
  path: Assets/Imagenes/Paletas/Terrain (16x16)_87.asset
  artifactKey: Guid(7ca8adca4687ec84eb70cf1e828f05e3) Importer(815301076,1909f56bfc062723c751e8b465ee728b)
Start importing Assets/Imagenes/Paletas/Terrain (16x16)_87.asset using Guid(7ca8adca4687ec84eb70cf1e828f05e3) Importer(815301076,1909f56bfc062723c751e8b465ee728b)  -> (artifact id: '450ad1fd1d8371a28d80230a8298ebde') in 0.001980 seconds
Number of updated asset objects reloaded before import = 0
Number of asset objects unloaded after import = 1
========================================================================
Received Import Request.
  Time since last request: 0.022238 seconds.
  path: Assets/Imagenes/Paletas/Terrain (16x16)_91.asset
  artifactKey: Guid(5295f50936150e941bf75ea29973533b) Importer(815301076,1909f56bfc062723c751e8b465ee728b)
Start importing Assets/Imagenes/Paletas/Terrain (16x16)_91.asset using Guid(5295f50936150e941bf75ea29973533b) Importer(815301076,1909f56bfc062723c751e8b465ee728b)  -> (artifact id: 'f492b697ba8e7bbc7f98fd5997e24e07') in 0.002091 seconds
Number of updated asset objects reloaded before import = 0
Number of asset objects unloaded after import = 1
========================================================================
Received Import Request.
  Time since last request: 0.013915 seconds.
  path: Assets/Imagenes/Paletas/Terrain (16x16)_95.asset
  artifactKey: Guid(58c42cf8f4a993b4181470962fec75e1) Importer(815301076,1909f56bfc062723c751e8b465ee728b)
Start importing Assets/Imagenes/Paletas/Terrain (16x16)_95.asset using Guid(58c42cf8f4a993b4181470962fec75e1) Importer(815301076,1909f56bfc062723c751e8b465ee728b)  -> (artifact id: 'e020542e4350fe2578bff89612283912') in 0.001724 seconds
Number of updated asset objects reloaded before import = 0
Number of asset objects unloaded after import = 1
========================================================================
Received Import Request.
  Time since last request: 0.002203 seconds.
  path: Assets/Imagenes/Paletas/Terrain (16x16)_97.asset
  artifactKey: Guid(ee3a0e1f574884f439769c4a6f8a3efa) Importer(815301076,1909f56bfc062723c751e8b465ee728b)
Start importing Assets/Imagenes/Paletas/Terrain (16x16)_97.asset using Guid(ee3a0e1f574884f439769c4a6f8a3efa) Importer(815301076,1909f56bfc062723c751e8b465ee728b)  -> (artifact id: '3045b7cc89117412731232fd30d7b727') in 0.001723 seconds
Number of updated asset objects reloaded before import = 0
Number of asset objects unloaded after import = 1
========================================================================
Received Import Request.
  Time since last request: 0.026865 seconds.
  path: Assets/Imagenes/Paletas/Terrain (16x16)_99.asset
  artifactKey: Guid(3e1059fcf5649754987ae8fcec355a83) Importer(815301076,1909f56bfc062723c751e8b465ee728b)
Start importing Assets/Imagenes/Paletas/Terrain (16x16)_99.asset using Guid(3e1059fcf5649754987ae8fcec355a83) Importer(815301076,1909f56bfc062723c751e8b465ee728b)  -> (artifact id: '9aebb9acd956a8f548f4614f903b2420') in 0.001701 seconds
Number of updated asset objects reloaded before import = 0
Number of asset objects unloaded after import = 1
========================================================================
Received Import Request.
  Time since last request: 0.002681 seconds.
  path: Assets/Imagenes/Paletas/Terrain (16x16)_101.asset
  artifactKey: Guid(fe7da863d19e49849b571f211c73904c) Importer(815301076,1909f56bfc062723c751e8b465ee728b)
Start importing Assets/Imagenes/Paletas/Terrain (16x16)_101.asset using Guid(fe7da863d19e49849b571f211c73904c) Importer(815301076,1909f56bfc062723c751e8b465ee728b)  -> (artifact id: 'f59366a00321533a8fe6a95d2a85560c') in 0.001803 seconds
Number of updated asset objects reloaded before import = 0
Number of asset objects unloaded after import = 1
========================================================================
Received Import Request.
  Time since last request: 0.042121 seconds.
  path: Assets/Imagenes/Paletas/Terrain (16x16)_103.asset
  artifactKey: Guid(d9dc6e9da1e78b74a87a1b144d4ab785) Importer(815301076,1909f56bfc062723c751e8b465ee728b)
Start importing Assets/Imagenes/Paletas/Terrain (16x16)_103.asset using Guid(d9dc6e9da1e78b74a87a1b144d4ab785) Importer(815301076,1909f56bfc062723c751e8b465ee728b)  -> (artifact id: 'e13f4ba927d50cbf67ebae71725f3754') in 0.001754 seconds
Number of updated asset objects reloaded before import = 0
Number of asset objects unloaded after import = 1
========================================================================
Received Import Request.
  Time since last request: 1.351915 seconds.
  path: Assets/Imagenes/Paletas/Terrain (16x16)_22.asset
  artifactKey: Guid(627a8a3593294264f91cc4d64e38b878) Importer(815301076,1909f56bfc062723c751e8b465ee728b)
Start importing Assets/Imagenes/Paletas/Terrain (16x16)_22.asset using Guid(627a8a3593294264f91cc4d64e38b878) Importer(815301076,1909f56bfc062723c751e8b465ee728b)  -> (artifact id: '4e6b4664fd7c4418dab959c12ff08f4d') in 0.002197 seconds
Number of updated asset objects reloaded before import = 0
Number of asset objects unloaded after import = 1
========================================================================
Received Import Request.
  Time since last request: 0.486584 seconds.
  path: Assets/Imagenes/Paletas/Terrain (16x16)_18.asset
  artifactKey: Guid(5df8a7da88d58834fa971cfe682f3521) Importer(815301076,1909f56bfc062723c751e8b465ee728b)
Start importing Assets/Imagenes/Paletas/Terrain (16x16)_18.asset using Guid(5df8a7da88d58834fa971cfe682f3521) Importer(815301076,1909f56bfc062723c751e8b465ee728b)  -> (artifact id: '40b7cc648bdfffb13722c368b716afdf') in 0.001768 seconds
Number of updated asset objects reloaded before import = 0
Number of asset objects unloaded after import = 1
========================================================================
Received Import Request.
  Time since last request: 0.054316 seconds.
  path: Assets/Imagenes/Paletas/Terrain (16x16)_15.asset
  artifactKey: Guid(1b713b7fedfcf414c99fa5ac5f502fd8) Importer(815301076,1909f56bfc062723c751e8b465ee728b)
Start importing Assets/Imagenes/Paletas/Terrain (16x16)_15.asset using Guid(1b713b7fedfcf414c99fa5ac5f502fd8) Importer(815301076,1909f56bfc062723c751e8b465ee728b)  -> (artifact id: '855366e3aab1710539c114f1d171800f') in 0.003203 seconds
Number of updated asset objects reloaded before import = 0
Number of asset objects unloaded after import = 1
========================================================================
Received Import Request.
  Time since last request: 0.095801 seconds.
  path: Assets/Imagenes/Paletas/Terrain (16x16)_8.asset
  artifactKey: Guid(dac21949ec1213b449a26145f881a526) Importer(815301076,1909f56bfc062723c751e8b465ee728b)
Start importing Assets/Imagenes/Paletas/Terrain (16x16)_8.asset using Guid(dac21949ec1213b449a26145f881a526) Importer(815301076,1909f56bfc062723c751e8b465ee728b)  -> (artifact id: '41cd8aa918ea61063125c15f1dd3f8f9') in 0.001614 seconds
Number of updated asset objects reloaded before import = 0
Number of asset objects unloaded after import = 1
========================================================================
Received Import Request.
  Time since last request: 0.024056 seconds.
  path: Assets/Imagenes/Paletas/Terrain (16x16)_2.asset
  artifactKey: Guid(3d35722085ea09648b8ffd93b3281420) Importer(815301076,1909f56bfc062723c751e8b465ee728b)
Start importing Assets/Imagenes/Paletas/Terrain (16x16)_2.asset using Guid(3d35722085ea09648b8ffd93b3281420) Importer(815301076,1909f56bfc062723c751e8b465ee728b)  -> (artifact id: '9f8189a2c758fe63988afb0ab1684a3b') in 0.002541 seconds
Number of updated asset objects reloaded before import = 0
Number of asset objects unloaded after import = 1
========================================================================
Received Import Request.
  Time since last request: 0.315377 seconds.
  path: Assets/Imagenes/Paletas/suelo arriba.asset
  artifactKey: Guid(53ffdd23b143a0d48b7d4319438746e2) Importer(815301076,1909f56bfc062723c751e8b465ee728b)
Start importing Assets/Imagenes/Paletas/suelo arriba.asset using Guid(53ffdd23b143a0d48b7d4319438746e2) Importer(815301076,1909f56bfc062723c751e8b465ee728b)  -> (artifact id: 'd8829c539c23179a87d6bb090aca37d6') in 0.001783 seconds
Number of updated asset objects reloaded before import = 0
Number of asset objects unloaded after import = 1
========================================================================
Received Import Request.
  Time since last request: 0.015763 seconds.
  path: Assets/Imagenes/Paletas/Sprites_35.asset
  artifactKey: Guid(98460ffb92d6b644d8a7c04966ea81f3) Importer(815301076,1909f56bfc062723c751e8b465ee728b)
Start importing Assets/Imagenes/Paletas/Sprites_35.asset using Guid(98460ffb92d6b644d8a7c04966ea81f3) Importer(815301076,1909f56bfc062723c751e8b465ee728b)  -> (artifact id: 'c3f05edc40589dd30f4eae6f0668c5ff') in 0.019560 seconds
Number of updated asset objects reloaded before import = 0
Number of asset objects unloaded after import = 3
========================================================================
Received Import Request.
  Time since last request: 0.030978 seconds.
  path: Assets/Imagenes/Paletas/Sprites_31.asset
  artifactKey: Guid(237dc5ea68dabb34caf841878852f690) Importer(815301076,1909f56bfc062723c751e8b465ee728b)
Start importing Assets/Imagenes/Paletas/Sprites_31.asset using Guid(237dc5ea68dabb34caf841878852f690) Importer(815301076,1909f56bfc062723c751e8b465ee728b)  -> (artifact id: '585d7f22dcfa43267f8a1c1886bc32e1') in 0.005165 seconds
Number of updated asset objects reloaded before import = 0
Number of asset objects unloaded after import = 3
========================================================================
Received Import Request.
  Time since last request: 0.015704 seconds.
  path: Assets/Imagenes/Paletas/Sprites_26.asset
  artifactKey: Guid(31ef631876f771843831d98467f5d54f) Importer(815301076,1909f56bfc062723c751e8b465ee728b)
Start importing Assets/Imagenes/Paletas/Sprites_26.asset using Guid(31ef631876f771843831d98467f5d54f) Importer(815301076,1909f56bfc062723c751e8b465ee728b)  -> (artifact id: '3713d72a52b0ebb229d05bf51a43726a') in 0.005333 seconds
Number of updated asset objects reloaded before import = 0
Number of asset objects unloaded after import = 3
========================================================================
Received Import Request.
  Time since last request: 0.275304 seconds.
  path: Assets/Imagenes/Paletas/Sprites_22.asset
  artifactKey: Guid(7548584e4833ffa4cb18d22de69b52c3) Importer(815301076,1909f56bfc062723c751e8b465ee728b)
Start importing Assets/Imagenes/Paletas/Sprites_22.asset using Guid(7548584e4833ffa4cb18d22de69b52c3) Importer(815301076,1909f56bfc062723c751e8b465ee728b)  -> (artifact id: '523e57d3f7b4e8becda960d3ea2962c9') in 0.005881 seconds
Number of updated asset objects reloaded before import = 0
Number of asset objects unloaded after import = 3
========================================================================
Received Import Request.
  Time since last request: 0.048884 seconds.
  path: Assets/Imagenes/Paletas/Sprites_18.asset
  artifactKey: Guid(b45db5b7fad23ef45a8399fe022ac2e4) Importer(815301076,1909f56bfc062723c751e8b465ee728b)
Start importing Assets/Imagenes/Paletas/Sprites_18.asset using Guid(b45db5b7fad23ef45a8399fe022ac2e4) Importer(815301076,1909f56bfc062723c751e8b465ee728b)  -> (artifact id: 'cf1e5837d9451ee1acfe566dbad107ba') in 0.004134 seconds
Number of updated asset objects reloaded before import = 0
Number of asset objects unloaded after import = 3
========================================================================
Received Import Request.
  Time since last request: 27.148782 seconds.
  path: Assets/Imagenes/Paletas/Terrain (16x16)_107.asset
  artifactKey: Guid(aabdbb1e73ceaa04793bdcf2da7e5c2d) Importer(815301076,1909f56bfc062723c751e8b465ee728b)
Start importing Assets/Imagenes/Paletas/Terrain (16x16)_107.asset using Guid(aabdbb1e73ceaa04793bdcf2da7e5c2d) Importer(815301076,1909f56bfc062723c751e8b465ee728b)  -> (artifact id: '6094cc7f254886d2566b5788478aefc0') in 0.002093 seconds
Number of updated asset objects reloaded before import = 0
Number of asset objects unloaded after import = 1
========================================================================
Received Import Request.
  Time since last request: 0.047352 seconds.
  path: Assets/Imagenes/Paletas/Terrain (16x16)_109.asset
  artifactKey: Guid(7895449740870a347aeb6e3edcc04457) Importer(815301076,1909f56bfc062723c751e8b465ee728b)
Start importing Assets/Imagenes/Paletas/Terrain (16x16)_109.asset using Guid(7895449740870a347aeb6e3edcc04457) Importer(815301076,1909f56bfc062723c751e8b465ee728b)  -> (artifact id: '6ec923fbb3ff5d52aecf8bb7bb35cac1') in 0.003881 seconds
Number of updated asset objects reloaded before import = 0
Number of asset objects unloaded after import = 1
========================================================================
Received Import Request.
  Time since last request: 0.024663 seconds.
  path: Assets/Imagenes/Paletas/Terrain (16x16)_113.asset
  artifactKey: Guid(834ea93a0fb2e5541a1281707f393cff) Importer(815301076,1909f56bfc062723c751e8b465ee728b)
Start importing Assets/Imagenes/Paletas/Terrain (16x16)_113.asset using Guid(834ea93a0fb2e5541a1281707f393cff) Importer(815301076,1909f56bfc062723c751e8b465ee728b)  -> (artifact id: '437f242bc29d5ffdce5358d61546c432') in 0.002007 seconds
Number of updated asset objects reloaded before import = 0
Number of asset objects unloaded after import = 1
========================================================================
Received Import Request.
  Time since last request: 0.558654 seconds.
  path: Assets/Imagenes/Paletas/Terrain (16x16)_117.asset
  artifactKey: Guid(7cc030a8391ed7748a8a8985de8b05b8) Importer(815301076,1909f56bfc062723c751e8b465ee728b)
Start importing Assets/Imagenes/Paletas/Terrain (16x16)_117.asset using Guid(7cc030a8391ed7748a8a8985de8b05b8) Importer(815301076,1909f56bfc062723c751e8b465ee728b)  -> (artifact id: 'e0fb9727fc333e2cf6bcfecfc1b2bb54') in 0.002386 seconds
Number of updated asset objects reloaded before import = 0
Number of asset objects unloaded after import = 1
========================================================================
Received Import Request.
  Time since last request: 0.033497 seconds.
  path: Assets/Imagenes/Paletas/Terrain (16x16)_121.asset
  artifactKey: Guid(8eddc71d0a0f00e42bba2363241bb32d) Importer(815301076,1909f56bfc062723c751e8b465ee728b)
Start importing Assets/Imagenes/Paletas/Terrain (16x16)_121.asset using Guid(8eddc71d0a0f00e42bba2363241bb32d) Importer(815301076,1909f56bfc062723c751e8b465ee728b)  -> (artifact id: '8dd93704962edfb2f3966a4b92169642') in 0.001728 seconds
Number of updated asset objects reloaded before import = 0
Number of asset objects unloaded after import = 1
========================================================================
Received Import Request.
  Time since last request: 0.896182 seconds.
  path: Assets/Imagenes/Paletas/Terrain (16x16)_125.asset
  artifactKey: Guid(1435a947528135440875abf51c586791) Importer(815301076,1909f56bfc062723c751e8b465ee728b)
Start importing Assets/Imagenes/Paletas/Terrain (16x16)_125.asset using Guid(1435a947528135440875abf51c586791) Importer(815301076,1909f56bfc062723c751e8b465ee728b)  -> (artifact id: '9a9bfe4a79be33b5bc690a6e9572296c') in 0.001965 seconds
Number of updated asset objects reloaded before import = 0
Number of asset objects unloaded after import = 1
========================================================================
Received Import Request.
  Time since last request: 0.028777 seconds.
  path: Assets/Imagenes/Paletas/Terrain (16x16)_129.asset
  artifactKey: Guid(3cf90c44e30ddc140b591e2970ddc9e1) Importer(815301076,1909f56bfc062723c751e8b465ee728b)
Start importing Assets/Imagenes/Paletas/Terrain (16x16)_129.asset using Guid(3cf90c44e30ddc140b591e2970ddc9e1) Importer(815301076,1909f56bfc062723c751e8b465ee728b)  -> (artifact id: '6d10992927bf37dfb4c39417459a83e0') in 0.001674 seconds
Number of updated asset objects reloaded before import = 0
Number of asset objects unloaded after import = 1
========================================================================
Received Import Request.
  Time since last request: 0.446687 seconds.
  path: Assets/Imagenes/Paletas/Terrain (16x16)_133.asset
  artifactKey: Guid(4115ad1dd5ae5674a84a7608ccf05755) Importer(815301076,1909f56bfc062723c751e8b465ee728b)
Start importing Assets/Imagenes/Paletas/Terrain (16x16)_133.asset using Guid(4115ad1dd5ae5674a84a7608ccf05755) Importer(815301076,1909f56bfc062723c751e8b465ee728b)  -> (artifact id: '47548fe14fd94cb3f0732cd9accdf364') in 0.002514 seconds
Number of updated asset objects reloaded before import = 0
Number of asset objects unloaded after import = 1
========================================================================
Received Import Request.
  Time since last request: 0.050809 seconds.
  path: Assets/Imagenes/Paletas/Terrain (16x16)_137.asset
  artifactKey: Guid(6812a240cc571bb43b438a91d4e4310f) Importer(815301076,1909f56bfc062723c751e8b465ee728b)
Start importing Assets/Imagenes/Paletas/Terrain (16x16)_137.asset using Guid(6812a240cc571bb43b438a91d4e4310f) Importer(815301076,1909f56bfc062723c751e8b465ee728b)  -> (artifact id: '08268733dbaaa21419b2bc27fbee2db3') in 0.001730 seconds
Number of updated asset objects reloaded before import = 0
Number of asset objects unloaded after import = 1
========================================================================
Received Import Request.
  Time since last request: 0.025257 seconds.
  path: Assets/Imagenes/Paletas/Terrain (16x16)_141.asset
  artifactKey: Guid(5ef8fe0e95a771d46acced356e6d40ec) Importer(815301076,1909f56bfc062723c751e8b465ee728b)
Start importing Assets/Imagenes/Paletas/Terrain (16x16)_141.asset using Guid(5ef8fe0e95a771d46acced356e6d40ec) Importer(815301076,1909f56bfc062723c751e8b465ee728b)  -> (artifact id: 'dc052ff5e883f7712373e6496cef7ebc') in 0.001880 seconds
Number of updated asset objects reloaded before import = 0
Number of asset objects unloaded after import = 1
========================================================================
Received Import Request.
  Time since last request: 0.695454 seconds.
  path: Assets/Imagenes/Paletas/Tronco.asset
  artifactKey: Guid(aa599de27c27aa9448aac792ef32b3ad) Importer(815301076,1909f56bfc062723c751e8b465ee728b)
Start importing Assets/Imagenes/Paletas/Tronco.asset using Guid(aa599de27c27aa9448aac792ef32b3ad) Importer(815301076,1909f56bfc062723c751e8b465ee728b)  -> (artifact id: '3d3cbc9ab529728e8dbbdbd8dad68d80') in 0.004365 seconds
Number of updated asset objects reloaded before import = 0
Number of asset objects unloaded after import = 3
========================================================================
Received Import Request.
  Time since last request: 6.122377 seconds.
  path: Assets/Imagenes/Paletas/Sprites_14.asset
  artifactKey: Guid(89fec2a5bfbb7354fa8017e23dbc9491) Importer(815301076,1909f56bfc062723c751e8b465ee728b)
Start importing Assets/Imagenes/Paletas/Sprites_14.asset using Guid(89fec2a5bfbb7354fa8017e23dbc9491) Importer(815301076,1909f56bfc062723c751e8b465ee728b)  -> (artifact id: '816df0950a7e5a9dc67169214f3c8a95') in 0.005338 seconds
Number of updated asset objects reloaded before import = 0
Number of asset objects unloaded after import = 3
========================================================================
Received Import Request.
  Time since last request: 0.021347 seconds.
  path: Assets/Imagenes/Paletas/Sprites_10.asset
  artifactKey: Guid(40c91d347104d0147b46ffbe6fb01942) Importer(815301076,1909f56bfc062723c751e8b465ee728b)
Start importing Assets/Imagenes/Paletas/Sprites_10.asset using Guid(40c91d347104d0147b46ffbe6fb01942) Importer(815301076,1909f56bfc062723c751e8b465ee728b)  -> (artifact id: 'ae134edd92297d7d7823c0b990c95456') in 0.003533 seconds
Number of updated asset objects reloaded before import = 0
Number of asset objects unloaded after import = 3
========================================================================
Received Import Request.
  Time since last request: 0.246768 seconds.
  path: Assets/Imagenes/Paletas/Sprites_6.asset
  artifactKey: Guid(efc781adac9e30041a5113baf3feda3a) Importer(815301076,1909f56bfc062723c751e8b465ee728b)
Start importing Assets/Imagenes/Paletas/Sprites_6.asset using Guid(efc781adac9e30041a5113baf3feda3a) Importer(815301076,1909f56bfc062723c751e8b465ee728b)  -> (artifact id: '4ec6e97afb0420cbfaeff0b77bf2b0e3') in 0.003465 seconds
Number of updated asset objects reloaded before import = 0
Number of asset objects unloaded after import = 3
========================================================================
Received Import Request.
  Time since last request: 0.000018 seconds.
  path: Assets/Imagenes/Paletas/Sprites_8.asset
  artifactKey: Guid(cbce1835bcf32094d90b6963c483bde3) Importer(815301076,1909f56bfc062723c751e8b465ee728b)
Start importing Assets/Imagenes/Paletas/Sprites_8.asset using Guid(cbce1835bcf32094d90b6963c483bde3) Importer(815301076,1909f56bfc062723c751e8b465ee728b)  -> (artifact id: '2d0f8170cb2ffd54c724300624359f7b') in 0.004137 seconds
Number of updated asset objects reloaded before import = 0
Number of asset objects unloaded after import = 3
========================================================================
Received Import Request.
  Time since last request: 0.015424 seconds.
  path: Assets/Imagenes/Paletas/Sprites_2.asset
  artifactKey: Guid(bd6f66318ede4fe45a3632b12ce7eeda) Importer(815301076,1909f56bfc062723c751e8b465ee728b)
Start importing Assets/Imagenes/Paletas/Sprites_2.asset using Guid(bd6f66318ede4fe45a3632b12ce7eeda) Importer(815301076,1909f56bfc062723c751e8b465ee728b)  -> (artifact id: '54f449e73fbb415ba1a3228a561fcbc3') in 0.003711 seconds
Number of updated asset objects reloaded before import = 0
Number of asset objects unloaded after import = 3
========================================================================
Received Import Request.
  Time since last request: 0.230870 seconds.
  path: Assets/Imagenes/Paletas/Sprites.png
  artifactKey: Guid(e3c8d524b2a667b468892c9fe33d1861) Importer(815301076,1909f56bfc062723c751e8b465ee728b)
Start importing Assets/Imagenes/Paletas/Sprites.png using Guid(e3c8d524b2a667b468892c9fe33d1861) Importer(815301076,1909f56bfc062723c751e8b465ee728b)  -> (artifact id: '518b843175338f7e17ed66542378c8fa') in 0.220297 seconds
Number of updated asset objects reloaded before import = 0
Number of asset objects unloaded after import = 51
========================================================================
Received Import Request.
  Time since last request: 0.000020 seconds.
  path: Assets/Imagenes/Paletas/Nature_props_01_34.asset
  artifactKey: Guid(ebf754f4e158b714b8f16f0f97c4fe20) Importer(815301076,1909f56bfc062723c751e8b465ee728b)
Start importing Assets/Imagenes/Paletas/Nature_props_01_34.asset using Guid(ebf754f4e158b714b8f16f0f97c4fe20) Importer(815301076,1909f56bfc062723c751e8b465ee728b)  -> (artifact id: '1928db8e6ad7f38260d539bd7bf28094') in 0.003043 seconds
Number of updated asset objects reloaded before import = 0
Number of asset objects unloaded after import = 1
========================================================================
Received Import Request.
  Time since last request: 0.000035 seconds.
  path: Assets/Imagenes/Paletas/Nivel1-maite.prefab
  artifactKey: Guid(a04069b428d621046840a30dcc80594e) Importer(815301076,1909f56bfc062723c751e8b465ee728b)
Start importing Assets/Imagenes/Paletas/Nivel1-maite.prefab using Guid(a04069b428d621046840a30dcc80594e) Importer(815301076,1909f56bfc062723c751e8b465ee728b)  -> (artifact id: '4c973e8d95d8bce0d123aeda5f39239c') in 0.037900 seconds
Number of updated asset objects reloaded before import = 0
Number of asset objects unloaded after import = 10
========================================================================
Received Import Request.
  Time since last request: 0.084653 seconds.
  path: Assets/Imagenes/Paletas/Nature_props_01_31.asset
  artifactKey: Guid(f7d926387e863ab41942d11c0bf85843) Importer(815301076,1909f56bfc062723c751e8b465ee728b)
Start importing Assets/Imagenes/Paletas/Nature_props_01_31.asset using Guid(f7d926387e863ab41942d11c0bf85843) Importer(815301076,1909f56bfc062723c751e8b465ee728b)  -> (artifact id: '714dd7c4daefce04301f438b51ca91f7') in 0.003447 seconds
Number of updated asset objects reloaded before import = 0
Number of asset objects unloaded after import = 1
========================================================================
Received Import Request.
  Time since last request: 0.019204 seconds.
  path: Assets/Imagenes/Paletas/Nature_props_01_27.asset
  artifactKey: Guid(c78ea8e617ea4994489ad3dd7813eda7) Importer(815301076,1909f56bfc062723c751e8b465ee728b)
Start importing Assets/Imagenes/Paletas/Nature_props_01_27.asset using Guid(c78ea8e617ea4994489ad3dd7813eda7) Importer(815301076,1909f56bfc062723c751e8b465ee728b)  -> (artifact id: '98b4a04cca7aedc5fd84eca56d2ecd5f') in 0.001827 seconds
Number of updated asset objects reloaded before import = 0
Number of asset objects unloaded after import = 1
========================================================================
Received Import Request.
  Time since last request: 9.874881 seconds.
  path: Assets/Imagenes/Paletas/Nature_props_01_23.asset
  artifactKey: Guid(404f3ebe19c2cf847b0d3efc76a2396a) Importer(815301076,1909f56bfc062723c751e8b465ee728b)
Start importing Assets/Imagenes/Paletas/Nature_props_01_23.asset using Guid(404f3ebe19c2cf847b0d3efc76a2396a) Importer(815301076,1909f56bfc062723c751e8b465ee728b)  -> (artifact id: '69e1d7120db7c9753f77f5a8318933a8') in 0.001765 seconds
Number of updated asset objects reloaded before import = 0
Number of asset objects unloaded after import = 1
========================================================================
Received Import Request.
  Time since last request: 0.016230 seconds.
  path: Assets/Imagenes/Paletas/Nature_props_01_19.asset
  artifactKey: Guid(7791e9f274d6b3442bc518ef9f336a8c) Importer(815301076,1909f56bfc062723c751e8b465ee728b)
Start importing Assets/Imagenes/Paletas/Nature_props_01_19.asset using Guid(7791e9f274d6b3442bc518ef9f336a8c) Importer(815301076,1909f56bfc062723c751e8b465ee728b)  -> (artifact id: 'c49cea7e05e98501b051db3d98e0af4b') in 0.003403 seconds
Number of updated asset objects reloaded before import = 0
Number of asset objects unloaded after import = 1
========================================================================
Received Import Request.
  Time since last request: 0.061543 seconds.
  path: Assets/Imagenes/Paletas/Nature_props_01_15.asset
  artifactKey: Guid(64e4b73b818245b4dac05118dc3d3c3c) Importer(815301076,1909f56bfc062723c751e8b465ee728b)
Start importing Assets/Imagenes/Paletas/Nature_props_01_15.asset using Guid(64e4b73b818245b4dac05118dc3d3c3c) Importer(815301076,1909f56bfc062723c751e8b465ee728b)  -> (artifact id: '6208083eedca8a6a023c4f4647afb2ff') in 0.001705 seconds
Number of updated asset objects reloaded before import = 0
Number of asset objects unloaded after import = 1
========================================================================
Received Import Request.
  Time since last request: 0.064288 seconds.
  path: Assets/Imagenes/Paletas/Nature_props_01_11.asset
  artifactKey: Guid(af529bb17748eaa4fb389d04abd82363) Importer(815301076,1909f56bfc062723c751e8b465ee728b)
Start importing Assets/Imagenes/Paletas/Nature_props_01_11.asset using Guid(af529bb17748eaa4fb389d04abd82363) Importer(815301076,1909f56bfc062723c751e8b465ee728b)  -> (artifact id: 'd82946a0d61720ac8bfe73a517011935') in 0.001720 seconds
Number of updated asset objects reloaded before import = 0
Number of asset objects unloaded after import = 1
========================================================================
Received Import Request.
  Time since last request: 0.057578 seconds.
  path: Assets/Imagenes/Paletas/Nature_props_01_7.asset
  artifactKey: Guid(8dc7befb3fa66a3419a77ff62b0668f8) Importer(815301076,1909f56bfc062723c751e8b465ee728b)
Start importing Assets/Imagenes/Paletas/Nature_props_01_7.asset using Guid(8dc7befb3fa66a3419a77ff62b0668f8) Importer(815301076,1909f56bfc062723c751e8b465ee728b)  -> (artifact id: '0f4204faac26a44e8bb04e344ef1e76b') in 0.001793 seconds
Number of updated asset objects reloaded before import = 0
Number of asset objects unloaded after import = 1
========================================================================
Received Import Request.
  Time since last request: 0.364752 seconds.
  path: Assets/Imagenes/Paletas/Nature_props_01_3.asset
  artifactKey: Guid(a16c42dab19b07c459ec6e0828f75a2d) Importer(815301076,1909f56bfc062723c751e8b465ee728b)
Start importing Assets/Imagenes/Paletas/Nature_props_01_3.asset using Guid(a16c42dab19b07c459ec6e0828f75a2d) Importer(815301076,1909f56bfc062723c751e8b465ee728b)  -> (artifact id: '93d5f44b698fe072f35947b3733df3c4') in 0.001697 seconds
Number of updated asset objects reloaded before import = 0
Number of asset objects unloaded after import = 1
========================================================================
Received Import Request.
  Time since last request: 0.046452 seconds.
  path: Assets/Imagenes/Paletas/nature_environment_01_127.asset
  artifactKey: Guid(7becda6df8f314a4ebf6b9ff4f1bd181) Importer(815301076,1909f56bfc062723c751e8b465ee728b)
Start importing Assets/Imagenes/Paletas/nature_environment_01_127.asset using Guid(7becda6df8f314a4ebf6b9ff4f1bd181) Importer(815301076,1909f56bfc062723c751e8b465ee728b)  -> (artifact id: '66e00e00e2b2ddecf22ec4d685e0b7c9') in 0.001701 seconds
Number of updated asset objects reloaded before import = 0
Number of asset objects unloaded after import = 1
========================================================================
Received Import Request.
  Time since last request: 0.005928 seconds.
  path: Assets/Imagenes/Paletas/Nature_props_01_1.asset
  artifactKey: Guid(b951ad07a9ac25b44a599cbaffc27d6d) Importer(815301076,1909f56bfc062723c751e8b465ee728b)
Start importing Assets/Imagenes/Paletas/Nature_props_01_1.asset using Guid(b951ad07a9ac25b44a599cbaffc27d6d) Importer(815301076,1909f56bfc062723c751e8b465ee728b)  -> (artifact id: 'e825d26708489c626cf3f72e8e5041ef') in 0.001747 seconds
Number of updated asset objects reloaded before import = 0
Number of asset objects unloaded after import = 1
========================================================================
Received Import Request.
  Time since last request: 0.025711 seconds.
  path: Assets/Imagenes/Paletas/nature_environment_01_123.asset
  artifactKey: Guid(4f876e942e619734086e66e18acec397) Importer(815301076,1909f56bfc062723c751e8b465ee728b)
Start importing Assets/Imagenes/Paletas/nature_environment_01_123.asset using Guid(4f876e942e619734086e66e18acec397) Importer(815301076,1909f56bfc062723c751e8b465ee728b)  -> (artifact id: 'ae4e317769646cf1116199dd2d162554') in 0.001830 seconds
Number of updated asset objects reloaded before import = 0
Number of asset objects unloaded after import = 1
========================================================================
Received Import Request.
  Time since last request: 0.039544 seconds.
  path: Assets/Imagenes/Paletas/nature_environment_01_120.asset
  artifactKey: Guid(bcb6787d7b986634f83eab28a05f9ba5) Importer(815301076,1909f56bfc062723c751e8b465ee728b)
Start importing Assets/Imagenes/Paletas/nature_environment_01_120.asset using Guid(bcb6787d7b986634f83eab28a05f9ba5) Importer(815301076,1909f56bfc062723c751e8b465ee728b)  -> (artifact id: 'a00fbf5030de6303406c149fc6e9ecea') in 0.001625 seconds
Number of updated asset objects reloaded before import = 0
Number of asset objects unloaded after import = 1
========================================================================
Received Import Request.
  Time since last request: 0.366213 seconds.
  path: Assets/Imagenes/Paletas/nature_environment_01_115.asset
  artifactKey: Guid(06716276fa7d0a54eb34d92715351c60) Importer(815301076,1909f56bfc062723c751e8b465ee728b)
Start importing Assets/Imagenes/Paletas/nature_environment_01_115.asset using Guid(06716276fa7d0a54eb34d92715351c60) Importer(815301076,1909f56bfc062723c751e8b465ee728b)  -> (artifact id: 'e44825b50b0fb671e11d1d13837da3b4') in 0.001884 seconds
Number of updated asset objects reloaded before import = 0
Number of asset objects unloaded after import = 1
========================================================================
Received Import Request.
  Time since last request: 0.021842 seconds.
  path: Assets/Imagenes/Paletas/nature_environment_01_111.asset
  artifactKey: Guid(1a608491523e3f147a374df92a77734a) Importer(815301076,1909f56bfc062723c751e8b465ee728b)
Start importing Assets/Imagenes/Paletas/nature_environment_01_111.asset using Guid(1a608491523e3f147a374df92a77734a) Importer(815301076,1909f56bfc062723c751e8b465ee728b)  -> (artifact id: '11c3eaebd676024f68da9aaaa732b1fe') in 0.003114 seconds
Number of updated asset objects reloaded before import = 0
Number of asset objects unloaded after import = 1
========================================================================
Received Import Request.
  Time since last request: 0.021809 seconds.
  path: Assets/Imagenes/Paletas/nature_environment_01_107.asset
  artifactKey: Guid(f53e5b74838cabc4eb917fa4b2968157) Importer(815301076,1909f56bfc062723c751e8b465ee728b)
Start importing Assets/Imagenes/Paletas/nature_environment_01_107.asset using Guid(f53e5b74838cabc4eb917fa4b2968157) Importer(815301076,1909f56bfc062723c751e8b465ee728b)  -> (artifact id: '87693b0dd53be159fff304b0ca460bb7') in 0.001740 seconds
Number of updated asset objects reloaded before import = 0
Number of asset objects unloaded after import = 1
========================================================================
Received Import Request.
  Time since last request: 0.000013 seconds.
  path: Assets/Imagenes/Paletas/nature_environment_01_109.asset
  artifactKey: Guid(7b7d0a9bfe44eb549b5d8edca384c7ee) Importer(815301076,1909f56bfc062723c751e8b465ee728b)
Start importing Assets/Imagenes/Paletas/nature_environment_01_109.asset using Guid(7b7d0a9bfe44eb549b5d8edca384c7ee) Importer(815301076,1909f56bfc062723c751e8b465ee728b)  -> (artifact id: 'f2de45af5ca9b4590614a594d77576b9') in 0.001818 seconds
Number of updated asset objects reloaded before import = 0
Number of asset objects unloaded after import = 1
========================================================================
Received Import Request.
  Time since last request: 0.053799 seconds.
  path: Assets/Imagenes/Paletas/nature_environment_01_103.asset
  artifactKey: Guid(88a1e6e02a1475047963f2a98b69e337) Importer(815301076,1909f56bfc062723c751e8b465ee728b)
Start importing Assets/Imagenes/Paletas/nature_environment_01_103.asset using Guid(88a1e6e02a1475047963f2a98b69e337) Importer(815301076,1909f56bfc062723c751e8b465ee728b)  -> (artifact id: '5165976b5fb9d5a65c98e0fa19468630') in 0.001679 seconds
Number of updated asset objects reloaded before import = 0
Number of asset objects unloaded after import = 1
========================================================================
Received Import Request.
  Time since last request: 0.003442 seconds.
  path: Assets/Imagenes/Paletas/nature_environment_01_105.asset
  artifactKey: Guid(d4d6d8879303009439c6eb85e761dc69) Importer(815301076,1909f56bfc062723c751e8b465ee728b)
Start importing Assets/Imagenes/Paletas/nature_environment_01_105.asset using Guid(d4d6d8879303009439c6eb85e761dc69) Importer(815301076,1909f56bfc062723c751e8b465ee728b)  -> (artifact id: '676fb2c53fa2146a20dfa9c415833895') in 0.001481 seconds
Number of updated asset objects reloaded before import = 0
Number of asset objects unloaded after import = 1
========================================================================
Received Import Request.
  Time since last request: 0.031099 seconds.
  path: Assets/Imagenes/Paletas/nature_environment_01_99.asset
  artifactKey: Guid(2a9d73b65fb9fe74ea844c5a37d5058e) Importer(815301076,1909f56bfc062723c751e8b465ee728b)
Start importing Assets/Imagenes/Paletas/nature_environment_01_99.asset using Guid(2a9d73b65fb9fe74ea844c5a37d5058e) Importer(815301076,1909f56bfc062723c751e8b465ee728b)  -> (artifact id: '905ef2aae1724934c83a7f3a9aa84707') in 0.002099 seconds
Number of updated asset objects reloaded before import = 0
Number of asset objects unloaded after import = 1
========================================================================
Received Import Request.
  Time since last request: 0.008702 seconds.
  path: Assets/Imagenes/Paletas/nature_environment_01_101.asset
  artifactKey: Guid(fe1e6bbd739e3c34b864af44920ac8d2) Importer(815301076,1909f56bfc062723c751e8b465ee728b)
Start importing Assets/Imagenes/Paletas/nature_environment_01_101.asset using Guid(fe1e6bbd739e3c34b864af44920ac8d2) Importer(815301076,1909f56bfc062723c751e8b465ee728b)  -> (artifact id: 'c1ca11315a5456ff09dd0d8dcb67eb27') in 0.001577 seconds
Number of updated asset objects reloaded before import = 0
Number of asset objects unloaded after import = 1
========================================================================
Received Import Request.
  Time since last request: 0.329767 seconds.
  path: Assets/Imagenes/Paletas/nature_environment_01_95.asset
  artifactKey: Guid(e80b4de3f6520e54587fa5cc5db17784) Importer(815301076,1909f56bfc062723c751e8b465ee728b)
Start importing Assets/Imagenes/Paletas/nature_environment_01_95.asset using Guid(e80b4de3f6520e54587fa5cc5db17784) Importer(815301076,1909f56bfc062723c751e8b465ee728b)  -> (artifact id: 'b4cc806357c8041bbbef6186b2131c39') in 0.001819 seconds
Number of updated asset objects reloaded before import = 0
Number of asset objects unloaded after import = 1
========================================================================
Received Import Request.
  Time since last request: 0.011548 seconds.
  path: Assets/Imagenes/Paletas/nature_environment_01_91.asset
  artifactKey: Guid(73d38ecdd548b7342a42333f6e84fefd) Importer(815301076,1909f56bfc062723c751e8b465ee728b)
Start importing Assets/Imagenes/Paletas/nature_environment_01_91.asset using Guid(73d38ecdd548b7342a42333f6e84fefd) Importer(815301076,1909f56bfc062723c751e8b465ee728b)  -> (artifact id: '23563bd449cdc0059e4617c87a203fc9') in 0.001676 seconds
Number of updated asset objects reloaded before import = 0
Number of asset objects unloaded after import = 1
========================================================================
Received Import Request.
  Time since last request: 0.028926 seconds.
  path: Assets/Imagenes/Paletas/nature_environment_01_87.asset
  artifactKey: Guid(e737597ad98708645a58efb96caac733) Importer(815301076,1909f56bfc062723c751e8b465ee728b)
Start importing Assets/Imagenes/Paletas/nature_environment_01_87.asset using Guid(e737597ad98708645a58efb96caac733) Importer(815301076,1909f56bfc062723c751e8b465ee728b)  -> (artifact id: '1c174515fa9b670161e87a109338f2ba') in 0.001748 seconds
Number of updated asset objects reloaded before import = 0
Number of asset objects unloaded after import = 1
========================================================================
Received Import Request.
  Time since last request: 0.022956 seconds.
  path: Assets/Imagenes/Paletas/nature_environment_01_83.asset
  artifactKey: Guid(838f1846693124047adba12f8744ce30) Importer(815301076,1909f56bfc062723c751e8b465ee728b)
Start importing Assets/Imagenes/Paletas/nature_environment_01_83.asset using Guid(838f1846693124047adba12f8744ce30) Importer(815301076,1909f56bfc062723c751e8b465ee728b)  -> (artifact id: '1e2299b4dc8a43423e4e8d062a45d690') in 0.001732 seconds
Number of updated asset objects reloaded before import = 0
Number of asset objects unloaded after import = 1
========================================================================
Received Import Request.
  Time since last request: 0.445790 seconds.
  path: Assets/Imagenes/Paletas/nature_environment_01_79.asset
  artifactKey: Guid(73de9a4e87128fe42b98090e5428990d) Importer(815301076,1909f56bfc062723c751e8b465ee728b)
Start importing Assets/Imagenes/Paletas/nature_environment_01_79.asset using Guid(73de9a4e87128fe42b98090e5428990d) Importer(815301076,1909f56bfc062723c751e8b465ee728b)  -> (artifact id: 'e0cef16afe8dc95b9d41b79b973ba322') in 0.002191 seconds
Number of updated asset objects reloaded before import = 0
Number of asset objects unloaded after import = 1
========================================================================
Received Import Request.
  Time since last request: 0.033779 seconds.
  path: Assets/Imagenes/Paletas/nature_environment_01_75.asset
  artifactKey: Guid(6491b37560b3e98419fff04ecea22e41) Importer(815301076,1909f56bfc062723c751e8b465ee728b)
Start importing Assets/Imagenes/Paletas/nature_environment_01_75.asset using Guid(6491b37560b3e98419fff04ecea22e41) Importer(815301076,1909f56bfc062723c751e8b465ee728b)  -> (artifact id: 'd11afc2e8c310ccc74fb5b55801522d7') in 0.001919 seconds
Number of updated asset objects reloaded before import = 0
Number of asset objects unloaded after import = 1
Editor requested this worker to shutdown with reason: Scaling down because of idle timeout
TcpMessagingSession - receive error: operation aborted. errorcode: 995, details: La operacin de E/S se anul por una salida de subproceso o por una solicitud de aplicacin.
AssetImportWorker is now disconnected from the server
Process exiting
Exiting without the bug reporter. Application will terminate with return code 0