Using pre-set license
Built from '2022.3/staging' branch; Version is '2022.3.19f1 (244b723c30a6) revision 2378610'; Using compiler version '192829333'; Build Type 'Release'
OS: 'Windows 10  (10.0.19045) 64bit Professional' Language: 'es' Physical Memory: 15742 MB
BatchMode: 1, IsHumanControllingUs: 0, StartBugReporterOnCrash: 0, Is64bit: 1, IsPro: 1

COMMAND LINE ARGUMENTS:
C:\Program Files\Unity\Hub\Editor\2022.3.19f1\Editor\Unity.exe
-adb2
-batchMode
-noUpm
-name
AssetImportWorker3
-projectPath
D:/GitHub/PinchoBros2D/PinchoBros2D
-logFile
Logs/AssetImportWorker3.log
-srvPort
51619
Successfully changed project path to: D:/GitHub/PinchoBros2D/PinchoBros2D
D:/GitHub/PinchoBros2D/PinchoBros2D
[UnityMemory] Configuration Parameters - Can be set up in boot.config
    "memorysetup-bucket-allocator-granularity=16"
    "memorysetup-bucket-allocator-bucket-count=8"
    "memorysetup-bucket-allocator-block-size=33554432"
    "memorysetup-bucket-allocator-block-count=8"
    "memorysetup-main-allocator-block-size=16777216"
    "memorysetup-thread-allocator-block-size=16777216"
    "memorysetup-gfx-main-allocator-block-size=16777216"
    "memorysetup-gfx-thread-allocator-block-size=16777216"
    "memorysetup-cache-allocator-block-size=4194304"
    "memorysetup-typetree-allocator-block-size=2097152"
    "memorysetup-profiler-bucket-allocator-granularity=16"
    "memorysetup-profiler-bucket-allocator-bucket-count=8"
    "memorysetup-profiler-bucket-allocator-block-size=33554432"
    "memorysetup-profiler-bucket-allocator-block-count=8"
    "memorysetup-profiler-allocator-block-size=16777216"
    "memorysetup-profiler-editor-allocator-block-size=1048576"
    "memorysetup-temp-allocator-size-main=16777216"
    "memorysetup-job-temp-allocator-block-size=2097152"
    "memorysetup-job-temp-allocator-block-size-background=1048576"
    "memorysetup-job-temp-allocator-reduction-small-platforms=262144"
    "memorysetup-allocator-temp-initial-block-size-main=262144"
    "memorysetup-allocator-temp-initial-block-size-worker=262144"
    "memorysetup-temp-allocator-size-background-worker=32768"
    "memorysetup-temp-allocator-size-job-worker=262144"
    "memorysetup-temp-allocator-size-preload-manager=33554432"
    "memorysetup-temp-allocator-size-nav-mesh-worker=65536"
    "memorysetup-temp-allocator-size-audio-worker=65536"
    "memorysetup-temp-allocator-size-cloud-worker=32768"
    "memorysetup-temp-allocator-size-gi-baking-worker=262144"
    "memorysetup-temp-allocator-size-gfx=262144"
Player connection [1120] Host "[IP] 172.17.17.156 [Port] 0 [Flags] 2 [Guid] 3060968995 [EditorId] 3060968995 [Version] 1048832 [Id] WindowsEditor(7,PC-Impre3D2) [Debug] 1 [PackageName] WindowsEditor [ProjectName] Editor" joined multi-casting on [225.0.0.222:54997]...

Player connection [1120] Host "[IP] 172.17.17.156 [Port] 0 [Flags] 2 [Guid] 3060968995 [EditorId] 3060968995 [Version] 1048832 [Id] WindowsEditor(7,PC-Impre3D2) [Debug] 1 [PackageName] WindowsEditor [ProjectName] Editor" joined alternative multi-casting on [225.0.0.222:34997]...

[Physics::Module] Initialized MultithreadedJobDispatcher with 11 workers.
Refreshing native plugins compatible for Editor in 12.05 ms, found 4 plugins.
Preloading 0 native plugins for Editor in 0.00 ms.
Initialize engine version: 2022.3.19f1 (244b723c30a6)
[Subsystems] Discovering subsystems at path C:/Program Files/Unity/Hub/Editor/2022.3.19f1/Editor/Data/Resources/UnitySubsystems
[Subsystems] Discovering subsystems at path D:/GitHub/PinchoBros2D/PinchoBros2D/Assets
GfxDevice: creating device client; threaded=0; jobified=0
Direct3D:
    Version:  Direct3D 11.0 [level 11.1]
    Renderer: NVIDIA GeForce RTX 3080 (ID=0x2216)
    Vendor:   NVIDIA
    VRAM:     10053 MB
    Driver:   32.0.15.6109
Initialize mono
Mono path[0] = 'C:/Program Files/Unity/Hub/Editor/2022.3.19f1/Editor/Data/Managed'
Mono path[1] = 'C:/Program Files/Unity/Hub/Editor/2022.3.19f1/Editor/Data/MonoBleedingEdge/lib/mono/unityjit-win32'
Mono config path = 'C:/Program Files/Unity/Hub/Editor/2022.3.19f1/Editor/Data/MonoBleedingEdge/etc'
Using monoOptions --debugger-agent=transport=dt_socket,embedding=1,server=y,suspend=n,address=127.0.0.1:56128
Begin MonoManager ReloadAssembly
Registering precompiled unity dll's ...
Register platform support module: C:/Program Files/Unity/Hub/Editor/2022.3.19f1/Editor/Data/PlaybackEngines/WebGLSupport/UnityEditor.WebGL.Extensions.dll
Register platform support module: C:/Program Files/Unity/Hub/Editor/2022.3.19f1/Editor/Data/PlaybackEngines/AndroidPlayer/UnityEditor.Android.Extensions.dll
Register platform support module: C:/Program Files/Unity/Hub/Editor/2022.3.19f1/Editor/Data/PlaybackEngines/WindowsStandaloneSupport/UnityEditor.WindowsStandalone.Extensions.dll
Registered in 0.013000 seconds.
- Loaded All Assemblies, in  0.305 seconds
Native extension for WindowsStandalone target not found
Native extension for Android target not found
Android Extension - Scanning For ADB Devices 290 ms
Native extension for WebGL target not found
Mono: successfully reloaded assembly
- Finished resetting the current domain, in  0.566 seconds
Domain Reload Profiling: 869ms
	BeginReloadAssembly (93ms)
		ExecutionOrderSort (0ms)
		DisableScriptedObjects (0ms)
		BackupInstance (0ms)
		ReleaseScriptingObjects (0ms)
		CreateAndSetChildDomain (1ms)
	RebuildCommonClasses (27ms)
	RebuildNativeTypeToScriptingClass (8ms)
	initialDomainReloadingComplete (58ms)
	LoadAllAssembliesAndSetupDomain (115ms)
		LoadAssemblies (92ms)
		RebuildTransferFunctionScriptingTraits (0ms)
		AnalyzeDomain (113ms)
			TypeCache.Refresh (112ms)
				TypeCache.ScanAssembly (101ms)
			ScanForSourceGeneratedMonoScriptInfo (0ms)
			ResolveRequiredComponents (0ms)
	FinalizeReload (567ms)
		ReleaseScriptCaches (0ms)
		RebuildScriptCaches (0ms)
		SetupLoadedEditorAssemblies (520ms)
			LogAssemblyErrors (0ms)
			InitializePlatformSupportModulesInManaged (381ms)
			SetLoadedEditorAssemblies (3ms)
			RefreshPlugins (0ms)
			BeforeProcessingInitializeOnLoad (2ms)
			ProcessInitializeOnLoadAttributes (98ms)
			ProcessInitializeOnLoadMethodAttributes (36ms)
			AfterProcessingInitializeOnLoad (0ms)
			EditorAssembliesLoaded (0ms)
		ExecutionOrderSort2 (0ms)
		AwakeInstancesAfterBackupRestoration (0ms)
========================================================================
Worker process is ready to serve import requests
Begin MonoManager ReloadAssembly
- Loaded All Assemblies, in  0.559 seconds
Refreshing native plugins compatible for Editor in 4.44 ms, found 4 plugins.
Native extension for WindowsStandalone target not found
Native extension for Android target not found
Native extension for WebGL target not found
Package Manager log level set to [2]
[Package Manager] Server::EnsureServerProcessIsRunning -- launch failed, reason: Unity was launched with the -noUpm command-line argument
[Package Manager] UpmClient::Send -- Unable to send message (not connected to UPM process).
[Package Manager] Cannot connect to Unity Package Manager local server
Mono: successfully reloaded assembly
- Finished resetting the current domain, in  0.553 seconds
Domain Reload Profiling: 1110ms
	BeginReloadAssembly (131ms)
		ExecutionOrderSort (0ms)
		DisableScriptedObjects (5ms)
		BackupInstance (0ms)
		ReleaseScriptingObjects (0ms)
		CreateAndSetChildDomain (19ms)
	RebuildCommonClasses (27ms)
	RebuildNativeTypeToScriptingClass (8ms)
	initialDomainReloadingComplete (42ms)
	LoadAllAssembliesAndSetupDomain (348ms)
		LoadAssemblies (280ms)
		RebuildTransferFunctionScriptingTraits (0ms)
		AnalyzeDomain (147ms)
			TypeCache.Refresh (124ms)
				TypeCache.ScanAssembly (110ms)
			ScanForSourceGeneratedMonoScriptInfo (17ms)
			ResolveRequiredComponents (5ms)
	FinalizeReload (553ms)
		ReleaseScriptCaches (0ms)
		RebuildScriptCaches (0ms)
		SetupLoadedEditorAssemblies (422ms)
			LogAssemblyErrors (0ms)
			InitializePlatformSupportModulesInManaged (24ms)
			SetLoadedEditorAssemblies (3ms)
			RefreshPlugins (0ms)
			BeforeProcessingInitializeOnLoad (63ms)
			ProcessInitializeOnLoadAttributes (292ms)
			ProcessInitializeOnLoadMethodAttributes (30ms)
			AfterProcessingInitializeOnLoad (9ms)
			EditorAssembliesLoaded (0ms)
		ExecutionOrderSort2 (0ms)
		AwakeInstancesAfterBackupRestoration (5ms)
Launched and connected shader compiler UnityShaderCompiler.exe after 0.04 seconds
Refreshing native plugins compatible for Editor in 3.98 ms, found 4 plugins.
Preloading 0 native plugins for Editor in 0.00 ms.
Unloading 4204 Unused Serialized files (Serialized files now loaded: 0)
Unloading 83 unused Assets / (316.5 KB). Loaded Objects now: 4663.
Memory consumption went from 154.3 MB to 154.0 MB.
Total: 3.242600 ms (FindLiveObjects: 0.283700 ms CreateObjectMapping: 0.244600 ms MarkObjects: 2.486500 ms  DeleteObjects: 0.227000 ms)

AssetImportParameters requested are different than current active one (requested -> active):
  custom:container-demuxer-ogg: 62fdf1f143b41e24485cea50d1cbac27 -> 
  custom:video-decoder-ogg-theora: a1e56fd34408186e4bbccfd4996cb3dc -> 
  custom:framework-win-MediaFoundation: 216162199b28c13a410421893ffa2e32 -> 
  custom:CustomObjectIndexerAttribute: 6d391050e5a25f67b0a2c618074f2cd9 -> 
  custom:container-demuxer-webm: 4f35f7cbe854078d1ac9338744f61a02 -> 
  custom:container-muxer-webm: aa71ff27fc2769a1b78a27578f13a17b -> 
  custom:video-decoder-webm-vp8: 9c59270c3fd7afecdb556c50c9e8de78 -> 
  custom:SearchIndexIgnoredProperties: e643bd26f0fe6173181afceb89e7c659 -> 
  custom:AudioImporter_EditorPlatform: d09bf68614088b80899f8185d706f6e7 -> 
  custom:video-encoder-webm-vp8: eb34c28f22e8b96e1ab97ce403110664 -> 
  custom:audio-decoder-ogg-vorbis: bf7c407c2cedff20999df2af8eb42d56 -> 
  custom:audio-encoder-webm-vorbis: bf7c407c2cedff20999df2af8eb42d56 -> 
========================================================================
Received Import Request.
  Time since last request: 3906.707774 seconds.
  path: Assets/Imagenes/Gota de agua/gota pixel_00027.png
  artifactKey: Guid(c1398debfd23db9449fcfa0ca5d775fa) Importer(815301076,1909f56bfc062723c751e8b465ee728b)
Start importing Assets/Imagenes/Gota de agua/gota pixel_00027.png using Guid(c1398debfd23db9449fcfa0ca5d775fa) Importer(815301076,1909f56bfc062723c751e8b465ee728b)  -> (artifact id: '4a7840c391b43af2db9b433853f61b33') in 0.084228 seconds
Number of updated asset objects reloaded before import = 0
Number of asset objects unloaded after import = 3
========================================================================
Received Import Request.
  Time since last request: 0.000027 seconds.
  path: Assets/Imagenes/Gota de agua/gota pixel_00035.png
  artifactKey: Guid(afdb929028c919a4b95804d218f53956) Importer(815301076,1909f56bfc062723c751e8b465ee728b)
Start importing Assets/Imagenes/Gota de agua/gota pixel_00035.png using Guid(afdb929028c919a4b95804d218f53956) Importer(815301076,1909f56bfc062723c751e8b465ee728b)  -> (artifact id: 'f25fccb95917fdd149a456552ea22f98') in 0.024629 seconds
Number of updated asset objects reloaded before import = 0
Number of asset objects unloaded after import = 3
========================================================================
Received Import Request.
  Time since last request: 0.000024 seconds.
  path: Assets/Imagenes/Gota de agua/gota pixel_00031.png
  artifactKey: Guid(a57d75bc13200a64daa1e94210fc6b4c) Importer(815301076,1909f56bfc062723c751e8b465ee728b)
Start importing Assets/Imagenes/Gota de agua/gota pixel_00031.png using Guid(a57d75bc13200a64daa1e94210fc6b4c) Importer(815301076,1909f56bfc062723c751e8b465ee728b)  -> (artifact id: '2bdf075a06043746514ed50bd189030e') in 0.022601 seconds
Number of updated asset objects reloaded before import = 0
Number of asset objects unloaded after import = 3
========================================================================
Received Import Request.
  Time since last request: 0.288209 seconds.
  path: Assets/Imagenes/Gota de agua/gota pixel_00039.png
  artifactKey: Guid(bf1bf7f3d7d193743847db454f390e51) Importer(815301076,1909f56bfc062723c751e8b465ee728b)
Start importing Assets/Imagenes/Gota de agua/gota pixel_00039.png using Guid(bf1bf7f3d7d193743847db454f390e51) Importer(815301076,1909f56bfc062723c751e8b465ee728b)  -> (artifact id: '06b74fb4b861f41b9e7d97fcc5b75e82') in 0.022254 seconds
Number of updated asset objects reloaded before import = 0
Number of asset objects unloaded after import = 3
========================================================================
Received Import Request.
  Time since last request: 0.000015 seconds.
  path: Assets/Imagenes/Gota de agua/gota pixel_00040.png
  artifactKey: Guid(dd95818ce36995f47a757871c5a03e1b) Importer(815301076,1909f56bfc062723c751e8b465ee728b)
Start importing Assets/Imagenes/Gota de agua/gota pixel_00040.png using Guid(dd95818ce36995f47a757871c5a03e1b) Importer(815301076,1909f56bfc062723c751e8b465ee728b)  -> (artifact id: '4a180c793f510294a60d15deec9fed09') in 0.024740 seconds
Number of updated asset objects reloaded before import = 0
Number of asset objects unloaded after import = 3
========================================================================
Received Import Request.
  Time since last request: 0.000017 seconds.
  path: Assets/Imagenes/Gota de agua/gota pixel_00043.png
  artifactKey: Guid(f5245af2e7abccd4ea4531a68415f7cc) Importer(815301076,1909f56bfc062723c751e8b465ee728b)
Start importing Assets/Imagenes/Gota de agua/gota pixel_00043.png using Guid(f5245af2e7abccd4ea4531a68415f7cc) Importer(815301076,1909f56bfc062723c751e8b465ee728b)  -> (artifact id: 'eb1af4f1942fb6fa1bf1be698cfc129e') in 0.024531 seconds
Number of updated asset objects reloaded before import = 0
Number of asset objects unloaded after import = 3
========================================================================
Received Import Request.
  Time since last request: 0.000019 seconds.
  path: Assets/Imagenes/Gota de agua/gota pixel_00047.png
  artifactKey: Guid(b8064d651f4901a409e6dd7fe27d7848) Importer(815301076,1909f56bfc062723c751e8b465ee728b)
Start importing Assets/Imagenes/Gota de agua/gota pixel_00047.png using Guid(b8064d651f4901a409e6dd7fe27d7848) Importer(815301076,1909f56bfc062723c751e8b465ee728b)  -> (artifact id: 'd6f87da77f202ecc2d8198486a3b8c79') in 0.024009 seconds
Number of updated asset objects reloaded before import = 0
Number of asset objects unloaded after import = 3
========================================================================
Received Import Request.
  Time since last request: 0.000017 seconds.
  path: Assets/Imagenes/Gota de agua/gota pixel_00051.png
  artifactKey: Guid(14d430e7d93d4504ca741a51e6e2dbac) Importer(815301076,1909f56bfc062723c751e8b465ee728b)
Start importing Assets/Imagenes/Gota de agua/gota pixel_00051.png using Guid(14d430e7d93d4504ca741a51e6e2dbac) Importer(815301076,1909f56bfc062723c751e8b465ee728b)  -> (artifact id: '9cf0cf9c537cd84964b26dd0912c0a3b') in 0.024213 seconds
Number of updated asset objects reloaded before import = 0
Number of asset objects unloaded after import = 3
========================================================================
Received Import Request.
  Time since last request: 0.000019 seconds.
  path: Assets/Imagenes/Gota de agua/gota pixel_00053.png
  artifactKey: Guid(9f1c51c7b449ec1429c445db113da41f) Importer(815301076,1909f56bfc062723c751e8b465ee728b)
Start importing Assets/Imagenes/Gota de agua/gota pixel_00053.png using Guid(9f1c51c7b449ec1429c445db113da41f) Importer(815301076,1909f56bfc062723c751e8b465ee728b)  -> (artifact id: '5c4df89572c881fbf3a404509d9c4aac') in 0.023884 seconds
Number of updated asset objects reloaded before import = 0
Number of asset objects unloaded after import = 3
========================================================================
Received Import Request.
  Time since last request: 0.000024 seconds.
  path: Assets/Imagenes/Gota de agua/gota pixel_00060.png
  artifactKey: Guid(6817b8204af88984ea2b05bff660eef1) Importer(815301076,1909f56bfc062723c751e8b465ee728b)
Start importing Assets/Imagenes/Gota de agua/gota pixel_00060.png using Guid(6817b8204af88984ea2b05bff660eef1) Importer(815301076,1909f56bfc062723c751e8b465ee728b)  -> (artifact id: '533e56856653afb8ddfb78faed8b533d') in 0.023487 seconds
Number of updated asset objects reloaded before import = 0
Number of asset objects unloaded after import = 3
========================================================================
Received Import Request.
  Time since last request: 0.000017 seconds.
  path: Assets/Imagenes/Gota de agua/gota pixel_00055.png
  artifactKey: Guid(68d08c9501ad9df489ab93520f8dc183) Importer(815301076,1909f56bfc062723c751e8b465ee728b)
Start importing Assets/Imagenes/Gota de agua/gota pixel_00055.png using Guid(68d08c9501ad9df489ab93520f8dc183) Importer(815301076,1909f56bfc062723c751e8b465ee728b)  -> (artifact id: '1c624f05bae90e0e39695adab549b719') in 0.026242 seconds
Number of updated asset objects reloaded before import = 0
Number of asset objects unloaded after import = 3
========================================================================
Received Import Request.
  Time since last request: 0.295871 seconds.
  path: Assets/Imagenes/Gota de agua/gota pixel_00063.png
  artifactKey: Guid(44d7493f76486f14bab7f70a597c7bdc) Importer(815301076,1909f56bfc062723c751e8b465ee728b)
Start importing Assets/Imagenes/Gota de agua/gota pixel_00063.png using Guid(44d7493f76486f14bab7f70a597c7bdc) Importer(815301076,1909f56bfc062723c751e8b465ee728b)  -> (artifact id: 'c3941b5612c5880b7dd7d920a89e7747') in 0.022201 seconds
Number of updated asset objects reloaded before import = 0
Number of asset objects unloaded after import = 3
========================================================================
Received Import Request.
  Time since last request: 0.000019 seconds.
  path: Assets/Imagenes/Gota de agua/gota pixel_00064.png
  artifactKey: Guid(42a56f87a38ccd8469fd0b971de32e41) Importer(815301076,1909f56bfc062723c751e8b465ee728b)
Start importing Assets/Imagenes/Gota de agua/gota pixel_00064.png using Guid(42a56f87a38ccd8469fd0b971de32e41) Importer(815301076,1909f56bfc062723c751e8b465ee728b)  -> (artifact id: 'd811cff4e759e6e55122ffbc1e70eafb') in 0.020800 seconds
Number of updated asset objects reloaded before import = 0
Number of asset objects unloaded after import = 3
========================================================================
Received Import Request.
  Time since last request: 0.000014 seconds.
  path: Assets/Imagenes/Gota de agua/gota pixel_00068.png
  artifactKey: Guid(b5f29e54994e65f4aa3627383957389d) Importer(815301076,1909f56bfc062723c751e8b465ee728b)
Start importing Assets/Imagenes/Gota de agua/gota pixel_00068.png using Guid(b5f29e54994e65f4aa3627383957389d) Importer(815301076,1909f56bfc062723c751e8b465ee728b)  -> (artifact id: '84440d3f5f5ed9edddfa27a33b641614') in 0.024930 seconds
Number of updated asset objects reloaded before import = 0
Number of asset objects unloaded after import = 3
========================================================================
Received Import Request.
  Time since last request: 0.004064 seconds.
  path: Assets/Imagenes/Gota de agua/gota pixel_00070.png
  artifactKey: Guid(cb99c7284ff2eab47a93f8617c90715a) Importer(815301076,1909f56bfc062723c751e8b465ee728b)
Start importing Assets/Imagenes/Gota de agua/gota pixel_00070.png using Guid(cb99c7284ff2eab47a93f8617c90715a) Importer(815301076,1909f56bfc062723c751e8b465ee728b)  -> (artifact id: '71e77712aaf1d87fb436ad1e55ff0f6b') in 0.023713 seconds
Number of updated asset objects reloaded before import = 0
Number of asset objects unloaded after import = 3
========================================================================
Received Import Request.
  Time since last request: 0.000017 seconds.
  path: Assets/Imagenes/Gota de agua/gota pixel_00071.png
  artifactKey: Guid(c053e6cdb020ba24b9698c32dd83e317) Importer(815301076,1909f56bfc062723c751e8b465ee728b)
Start importing Assets/Imagenes/Gota de agua/gota pixel_00071.png using Guid(c053e6cdb020ba24b9698c32dd83e317) Importer(815301076,1909f56bfc062723c751e8b465ee728b)  -> (artifact id: '483debf4ce58f58a4c8b0f7f24dea893') in 0.024152 seconds
Number of updated asset objects reloaded before import = 0
Number of asset objects unloaded after import = 3
========================================================================
Received Import Request.
  Time since last request: 0.010972 seconds.
  path: Assets/Imagenes/Gota de agua/gota pixel_00075.png
  artifactKey: Guid(ee20112852994bf4a8a7da2ee99285cd) Importer(815301076,1909f56bfc062723c751e8b465ee728b)
Start importing Assets/Imagenes/Gota de agua/gota pixel_00075.png using Guid(ee20112852994bf4a8a7da2ee99285cd) Importer(815301076,1909f56bfc062723c751e8b465ee728b)  -> (artifact id: '3b409199a65bb2ccc47a101bd0f93648') in 0.022296 seconds
Number of updated asset objects reloaded before import = 0
Number of asset objects unloaded after import = 3
Editor requested this worker to shutdown with reason: Scaling down because of idle timeout
TcpMessagingSession - receive error: operation aborted. errorcode: 995, details: La operación de E/S se anuló por una salida de subproceso o por una solicitud de aplicación.
AssetImportWorker is now disconnected from the server
Process exiting
Exiting without the bug reporter. Application will terminate with return code 0